[0.000000] (-) TimerEvent: {}
[0.000386] (microxrcedds_agent) JobQueued: {'identifier': 'microxrcedds_agent', 'dependencies': OrderedDict()}
[0.000432] (my_drone_simulation) JobQueued: {'identifier': 'my_drone_simulation', 'dependencies': OrderedDict()}
[0.000472] (my_robot_description) JobQueued: {'identifier': 'my_robot_description', 'dependencies': OrderedDict()}
[0.000544] (px4) JobQueued: {'identifier': 'px4', 'dependencies': OrderedDict()}
[0.000568] (px4_msgs) JobQueued: {'identifier': 'px4_msgs', 'dependencies': OrderedDict()}
[0.000596] (px4_ros_com) JobQueued: {'identifier': 'px4_ros_com', 'dependencies': OrderedDict([('px4_msgs', '/home/inlab22/Documents/automated_planogram_compliance-1/simulations/install/px4_msgs')])}
[0.000628] (px4_msgs) JobStarted: {'identifier': 'px4_msgs'}
[0.005879] (microxrcedds_agent) JobStarted: {'identifier': 'microxrcedds_agent'}
[0.008639] (my_drone_simulation) JobStarted: {'identifier': 'my_drone_simulation'}
[0.012860] (my_robot_description) JobStarted: {'identifier': 'my_robot_description'}
[0.015462] (px4) JobStarted: {'identifier': 'px4'}
[0.019519] (px4_msgs) JobProgress: {'identifier': 'px4_msgs', 'progress': 'cmake'}
[0.019960] (px4_msgs) JobProgress: {'identifier': 'px4_msgs', 'progress': 'build'}
[0.020589] (px4_msgs) Command: {'cmd': ['/usr/bin/cmake', '--build', '/home/inlab22/Documents/automated_planogram_compliance-1/simulations/build/px4_msgs', '--', '-j24', '-l24'], 'cwd': '/home/inlab22/Documents/automated_planogram_compliance-1/simulations/build/px4_msgs', 'env': OrderedDict([('LESSOPEN', '| /usr/bin/lesspipe %s'), ('GZ_SIM_RESOURCE_PATH', '/home/inlab22/Documents/automated_planogram_compliance-1/simulations/PX4-Autopilot/Tools/simulation/gz/models'), ('LANGUAGE', 'en_IN:en'), ('USER', 'inlab22'), ('XDG_SESSION_TYPE', 'x11'), ('SHLVL', '1'), ('LD_LIBRARY_PATH', '/opt/ros/humble/opt/rviz_ogre_vendor/lib:/opt/ros/humble/lib/x86_64-linux-gnu:/opt/ros/humble/lib'), ('HOME', '/home/inlab22'), ('OLDPWD', '/home/inlab22/Documents/automated_planogram_compliance-1'), ('DESKTOP_SESSION', 'ubuntu'), ('ROS_PYTHON_VERSION', '3'), ('GNOME_SHELL_SESSION_MODE', 'ubuntu'), ('GTK_MODULES', 'gail:atk-bridge'), ('PS1', '(.venv) \\[\\e]0;\\u@\\h: \\w\\a\\]${debian_chroot:+($debian_chroot)}\\[\\033[01;32m\\]\\u@\\h\\[\\033[00m\\]:\\[\\033[01;34m\\]\\w\\[\\033[00m\\]\\$'), ('SYSTEMD_EXEC_PID', '455231'), ('DBUS_SESSION_BUS_ADDRESS', 'unix:path=/run/user/1000/bus'), ('COLORTERM', 'truecolor'), ('COLCON_PREFIX_PATH', '/home/inlab22/Documents/automated_planogram_compliance-1/install'), ('ROS_DISTRO', 'humble'), ('GTK_IM_MODULE', 'ibus'), ('LOGNAME', 'inlab22'), ('_', '/usr/bin/colcon'), ('ROS_VERSION', '2'), ('XDG_SESSION_CLASS', 'user'), ('USERNAME', 'inlab22'), ('TERM', 'xterm-256color'), ('GNOME_DESKTOP_SESSION_ID', 'this-is-deprecated'), ('ROS_LOCALHOST_ONLY', '0'), ('WINDOWPATH', '2'), ('PATH', '/home/inlab22/Documents/automated_planogram_compliance-1/.venv/bin:/opt/ros/humble/bin:/usr/local/sbin:/usr/local/bin:/usr/sbin:/usr/bin:/sbin:/bin:/usr/games:/usr/local/games:/snap/bin:/snap/bin'), ('SESSION_MANAGER', 'local/inlab1050:@/tmp/.ICE-unix/1792,unix/inlab1050:/tmp/.ICE-unix/1792'), ('XDG_MENU_PREFIX', 'gnome-'), ('GNOME_TERMINAL_SCREEN', '/org/gnome/Terminal/screen/0da93285_f55d_44b2_b5e1_e2f9f5ea768d'), ('XDG_RUNTIME_DIR', '/run/user/1000'), ('DISPLAY', ':1'), ('LANG', 'en_IN'), ('XDG_CURRENT_DESKTOP', 'ubuntu:GNOME'), ('VIRTUAL_ENV_PROMPT', '(.venv)'), ('XMODIFIERS', '@im=ibus'), ('XDG_SESSION_DESKTOP', 'ubuntu'), ('XAUTHORITY', '/run/user/1000/gdm/Xauthority'), ('LS_COLORS', 'rs=0:di=01;34:ln=01;36:mh=00:pi=40;33:so=01;35:do=01;35:bd=40;33;01:cd=40;33;01:or=40;31;01:mi=00:su=37;41:sg=30;43:ca=30;41:tw=30;42:ow=34;42:st=37;44:ex=01;32:*.tar=01;31:*.tgz=01;31:*.arc=01;31:*.arj=01;31:*.taz=01;31:*.lha=01;31:*.lz4=01;31:*.lzh=01;31:*.lzma=01;31:*.tlz=01;31:*.txz=01;31:*.tzo=01;31:*.t7z=01;31:*.zip=01;31:*.z=01;31:*.dz=01;31:*.gz=01;31:*.lrz=01;31:*.lz=01;31:*.lzo=01;31:*.xz=01;31:*.zst=01;31:*.tzst=01;31:*.bz2=01;31:*.bz=01;31:*.tbz=01;31:*.tbz2=01;31:*.tz=01;31:*.deb=01;31:*.rpm=01;31:*.jar=01;31:*.war=01;31:*.ear=01;31:*.sar=01;31:*.rar=01;31:*.alz=01;31:*.ace=01;31:*.zoo=01;31:*.cpio=01;31:*.7z=01;31:*.rz=01;31:*.cab=01;31:*.wim=01;31:*.swm=01;31:*.dwm=01;31:*.esd=01;31:*.jpg=01;35:*.jpeg=01;35:*.mjpg=01;35:*.mjpeg=01;35:*.gif=01;35:*.bmp=01;35:*.pbm=01;35:*.pgm=01;35:*.ppm=01;35:*.tga=01;35:*.xbm=01;35:*.xpm=01;35:*.tif=01;35:*.tiff=01;35:*.png=01;35:*.svg=01;35:*.svgz=01;35:*.mng=01;35:*.pcx=01;35:*.mov=01;35:*.mpg=01;35:*.mpeg=01;35:*.m2v=01;35:*.mkv=01;35:*.webm=01;35:*.webp=01;35:*.ogm=01;35:*.mp4=01;35:*.m4v=01;35:*.mp4v=01;35:*.vob=01;35:*.qt=01;35:*.nuv=01;35:*.wmv=01;35:*.asf=01;35:*.rm=01;35:*.rmvb=01;35:*.flc=01;35:*.avi=01;35:*.fli=01;35:*.flv=01;35:*.gl=01;35:*.dl=01;35:*.xcf=01;35:*.xwd=01;35:*.yuv=01;35:*.cgm=01;35:*.emf=01;35:*.ogv=01;35:*.ogx=01;35:*.aac=00;36:*.au=00;36:*.flac=00;36:*.m4a=00;36:*.mid=00;36:*.midi=00;36:*.mka=00;36:*.mp3=00;36:*.mpc=00;36:*.ogg=00;36:*.ra=00;36:*.wav=00;36:*.oga=00;36:*.opus=00;36:*.spx=00;36:*.xspf=00;36:'), ('GNOME_TERMINAL_SERVICE', ':1.886'), ('SSH_AGENT_LAUNCHER', 'gnome-keyring'), ('SSH_AUTH_SOCK', '/run/user/1000/keyring/ssh'), ('AMENT_PREFIX_PATH', '/home/inlab22/Documents/automated_planogram_compliance-1/install/my_robot_description:/home/inlab22/Documents/automated_planogram_compliance-1/install/my_drone_simulation:/opt/ros/humble'), ('SHELL', '/bin/bash'), ('QT_ACCESSIBILITY', '1'), ('GDMSESSION', 'ubuntu'), ('LESSCLOSE', '/usr/bin/lesspipe %s %s'), ('GPG_AGENT_INFO', '/run/user/1000/gnupg/S.gpg-agent:0:1'), ('VIRTUAL_ENV', '/home/inlab22/Documents/automated_planogram_compliance-1/.venv'), ('QT_IM_MODULE', 'ibus'), ('PWD', '/home/inlab22/Documents/automated_planogram_compliance-1/simulations/build/px4_msgs'), ('XDG_CONFIG_DIRS', '/etc/xdg/xdg-ubuntu:/etc/xdg'), ('XDG_DATA_DIRS', '/usr/share/ubuntu:/usr/share/gnome:/usr/local/share/:/usr/share/:/var/lib/snapd/desktop'), ('PYTHONPATH', '/home/inlab22/Documents/automated_planogram_compliance-1/install/my_drone_simulation/lib/python3.10/site-packages:/home/inlab22/Documents/automated_planogram_compliance-1/install/udacidrone/lib/python3.10/site-packages:/home/inlab22/Documents/automated_planogram_compliance-1/install/my-test-package/lib/python3.10/site-packages:/opt/ros/humble/lib/python3.10/site-packages:/opt/ros/humble/local/lib/python3.10/dist-packages'), ('COLCON', '1'), ('VTE_VERSION', '6800'), ('CMAKE_PREFIX_PATH', '/home/inlab22/Documents/automated_planogram_compliance-1/install/my_robot_description:/home/inlab22/Documents/automated_planogram_compliance-1/install/my_drone_simulation:/opt/ros/humble')]), 'shell': False}
[0.022987] (microxrcedds_agent) JobProgress: {'identifier': 'microxrcedds_agent', 'progress': 'cmake'}
[0.023157] (microxrcedds_agent) JobProgress: {'identifier': 'microxrcedds_agent', 'progress': 'build'}
[0.023892] (microxrcedds_agent) Command: {'cmd': ['/usr/bin/cmake', '--build', '/home/inlab22/Documents/automated_planogram_compliance-1/simulations/build/microxrcedds_agent', '--', '-j24', '-l24'], 'cwd': '/home/inlab22/Documents/automated_planogram_compliance-1/simulations/build/microxrcedds_agent', 'env': OrderedDict([('LESSOPEN', '| /usr/bin/lesspipe %s'), ('GZ_SIM_RESOURCE_PATH', '/home/inlab22/Documents/automated_planogram_compliance-1/simulations/PX4-Autopilot/Tools/simulation/gz/models'), ('LANGUAGE', 'en_IN:en'), ('USER', 'inlab22'), ('XDG_SESSION_TYPE', 'x11'), ('SHLVL', '1'), ('LD_LIBRARY_PATH', '/opt/ros/humble/opt/rviz_ogre_vendor/lib:/opt/ros/humble/lib/x86_64-linux-gnu:/opt/ros/humble/lib'), ('HOME', '/home/inlab22'), ('OLDPWD', '/home/inlab22/Documents/automated_planogram_compliance-1'), ('DESKTOP_SESSION', 'ubuntu'), ('ROS_PYTHON_VERSION', '3'), ('GNOME_SHELL_SESSION_MODE', 'ubuntu'), ('GTK_MODULES', 'gail:atk-bridge'), ('PS1', '(.venv) \\[\\e]0;\\u@\\h: \\w\\a\\]${debian_chroot:+($debian_chroot)}\\[\\033[01;32m\\]\\u@\\h\\[\\033[00m\\]:\\[\\033[01;34m\\]\\w\\[\\033[00m\\]\\$'), ('SYSTEMD_EXEC_PID', '455231'), ('DBUS_SESSION_BUS_ADDRESS', 'unix:path=/run/user/1000/bus'), ('COLORTERM', 'truecolor'), ('COLCON_PREFIX_PATH', '/home/inlab22/Documents/automated_planogram_compliance-1/install'), ('ROS_DISTRO', 'humble'), ('GTK_IM_MODULE', 'ibus'), ('LOGNAME', 'inlab22'), ('_', '/usr/bin/colcon'), ('ROS_VERSION', '2'), ('XDG_SESSION_CLASS', 'user'), ('USERNAME', 'inlab22'), ('TERM', 'xterm-256color'), ('GNOME_DESKTOP_SESSION_ID', 'this-is-deprecated'), ('ROS_LOCALHOST_ONLY', '0'), ('WINDOWPATH', '2'), ('PATH', '/home/inlab22/Documents/automated_planogram_compliance-1/.venv/bin:/opt/ros/humble/bin:/usr/local/sbin:/usr/local/bin:/usr/sbin:/usr/bin:/sbin:/bin:/usr/games:/usr/local/games:/snap/bin:/snap/bin'), ('SESSION_MANAGER', 'local/inlab1050:@/tmp/.ICE-unix/1792,unix/inlab1050:/tmp/.ICE-unix/1792'), ('XDG_MENU_PREFIX', 'gnome-'), ('GNOME_TERMINAL_SCREEN', '/org/gnome/Terminal/screen/0da93285_f55d_44b2_b5e1_e2f9f5ea768d'), ('XDG_RUNTIME_DIR', '/run/user/1000'), ('DISPLAY', ':1'), ('LANG', 'en_IN'), ('XDG_CURRENT_DESKTOP', 'ubuntu:GNOME'), ('VIRTUAL_ENV_PROMPT', '(.venv)'), ('XMODIFIERS', '@im=ibus'), ('XDG_SESSION_DESKTOP', 'ubuntu'), ('XAUTHORITY', '/run/user/1000/gdm/Xauthority'), ('LS_COLORS', 'rs=0:di=01;34:ln=01;36:mh=00:pi=40;33:so=01;35:do=01;35:bd=40;33;01:cd=40;33;01:or=40;31;01:mi=00:su=37;41:sg=30;43:ca=30;41:tw=30;42:ow=34;42:st=37;44:ex=01;32:*.tar=01;31:*.tgz=01;31:*.arc=01;31:*.arj=01;31:*.taz=01;31:*.lha=01;31:*.lz4=01;31:*.lzh=01;31:*.lzma=01;31:*.tlz=01;31:*.txz=01;31:*.tzo=01;31:*.t7z=01;31:*.zip=01;31:*.z=01;31:*.dz=01;31:*.gz=01;31:*.lrz=01;31:*.lz=01;31:*.lzo=01;31:*.xz=01;31:*.zst=01;31:*.tzst=01;31:*.bz2=01;31:*.bz=01;31:*.tbz=01;31:*.tbz2=01;31:*.tz=01;31:*.deb=01;31:*.rpm=01;31:*.jar=01;31:*.war=01;31:*.ear=01;31:*.sar=01;31:*.rar=01;31:*.alz=01;31:*.ace=01;31:*.zoo=01;31:*.cpio=01;31:*.7z=01;31:*.rz=01;31:*.cab=01;31:*.wim=01;31:*.swm=01;31:*.dwm=01;31:*.esd=01;31:*.jpg=01;35:*.jpeg=01;35:*.mjpg=01;35:*.mjpeg=01;35:*.gif=01;35:*.bmp=01;35:*.pbm=01;35:*.pgm=01;35:*.ppm=01;35:*.tga=01;35:*.xbm=01;35:*.xpm=01;35:*.tif=01;35:*.tiff=01;35:*.png=01;35:*.svg=01;35:*.svgz=01;35:*.mng=01;35:*.pcx=01;35:*.mov=01;35:*.mpg=01;35:*.mpeg=01;35:*.m2v=01;35:*.mkv=01;35:*.webm=01;35:*.webp=01;35:*.ogm=01;35:*.mp4=01;35:*.m4v=01;35:*.mp4v=01;35:*.vob=01;35:*.qt=01;35:*.nuv=01;35:*.wmv=01;35:*.asf=01;35:*.rm=01;35:*.rmvb=01;35:*.flc=01;35:*.avi=01;35:*.fli=01;35:*.flv=01;35:*.gl=01;35:*.dl=01;35:*.xcf=01;35:*.xwd=01;35:*.yuv=01;35:*.cgm=01;35:*.emf=01;35:*.ogv=01;35:*.ogx=01;35:*.aac=00;36:*.au=00;36:*.flac=00;36:*.m4a=00;36:*.mid=00;36:*.midi=00;36:*.mka=00;36:*.mp3=00;36:*.mpc=00;36:*.ogg=00;36:*.ra=00;36:*.wav=00;36:*.oga=00;36:*.opus=00;36:*.spx=00;36:*.xspf=00;36:'), ('GNOME_TERMINAL_SERVICE', ':1.886'), ('SSH_AGENT_LAUNCHER', 'gnome-keyring'), ('SSH_AUTH_SOCK', '/run/user/1000/keyring/ssh'), ('AMENT_PREFIX_PATH', '/home/inlab22/Documents/automated_planogram_compliance-1/install/my_robot_description:/home/inlab22/Documents/automated_planogram_compliance-1/install/my_drone_simulation:/opt/ros/humble'), ('SHELL', '/bin/bash'), ('QT_ACCESSIBILITY', '1'), ('GDMSESSION', 'ubuntu'), ('LESSCLOSE', '/usr/bin/lesspipe %s %s'), ('GPG_AGENT_INFO', '/run/user/1000/gnupg/S.gpg-agent:0:1'), ('VIRTUAL_ENV', '/home/inlab22/Documents/automated_planogram_compliance-1/.venv'), ('QT_IM_MODULE', 'ibus'), ('PWD', '/home/inlab22/Documents/automated_planogram_compliance-1/simulations/build/microxrcedds_agent'), ('XDG_CONFIG_DIRS', '/etc/xdg/xdg-ubuntu:/etc/xdg'), ('XDG_DATA_DIRS', '/usr/share/ubuntu:/usr/share/gnome:/usr/local/share/:/usr/share/:/var/lib/snapd/desktop'), ('PYTHONPATH', '/home/inlab22/Documents/automated_planogram_compliance-1/install/my_drone_simulation/lib/python3.10/site-packages:/home/inlab22/Documents/automated_planogram_compliance-1/install/udacidrone/lib/python3.10/site-packages:/home/inlab22/Documents/automated_planogram_compliance-1/install/my-test-package/lib/python3.10/site-packages:/opt/ros/humble/lib/python3.10/site-packages:/opt/ros/humble/local/lib/python3.10/dist-packages'), ('COLCON', '1'), ('VTE_VERSION', '6800'), ('CMAKE_PREFIX_PATH', '/home/inlab22/Documents/automated_planogram_compliance-1/install/my_robot_description:/home/inlab22/Documents/automated_planogram_compliance-1/install/my_drone_simulation')]), 'shell': False}
[0.099524] (-) TimerEvent: {}
[0.199778] (-) TimerEvent: {}
[0.212461] (my_robot_description) JobProgress: {'identifier': 'my_robot_description', 'progress': 'cmake'}
[0.212806] (my_robot_description) JobProgress: {'identifier': 'my_robot_description', 'progress': 'build'}
[0.213081] (my_robot_description) Command: {'cmd': ['/usr/bin/cmake', '--build', '/home/inlab22/Documents/automated_planogram_compliance-1/simulations/build/my_robot_description', '--', '-j24', '-l24'], 'cwd': '/home/inlab22/Documents/automated_planogram_compliance-1/simulations/build/my_robot_description', 'env': OrderedDict([('LESSOPEN', '| /usr/bin/lesspipe %s'), ('GZ_SIM_RESOURCE_PATH', '/home/inlab22/Documents/automated_planogram_compliance-1/simulations/PX4-Autopilot/Tools/simulation/gz/models'), ('LANGUAGE', 'en_IN:en'), ('USER', 'inlab22'), ('XDG_SESSION_TYPE', 'x11'), ('SHLVL', '1'), ('LD_LIBRARY_PATH', '/opt/ros/humble/opt/rviz_ogre_vendor/lib:/opt/ros/humble/lib/x86_64-linux-gnu:/opt/ros/humble/lib'), ('HOME', '/home/inlab22'), ('OLDPWD', '/home/inlab22/Documents/automated_planogram_compliance-1'), ('DESKTOP_SESSION', 'ubuntu'), ('ROS_PYTHON_VERSION', '3'), ('GNOME_SHELL_SESSION_MODE', 'ubuntu'), ('GTK_MODULES', 'gail:atk-bridge'), ('PS1', '(.venv) \\[\\e]0;\\u@\\h: \\w\\a\\]${debian_chroot:+($debian_chroot)}\\[\\033[01;32m\\]\\u@\\h\\[\\033[00m\\]:\\[\\033[01;34m\\]\\w\\[\\033[00m\\]\\$'), ('SYSTEMD_EXEC_PID', '455231'), ('DBUS_SESSION_BUS_ADDRESS', 'unix:path=/run/user/1000/bus'), ('COLORTERM', 'truecolor'), ('COLCON_PREFIX_PATH', '/home/inlab22/Documents/automated_planogram_compliance-1/install'), ('ROS_DISTRO', 'humble'), ('GTK_IM_MODULE', 'ibus'), ('LOGNAME', 'inlab22'), ('_', '/usr/bin/colcon'), ('ROS_VERSION', '2'), ('XDG_SESSION_CLASS', 'user'), ('USERNAME', 'inlab22'), ('TERM', 'xterm-256color'), ('GNOME_DESKTOP_SESSION_ID', 'this-is-deprecated'), ('ROS_LOCALHOST_ONLY', '0'), ('WINDOWPATH', '2'), ('PATH', '/home/inlab22/Documents/automated_planogram_compliance-1/.venv/bin:/opt/ros/humble/bin:/usr/local/sbin:/usr/local/bin:/usr/sbin:/usr/bin:/sbin:/bin:/usr/games:/usr/local/games:/snap/bin:/snap/bin'), ('SESSION_MANAGER', 'local/inlab1050:@/tmp/.ICE-unix/1792,unix/inlab1050:/tmp/.ICE-unix/1792'), ('XDG_MENU_PREFIX', 'gnome-'), ('GNOME_TERMINAL_SCREEN', '/org/gnome/Terminal/screen/0da93285_f55d_44b2_b5e1_e2f9f5ea768d'), ('XDG_RUNTIME_DIR', '/run/user/1000'), ('DISPLAY', ':1'), ('LANG', 'en_IN'), ('XDG_CURRENT_DESKTOP', 'ubuntu:GNOME'), ('VIRTUAL_ENV_PROMPT', '(.venv)'), ('XMODIFIERS', '@im=ibus'), ('XDG_SESSION_DESKTOP', 'ubuntu'), ('XAUTHORITY', '/run/user/1000/gdm/Xauthority'), ('LS_COLORS', 'rs=0:di=01;34:ln=01;36:mh=00:pi=40;33:so=01;35:do=01;35:bd=40;33;01:cd=40;33;01:or=40;31;01:mi=00:su=37;41:sg=30;43:ca=30;41:tw=30;42:ow=34;42:st=37;44:ex=01;32:*.tar=01;31:*.tgz=01;31:*.arc=01;31:*.arj=01;31:*.taz=01;31:*.lha=01;31:*.lz4=01;31:*.lzh=01;31:*.lzma=01;31:*.tlz=01;31:*.txz=01;31:*.tzo=01;31:*.t7z=01;31:*.zip=01;31:*.z=01;31:*.dz=01;31:*.gz=01;31:*.lrz=01;31:*.lz=01;31:*.lzo=01;31:*.xz=01;31:*.zst=01;31:*.tzst=01;31:*.bz2=01;31:*.bz=01;31:*.tbz=01;31:*.tbz2=01;31:*.tz=01;31:*.deb=01;31:*.rpm=01;31:*.jar=01;31:*.war=01;31:*.ear=01;31:*.sar=01;31:*.rar=01;31:*.alz=01;31:*.ace=01;31:*.zoo=01;31:*.cpio=01;31:*.7z=01;31:*.rz=01;31:*.cab=01;31:*.wim=01;31:*.swm=01;31:*.dwm=01;31:*.esd=01;31:*.jpg=01;35:*.jpeg=01;35:*.mjpg=01;35:*.mjpeg=01;35:*.gif=01;35:*.bmp=01;35:*.pbm=01;35:*.pgm=01;35:*.ppm=01;35:*.tga=01;35:*.xbm=01;35:*.xpm=01;35:*.tif=01;35:*.tiff=01;35:*.png=01;35:*.svg=01;35:*.svgz=01;35:*.mng=01;35:*.pcx=01;35:*.mov=01;35:*.mpg=01;35:*.mpeg=01;35:*.m2v=01;35:*.mkv=01;35:*.webm=01;35:*.webp=01;35:*.ogm=01;35:*.mp4=01;35:*.m4v=01;35:*.mp4v=01;35:*.vob=01;35:*.qt=01;35:*.nuv=01;35:*.wmv=01;35:*.asf=01;35:*.rm=01;35:*.rmvb=01;35:*.flc=01;35:*.avi=01;35:*.fli=01;35:*.flv=01;35:*.gl=01;35:*.dl=01;35:*.xcf=01;35:*.xwd=01;35:*.yuv=01;35:*.cgm=01;35:*.emf=01;35:*.ogv=01;35:*.ogx=01;35:*.aac=00;36:*.au=00;36:*.flac=00;36:*.m4a=00;36:*.mid=00;36:*.midi=00;36:*.mka=00;36:*.mp3=00;36:*.mpc=00;36:*.ogg=00;36:*.ra=00;36:*.wav=00;36:*.oga=00;36:*.opus=00;36:*.spx=00;36:*.xspf=00;36:'), ('GNOME_TERMINAL_SERVICE', ':1.886'), ('SSH_AGENT_LAUNCHER', 'gnome-keyring'), ('SSH_AUTH_SOCK', '/run/user/1000/keyring/ssh'), ('AMENT_PREFIX_PATH', '/home/inlab22/Documents/automated_planogram_compliance-1/install/my_robot_description:/home/inlab22/Documents/automated_planogram_compliance-1/install/my_drone_simulation:/opt/ros/humble'), ('SHELL', '/bin/bash'), ('QT_ACCESSIBILITY', '1'), ('GDMSESSION', 'ubuntu'), ('LESSCLOSE', '/usr/bin/lesspipe %s %s'), ('GPG_AGENT_INFO', '/run/user/1000/gnupg/S.gpg-agent:0:1'), ('VIRTUAL_ENV', '/home/inlab22/Documents/automated_planogram_compliance-1/.venv'), ('QT_IM_MODULE', 'ibus'), ('PWD', '/home/inlab22/Documents/automated_planogram_compliance-1/simulations/build/my_robot_description'), ('XDG_CONFIG_DIRS', '/etc/xdg/xdg-ubuntu:/etc/xdg'), ('XDG_DATA_DIRS', '/usr/share/ubuntu:/usr/share/gnome:/usr/local/share/:/usr/share/:/var/lib/snapd/desktop'), ('PYTHONPATH', '/home/inlab22/Documents/automated_planogram_compliance-1/install/my_drone_simulation/lib/python3.10/site-packages:/home/inlab22/Documents/automated_planogram_compliance-1/install/udacidrone/lib/python3.10/site-packages:/home/inlab22/Documents/automated_planogram_compliance-1/install/my-test-package/lib/python3.10/site-packages:/opt/ros/humble/lib/python3.10/site-packages:/opt/ros/humble/local/lib/python3.10/dist-packages'), ('COLCON', '1'), ('VTE_VERSION', '6800'), ('CMAKE_PREFIX_PATH', '/home/inlab22/Documents/automated_planogram_compliance-1/install/my_robot_description:/home/inlab22/Documents/automated_planogram_compliance-1/install/my_drone_simulation:/opt/ros/humble')]), 'shell': False}
[0.215221] (px4_msgs) StderrLine: {'line': b'\x1b[0mCMake Error: The current CMakeCache.txt directory /home/inlab22/Documents/automated_planogram_compliance-1/simulations/build/px4_msgs/CMakeCache.txt is different than the directory /home/inlab22/Documents/automated_planogram_compliance/simulations/build/px4_msgs where CMakeCache.txt was created. This may result in binaries being created in the wrong place. If you are not sure, reedit the CMakeCache.txt\x1b[0m\n'}
[0.215586] (microxrcedds_agent) StderrLine: {'line': b'\x1b[0mCMake Error: The current CMakeCache.txt directory /home/inlab22/Documents/automated_planogram_compliance-1/simulations/build/microxrcedds_agent/CMakeCache.txt is different than the directory /home/inlab22/Documents/automated_planogram_compliance/simulations/build/microxrcedds_agent where CMakeCache.txt was created. This may result in binaries being created in the wrong place. If you are not sure, reedit the CMakeCache.txt\x1b[0m\n'}
[0.215848] (microxrcedds_agent) StderrLine: {'line': b'\x1b[0mCMake Error: The source directory "/home/inlab22/Documents/automated_planogram_compliance/simulations/Micro-XRCE-DDS-Agent" does not appear to contain CMakeLists.txt.\n'}
[0.216090] (microxrcedds_agent) StderrLine: {'line': b'Specify --help for usage, or press the help button on the CMake GUI.\x1b[0m\n'}
[0.216305] (microxrcedds_agent) StderrLine: {'line': b'gmake: *** [Makefile:1511: cmake_check_build_system] Error 1\n'}
[0.217023] (px4) JobProgress: {'identifier': 'px4', 'progress': 'cmake'}
[0.217533] (px4) JobProgress: {'identifier': 'px4', 'progress': 'build'}
[0.217836] (px4) Command: {'cmd': ['/usr/bin/cmake', '--build', '/home/inlab22/Documents/automated_planogram_compliance-1/simulations/build/px4', '--', '-j24', '-l24'], 'cwd': '/home/inlab22/Documents/automated_planogram_compliance-1/simulations/build/px4', 'env': OrderedDict([('LESSOPEN', '| /usr/bin/lesspipe %s'), ('GZ_SIM_RESOURCE_PATH', '/home/inlab22/Documents/automated_planogram_compliance-1/simulations/PX4-Autopilot/Tools/simulation/gz/models'), ('LANGUAGE', 'en_IN:en'), ('USER', 'inlab22'), ('XDG_SESSION_TYPE', 'x11'), ('SHLVL', '1'), ('LD_LIBRARY_PATH', '/opt/ros/humble/opt/rviz_ogre_vendor/lib:/opt/ros/humble/lib/x86_64-linux-gnu:/opt/ros/humble/lib'), ('HOME', '/home/inlab22'), ('OLDPWD', '/home/inlab22/Documents/automated_planogram_compliance-1'), ('DESKTOP_SESSION', 'ubuntu'), ('ROS_PYTHON_VERSION', '3'), ('GNOME_SHELL_SESSION_MODE', 'ubuntu'), ('GTK_MODULES', 'gail:atk-bridge'), ('PS1', '(.venv) \\[\\e]0;\\u@\\h: \\w\\a\\]${debian_chroot:+($debian_chroot)}\\[\\033[01;32m\\]\\u@\\h\\[\\033[00m\\]:\\[\\033[01;34m\\]\\w\\[\\033[00m\\]\\$'), ('SYSTEMD_EXEC_PID', '455231'), ('DBUS_SESSION_BUS_ADDRESS', 'unix:path=/run/user/1000/bus'), ('COLORTERM', 'truecolor'), ('COLCON_PREFIX_PATH', '/home/inlab22/Documents/automated_planogram_compliance-1/install'), ('ROS_DISTRO', 'humble'), ('GTK_IM_MODULE', 'ibus'), ('LOGNAME', 'inlab22'), ('_', '/usr/bin/colcon'), ('ROS_VERSION', '2'), ('XDG_SESSION_CLASS', 'user'), ('USERNAME', 'inlab22'), ('TERM', 'xterm-256color'), ('GNOME_DESKTOP_SESSION_ID', 'this-is-deprecated'), ('ROS_LOCALHOST_ONLY', '0'), ('WINDOWPATH', '2'), ('PATH', '/home/inlab22/Documents/automated_planogram_compliance-1/.venv/bin:/opt/ros/humble/bin:/usr/local/sbin:/usr/local/bin:/usr/sbin:/usr/bin:/sbin:/bin:/usr/games:/usr/local/games:/snap/bin:/snap/bin'), ('SESSION_MANAGER', 'local/inlab1050:@/tmp/.ICE-unix/1792,unix/inlab1050:/tmp/.ICE-unix/1792'), ('XDG_MENU_PREFIX', 'gnome-'), ('GNOME_TERMINAL_SCREEN', '/org/gnome/Terminal/screen/0da93285_f55d_44b2_b5e1_e2f9f5ea768d'), ('XDG_RUNTIME_DIR', '/run/user/1000'), ('DISPLAY', ':1'), ('LANG', 'en_IN'), ('XDG_CURRENT_DESKTOP', 'ubuntu:GNOME'), ('VIRTUAL_ENV_PROMPT', '(.venv)'), ('XMODIFIERS', '@im=ibus'), ('XDG_SESSION_DESKTOP', 'ubuntu'), ('XAUTHORITY', '/run/user/1000/gdm/Xauthority'), ('LS_COLORS', 'rs=0:di=01;34:ln=01;36:mh=00:pi=40;33:so=01;35:do=01;35:bd=40;33;01:cd=40;33;01:or=40;31;01:mi=00:su=37;41:sg=30;43:ca=30;41:tw=30;42:ow=34;42:st=37;44:ex=01;32:*.tar=01;31:*.tgz=01;31:*.arc=01;31:*.arj=01;31:*.taz=01;31:*.lha=01;31:*.lz4=01;31:*.lzh=01;31:*.lzma=01;31:*.tlz=01;31:*.txz=01;31:*.tzo=01;31:*.t7z=01;31:*.zip=01;31:*.z=01;31:*.dz=01;31:*.gz=01;31:*.lrz=01;31:*.lz=01;31:*.lzo=01;31:*.xz=01;31:*.zst=01;31:*.tzst=01;31:*.bz2=01;31:*.bz=01;31:*.tbz=01;31:*.tbz2=01;31:*.tz=01;31:*.deb=01;31:*.rpm=01;31:*.jar=01;31:*.war=01;31:*.ear=01;31:*.sar=01;31:*.rar=01;31:*.alz=01;31:*.ace=01;31:*.zoo=01;31:*.cpio=01;31:*.7z=01;31:*.rz=01;31:*.cab=01;31:*.wim=01;31:*.swm=01;31:*.dwm=01;31:*.esd=01;31:*.jpg=01;35:*.jpeg=01;35:*.mjpg=01;35:*.mjpeg=01;35:*.gif=01;35:*.bmp=01;35:*.pbm=01;35:*.pgm=01;35:*.ppm=01;35:*.tga=01;35:*.xbm=01;35:*.xpm=01;35:*.tif=01;35:*.tiff=01;35:*.png=01;35:*.svg=01;35:*.svgz=01;35:*.mng=01;35:*.pcx=01;35:*.mov=01;35:*.mpg=01;35:*.mpeg=01;35:*.m2v=01;35:*.mkv=01;35:*.webm=01;35:*.webp=01;35:*.ogm=01;35:*.mp4=01;35:*.m4v=01;35:*.mp4v=01;35:*.vob=01;35:*.qt=01;35:*.nuv=01;35:*.wmv=01;35:*.asf=01;35:*.rm=01;35:*.rmvb=01;35:*.flc=01;35:*.avi=01;35:*.fli=01;35:*.flv=01;35:*.gl=01;35:*.dl=01;35:*.xcf=01;35:*.xwd=01;35:*.yuv=01;35:*.cgm=01;35:*.emf=01;35:*.ogv=01;35:*.ogx=01;35:*.aac=00;36:*.au=00;36:*.flac=00;36:*.m4a=00;36:*.mid=00;36:*.midi=00;36:*.mka=00;36:*.mp3=00;36:*.mpc=00;36:*.ogg=00;36:*.ra=00;36:*.wav=00;36:*.oga=00;36:*.opus=00;36:*.spx=00;36:*.xspf=00;36:'), ('GNOME_TERMINAL_SERVICE', ':1.886'), ('SSH_AGENT_LAUNCHER', 'gnome-keyring'), ('SSH_AUTH_SOCK', '/run/user/1000/keyring/ssh'), ('AMENT_PREFIX_PATH', '/home/inlab22/Documents/automated_planogram_compliance-1/install/my_robot_description:/home/inlab22/Documents/automated_planogram_compliance-1/install/my_drone_simulation:/opt/ros/humble'), ('SHELL', '/bin/bash'), ('QT_ACCESSIBILITY', '1'), ('GDMSESSION', 'ubuntu'), ('LESSCLOSE', '/usr/bin/lesspipe %s %s'), ('GPG_AGENT_INFO', '/run/user/1000/gnupg/S.gpg-agent:0:1'), ('VIRTUAL_ENV', '/home/inlab22/Documents/automated_planogram_compliance-1/.venv'), ('QT_IM_MODULE', 'ibus'), ('PWD', '/home/inlab22/Documents/automated_planogram_compliance-1/simulations/build/px4'), ('XDG_CONFIG_DIRS', '/etc/xdg/xdg-ubuntu:/etc/xdg'), ('XDG_DATA_DIRS', '/usr/share/ubuntu:/usr/share/gnome:/usr/local/share/:/usr/share/:/var/lib/snapd/desktop'), ('PYTHONPATH', '/home/inlab22/Documents/automated_planogram_compliance-1/install/my_drone_simulation/lib/python3.10/site-packages:/home/inlab22/Documents/automated_planogram_compliance-1/install/udacidrone/lib/python3.10/site-packages:/home/inlab22/Documents/automated_planogram_compliance-1/install/my-test-package/lib/python3.10/site-packages:/opt/ros/humble/lib/python3.10/site-packages:/opt/ros/humble/local/lib/python3.10/dist-packages'), ('COLCON', '1'), ('VTE_VERSION', '6800'), ('CMAKE_PREFIX_PATH', '/home/inlab22/Documents/automated_planogram_compliance-1/install/my_robot_description:/home/inlab22/Documents/automated_planogram_compliance-1/install/my_drone_simulation:/opt/ros/humble')]), 'shell': False}
[0.219313] (microxrcedds_agent) CommandEnded: {'returncode': 2}
[0.219690] (microxrcedds_agent) JobEnded: {'identifier': 'microxrcedds_agent', 'rc': 2}
[0.220966] (my_drone_simulation) JobEnded: {'identifier': 'my_drone_simulation', 'rc': 'SIGINT'}
[0.224028] (my_robot_description) StderrLine: {'line': b'\x1b[0mCMake Error: The current CMakeCache.txt directory /home/inlab22/Documents/automated_planogram_compliance-1/simulations/build/my_robot_description/CMakeCache.txt is different than the directory /home/inlab22/Documents/automated_planogram_compliance/simulations/build/my_robot_description where CMakeCache.txt was created. This may result in binaries being created in the wrong place. If you are not sure, reedit the CMakeCache.txt\x1b[0m\n'}
[0.225392] (px4) StderrLine: {'line': b'\x1b[0mCMake Error: The current CMakeCache.txt directory /home/inlab22/Documents/automated_planogram_compliance-1/simulations/build/px4/CMakeCache.txt is different than the directory /home/inlab22/Documents/automated_planogram_compliance/simulations/build/px4 where CMakeCache.txt was created. This may result in binaries being created in the wrong place. If you are not sure, reedit the CMakeCache.txt\x1b[0m\n'}
[0.288011] (my_robot_description) StdoutLine: {'line': b'-- The C compiler identification is GNU 11.4.0\n'}
[0.299839] (-) TimerEvent: {}
[0.346629] (my_robot_description) StdoutLine: {'line': b'-- The CXX compiler identification is GNU 11.4.0\n'}
[0.360764] (my_robot_description) StdoutLine: {'line': b'-- Detecting C compiler ABI info\n'}
[0.373201] (px4) StdoutLine: {'line': b'-- Found PythonInterp: /home/inlab22/Documents/automated_planogram_compliance-1/.venv/bin/python3 (found suitable version "3.10.12", minimum required is "3") \n'}
[0.399906] (-) TimerEvent: {}
[0.400101] (px4_msgs) StderrLine: {'line': b'\x1b[0mCMake Error: The source directory "/home/inlab22/Documents/automated_planogram_compliance/simulations/ws_sensor_combined/src/px4_msgs" does not appear to contain CMakeLists.txt.\n'}
[0.400180] (px4_msgs) StderrLine: {'line': b'Specify --help for usage, or press the help button on the CMake GUI.\x1b[0m\n'}
[0.401326] (px4_msgs) StderrLine: {'line': b'gmake: *** [Makefile:47187: cmake_check_build_system] Error 1\n'}
[0.402700] (px4) StdoutLine: {'line': b'-- PX4 config file: /home/inlab22/Documents/automated_planogram_compliance/simulations/PX4-Autopilot/boards/px4/ros2/default.px4board\n'}
[0.403931] (px4_msgs) JobEnded: {'identifier': 'px4_msgs', 'rc': 'SIGINT'}
[0.426837] (my_robot_description) StdoutLine: {'line': b'-- Detecting C compiler ABI info - done\n'}
[0.439513] (my_robot_description) StdoutLine: {'line': b'-- Check for working C compiler: /usr/bin/cc - skipped\n'}
[0.440237] (my_robot_description) StdoutLine: {'line': b'-- Detecting C compile features\n'}
[0.441094] (my_robot_description) StdoutLine: {'line': b'-- Detecting C compile features - done\n'}
[0.446868] (my_robot_description) StdoutLine: {'line': b'-- Detecting CXX compiler ABI info\n'}
[0.499993] (-) TimerEvent: {}
[0.540712] (my_robot_description) StdoutLine: {'line': b'-- Detecting CXX compiler ABI info - done\n'}
[0.547021] (my_robot_description) StdoutLine: {'line': b'-- Check for working CXX compiler: /usr/bin/c++ - skipped\n'}
[0.547269] (my_robot_description) StdoutLine: {'line': b'-- Detecting CXX compile features\n'}
[0.547619] (my_robot_description) StdoutLine: {'line': b'-- Detecting CXX compile features - done\n'}
[0.555353] (my_robot_description) StdoutLine: {'line': b'-- Found ament_cmake: 1.3.9 (/opt/ros/humble/share/ament_cmake/cmake)\n'}
[0.573595] (px4) StdoutLine: {'line': b'-- PLATFORM ros2\n'}
[0.573735] (px4) StdoutLine: {'line': b'-- ROMFSROOT px4fmu_common\n'}
[0.585617] (px4) StdoutLine: {'line': b'-- PX4 config: px4_ros2_default\n'}
[0.585714] (px4) StdoutLine: {'line': b'-- PX4 platform: ros2\n'}
[0.600060] (-) TimerEvent: {}
[0.640304] (px4) StdoutLine: {'line': b'-- The CXX compiler identification is GNU 11.4.0\n'}
[0.647080] (px4) StdoutLine: {'line': b'-- Detecting CXX compiler ABI info\n'}
[0.700154] (-) TimerEvent: {}
[0.720972] (px4) StdoutLine: {'line': b'-- Detecting CXX compiler ABI info - done\n'}
[0.727415] (px4) StdoutLine: {'line': b'-- Check for working CXX compiler: /usr/bin/c++ - skipped\n'}
[0.727627] (px4) StdoutLine: {'line': b'-- Detecting CXX compile features\n'}
[0.727994] (px4) StdoutLine: {'line': b'-- Detecting CXX compile features - done\n'}
[0.730328] (px4) StdoutLine: {'line': b'-- Found ament_cmake: 1.3.9 (/opt/ros/humble/share/ament_cmake/cmake)\n'}
[0.800233] (-) TimerEvent: {}
[0.878400] (my_robot_description) StdoutLine: {'line': b'-- Found Python3: /home/inlab22/Documents/automated_planogram_compliance-1/.venv/bin/python3 (found version "3.10.12") found components: Interpreter \n'}
[0.900329] (-) TimerEvent: {}
[0.949559] (my_robot_description) StdoutLine: {'line': b'-- Found ament_lint_auto: 0.12.11 (/opt/ros/humble/share/ament_lint_auto/cmake)\n'}
[1.000410] (-) TimerEvent: {}
[1.030513] (px4) StdoutLine: {'line': b'-- Found Python3: /home/inlab22/Documents/automated_planogram_compliance-1/.venv/bin/python3 (found version "3.10.12") found components: Interpreter \n'}
[1.037282] (my_robot_description) StdoutLine: {'line': b"-- Added test 'lint_cmake' to check CMake code style\n"}
[1.039368] (my_robot_description) StdoutLine: {'line': b"-- Added test 'xmllint' to check XML markup files\n"}
[1.040428] (my_robot_description) StdoutLine: {'line': b'-- Configuring done\n'}
[1.043191] (my_robot_description) StdoutLine: {'line': b'-- Generating done\n'}
[1.043986] (my_robot_description) StdoutLine: {'line': b'-- Build files have been written to: /home/inlab22/Documents/automated_planogram_compliance/simulations/build/my_robot_description\n'}
[1.070529] (my_robot_description) JobEnded: {'identifier': 'my_robot_description', 'rc': 'SIGINT'}
[1.100500] (-) TimerEvent: {}
[1.102864] (px4) StdoutLine: {'line': b'-- Found rclcpp: 16.0.9 (/opt/ros/humble/share/rclcpp/cmake)\n'}
[1.158532] (px4) StdoutLine: {'line': b'-- Found rosidl_generator_c: 3.1.5 (/opt/ros/humble/share/rosidl_generator_c/cmake)\n'}
[1.163227] (px4) StdoutLine: {'line': b'-- Found rosidl_adapter: 3.1.5 (/opt/ros/humble/share/rosidl_adapter/cmake)\n'}
[1.170251] (px4) StdoutLine: {'line': b'-- Found rosidl_generator_cpp: 3.1.5 (/opt/ros/humble/share/rosidl_generator_cpp/cmake)\n'}
[1.183357] (px4) StdoutLine: {'line': b'-- Using all available rosidl_typesupport_c: rosidl_typesupport_fastrtps_c;rosidl_typesupport_introspection_c\n'}
[1.200599] (-) TimerEvent: {}
[1.201258] (px4) StdoutLine: {'line': b'-- Using all available rosidl_typesupport_cpp: rosidl_typesupport_fastrtps_cpp;rosidl_typesupport_introspection_cpp\n'}
[1.262798] (px4) StdoutLine: {'line': b'-- Found rmw_implementation_cmake: 6.1.2 (/opt/ros/humble/share/rmw_implementation_cmake/cmake)\n'}
[1.264602] (px4) StdoutLine: {'line': b'-- Found rmw_fastrtps_cpp: 6.2.6 (/opt/ros/humble/share/rmw_fastrtps_cpp/cmake)\n'}
[1.300699] (-) TimerEvent: {}
[1.374185] (px4) StdoutLine: {'line': b'-- Found OpenSSL: /usr/lib/x86_64-linux-gnu/libcrypto.so (found version "3.0.2")  \n'}
[1.400794] (-) TimerEvent: {}
[1.404122] (px4) StdoutLine: {'line': b'-- Found FastRTPS: /opt/ros/humble/include  \n'}
[1.453473] (px4) StdoutLine: {'line': b"-- Using RMW implementation 'rmw_fastrtps_cpp' as default\n"}
[1.463007] (px4) StdoutLine: {'line': b'-- Looking for C++ include pthread.h\n'}
[1.500900] (-) TimerEvent: {}
[1.553035] (px4) StdoutLine: {'line': b'-- Looking for C++ include pthread.h - found\n'}
[1.553250] (px4) StdoutLine: {'line': b'-- Performing Test CMAKE_HAVE_LIBC_PTHREAD\n'}
[1.601005] (-) TimerEvent: {}
[1.634624] (px4) StdoutLine: {'line': b'-- Performing Test CMAKE_HAVE_LIBC_PTHREAD - Success\n'}
[1.635554] (px4) StdoutLine: {'line': b'-- Found Threads: TRUE  \n'}
[1.701079] (-) TimerEvent: {}
[1.770952] (px4) StdoutLine: {'line': b'-- Found rosidl_default_generators: 1.2.0 (/opt/ros/humble/share/rosidl_default_generators/cmake)\n'}
[1.801178] (-) TimerEvent: {}
[1.825471] (px4) StdoutLine: {'line': b'-- The C compiler identification is GNU 11.4.0\n'}
[1.837545] (px4) StdoutLine: {'line': b'-- The ASM compiler identification is GNU\n'}
[1.839059] (px4) StdoutLine: {'line': b'-- Found assembler: /usr/bin/cc\n'}
[1.842187] (px4) StdoutLine: {'line': b'-- Detecting C compiler ABI info\n'}
[1.901316] (-) TimerEvent: {}
[1.904830] (px4) StdoutLine: {'line': b'-- Detecting C compiler ABI info - done\n'}
[1.917418] (px4) StdoutLine: {'line': b'-- Check for working C compiler: /usr/bin/cc - skipped\n'}
[1.917910] (px4) StdoutLine: {'line': b'-- Detecting C compile features\n'}
[1.918756] (px4) StdoutLine: {'line': b'-- Detecting C compile features - done\n'}
[1.920875] (px4) StdoutLine: {'line': b'-- cmake build type: RelWithDebInfo\n'}
[2.000361] (px4) StderrLine: {'line': b'\x1b[0mCMake Deprecation Warning at CMakeLists.txt:1 (cmake_minimum_required):\n'}
[2.000580] (px4) StderrLine: {'line': b'  Compatibility with CMake < 2.8.12 will be removed from a future version of\n'}
[2.000684] (px4) StderrLine: {'line': b'  CMake.\n'}
[2.000782] (px4) StderrLine: {'line': b'\n'}
[2.000878] (px4) StderrLine: {'line': b'  Update the VERSION argument <min> value or use a ...<max> suffix to tell\n'}
[2.000974] (px4) StderrLine: {'line': b'  CMake that the project does not need compatibility with older versions.\n'}
[2.001068] (px4) StderrLine: {'line': b'\n'}
[2.001163] (px4) StderrLine: {'line': b'\x1b[0m\n'}
[2.001380] (-) TimerEvent: {}
[2.031493] (px4) StdoutLine: {'line': b'-- Configuring done\n'}
[2.033466] (px4) StdoutLine: {'line': b'-- Generating done\n'}
[2.033903] (px4) StdoutLine: {'line': b'-- Build files have been written to: /home/inlab22/Documents/automated_planogram_compliance/simulations/build/px4/googletest-download\n'}
[2.051023] (px4) StdoutLine: {'line': b"gmake[1]: Entering directory '/home/inlab22/Documents/automated_planogram_compliance/simulations/build/px4/googletest-download'\n"}
[2.071567] (px4) StdoutLine: {'line': b"gmake[2]: Entering directory '/home/inlab22/Documents/automated_planogram_compliance/simulations/build/px4/googletest-download'\n"}
[2.073578] (px4) StdoutLine: {'line': b"gmake[3]: Entering directory '/home/inlab22/Documents/automated_planogram_compliance/simulations/build/px4/googletest-download'\n"}
[2.086222] (px4) StdoutLine: {'line': b"gmake[3]: Leaving directory '/home/inlab22/Documents/automated_planogram_compliance/simulations/build/px4/googletest-download'\n"}
[2.088099] (px4) StdoutLine: {'line': b"gmake[3]: Entering directory '/home/inlab22/Documents/automated_planogram_compliance/simulations/build/px4/googletest-download'\n"}
[2.094327] (px4) StdoutLine: {'line': b"[ 11%] \x1b[34m\x1b[1mCreating directories for 'googletest'\x1b[0m\n"}
[2.101482] (-) TimerEvent: {}
[2.159444] (px4) StdoutLine: {'line': b"[ 22%] \x1b[34m\x1b[1mPerforming download step (download, verify and extract) for 'googletest'\x1b[0m\n"}
[2.201610] (-) TimerEvent: {}
[2.301895] (-) TimerEvent: {}
[2.402173] (-) TimerEvent: {}
[2.502582] (-) TimerEvent: {}
[2.602957] (-) TimerEvent: {}
[2.703325] (-) TimerEvent: {}
[2.803683] (-) TimerEvent: {}
[2.904075] (-) TimerEvent: {}
[3.004565] (-) TimerEvent: {}
[3.104947] (-) TimerEvent: {}
[3.205329] (-) TimerEvent: {}
[3.305715] (-) TimerEvent: {}
[3.406092] (-) TimerEvent: {}
[3.506554] (-) TimerEvent: {}
[3.606937] (-) TimerEvent: {}
[3.707287] (-) TimerEvent: {}
[3.712562] (px4) StdoutLine: {'line': b'-- googletest download command succeeded.  See also /home/inlab22/Documents/automated_planogram_compliance/simulations/build/px4/googletest-download/googletest-prefix/src/googletest-stamp/googletest-download-*.log\n'}
[3.737807] (px4) StdoutLine: {'line': b"[ 33%] \x1b[34m\x1b[1mNo update step for 'googletest'\x1b[0m\n"}
[3.766758] (px4) StdoutLine: {'line': b"[ 44%] \x1b[34m\x1b[1mNo patch step for 'googletest'\x1b[0m\n"}
[3.799362] (px4) StdoutLine: {'line': b"[ 55%] \x1b[34m\x1b[1mNo configure step for 'googletest'\x1b[0m\n"}
[3.807386] (-) TimerEvent: {}
[3.834849] (px4) StdoutLine: {'line': b"[ 66%] \x1b[34m\x1b[1mNo build step for 'googletest'\x1b[0m\n"}
[3.870821] (px4) StdoutLine: {'line': b"[ 77%] \x1b[34m\x1b[1mNo install step for 'googletest'\x1b[0m\n"}
[3.902943] (px4) StdoutLine: {'line': b"[ 88%] \x1b[34m\x1b[1mNo test step for 'googletest'\x1b[0m\n"}
[3.907482] (-) TimerEvent: {}
[3.929740] (px4) StdoutLine: {'line': b"[100%] \x1b[34m\x1b[1mCompleted 'googletest'\x1b[0m\n"}
[3.950693] (px4) StdoutLine: {'line': b"gmake[3]: Leaving directory '/home/inlab22/Documents/automated_planogram_compliance/simulations/build/px4/googletest-download'\n"}
[3.960430] (px4) StdoutLine: {'line': b'[100%] Built target googletest\n'}
[3.961567] (px4) StdoutLine: {'line': b"gmake[2]: Leaving directory '/home/inlab22/Documents/automated_planogram_compliance/simulations/build/px4/googletest-download'\n"}
[3.971662] (px4) StdoutLine: {'line': b"gmake[1]: Leaving directory '/home/inlab22/Documents/automated_planogram_compliance/simulations/build/px4/googletest-download'\n"}
[4.007555] (-) TimerEvent: {}
[4.107753] (-) TimerEvent: {}
[4.207993] (-) TimerEvent: {}
[4.307156] (px4) StdoutLine: {'line': b'-- Found Python: /home/inlab22/Documents/automated_planogram_compliance-1/.venv/bin/python3.10 (found version "3.10.12") found components: Interpreter \n'}
[4.308051] (-) TimerEvent: {}
[4.408243] (-) TimerEvent: {}
[4.508484] (-) TimerEvent: {}
[4.571797] (px4) StdoutLine: {'line': b'-- ROS_VERSION: 2\n'}
[4.572002] (px4) StdoutLine: {'line': b'-- AMENT_PREFIX_PATH: /home/inlab22/Documents/automated_planogram_compliance-1/install/my_robot_description:/home/inlab22/Documents/automated_planogram_compliance-1/install/my_drone_simulation:/opt/ros/humble\n'}
[4.608582] (-) TimerEvent: {}
[4.708846] (-) TimerEvent: {}
[4.809103] (-) TimerEvent: {}
[4.909361] (-) TimerEvent: {}
[5.009591] (-) TimerEvent: {}
[5.109822] (-) TimerEvent: {}
[5.210053] (-) TimerEvent: {}
[5.310289] (-) TimerEvent: {}
[5.410543] (-) TimerEvent: {}
[5.510764] (-) TimerEvent: {}
[5.610982] (-) TimerEvent: {}
[5.711190] (-) TimerEvent: {}
[5.811406] (-) TimerEvent: {}
[5.911641] (-) TimerEvent: {}
[5.999148] (px4) StdoutLine: {'line': b'-- Found ament_cmake_ros: 0.10.0 (/opt/ros/humble/share/ament_cmake_ros/cmake)\n'}
[6.011708] (-) TimerEvent: {}
[6.111924] (-) TimerEvent: {}
[6.212192] (-) TimerEvent: {}
[6.312428] (-) TimerEvent: {}
[6.412716] (-) TimerEvent: {}
[6.464453] (px4) StdoutLine: {'line': b'-- Using all available rosidl_typesupport_c: rosidl_typesupport_fastrtps_c;rosidl_typesupport_introspection_c\n'}
[6.512925] (-) TimerEvent: {}
[6.613187] (-) TimerEvent: {}
[6.631019] (px4) StdoutLine: {'line': b'-- Using all available rosidl_typesupport_cpp: rosidl_typesupport_fastrtps_cpp;rosidl_typesupport_introspection_cpp\n'}
[6.656370] (px4) StdoutLine: {'line': b'-- Found PythonInterp: /home/inlab22/Documents/automated_planogram_compliance-1/.venv/bin/python3 (found suitable version "3.10.12", minimum required is "3.6") \n'}
[6.660924] (px4) StdoutLine: {'line': b'-- Found python_cmake_module: 0.10.0 (/opt/ros/humble/share/python_cmake_module/cmake)\n'}
[6.689416] (px4) StdoutLine: {'line': b'-- Found PythonLibs: /usr/lib/x86_64-linux-gnu/libpython3.10.so (found suitable version "3.10.12", minimum required is "3.5") \n'}
[6.689538] (px4) StdoutLine: {'line': b'-- Using PYTHON_EXECUTABLE: /home/inlab22/Documents/automated_planogram_compliance-1/.venv/bin/python3\n'}
[6.689614] (px4) StdoutLine: {'line': b'-- Using PYTHON_INCLUDE_DIRS: /usr/include/python3.10\n'}
[6.689678] (px4) StdoutLine: {'line': b'-- Using PYTHON_LIBRARIES: /usr/lib/x86_64-linux-gnu/libpython3.10.so\n'}
[6.713240] (-) TimerEvent: {}
[6.714539] (px4) StdoutLine: {'line': b'-- Found PythonExtra: .so  \n'}
[6.813336] (-) TimerEvent: {}
[6.851850] (px4) StderrLine: {'line': b'\x1b[0mArchitecture:  amd64\x1b[0m\n'}
[6.852010] (px4) StderrLine: {'line': b'\x1b[0m==> CPACK_INSTALL_PREFIX = @DEB_INSTALL_PREFIX@\x1b[0m\n'}
[6.913436] (-) TimerEvent: {}
[6.933400] (px4) StdoutLine: {'line': b'-- Configuring done\n'}
[7.013541] (-) TimerEvent: {}
[7.113777] (-) TimerEvent: {}
[7.214003] (-) TimerEvent: {}
[7.314516] (-) TimerEvent: {}
[7.414749] (-) TimerEvent: {}
[7.514981] (-) TimerEvent: {}
[7.590944] (px4) StdoutLine: {'line': b'-- Generating done\n'}
[7.609967] (px4) StdoutLine: {'line': b'-- Build files have been written to: /home/inlab22/Documents/automated_planogram_compliance/simulations/build/px4\n'}
[7.615064] (-) TimerEvent: {}
[7.690524] (px4) StdoutLine: {'line': b'[  0%] Built target drivers_board\n'}
[7.695250] (px4) StdoutLine: {'line': b'[  0%] Built target px4_layer\n'}
[7.704849] (px4) StdoutLine: {'line': b'[  0%] Built target ament_cmake_python_copy_px4\n'}
[7.710083] (px4) StdoutLine: {'line': b'[  0%] Built target px4__cpp\n'}
[7.715144] (-) TimerEvent: {}
[7.729949] (px4) StderrLine: {'line': b'Traceback (most recent call last):\n'}
[7.730219] (px4) StderrLine: {'line': b'  File "/home/inlab22/Documents/automated_planogram_compliance/simulations/build/px4/platforms/ros2/ament_cmake_python/px4/setup.py", line 1, in <module>\n'}
[7.730324] (px4) StderrLine: {'line': b'    from setuptools import find_packages\n'}
[7.730430] (px4) StderrLine: {'line': b"ModuleNotFoundError: No module named 'setuptools'\n"}
[7.732244] (px4) StdoutLine: {'line': b'[  0%] \x1b[32mBuilding C object platforms/ros2/CMakeFiles/px4__rosidl_generator_c.dir/rosidl_generator_c/px4/msg/detail/actuator_controls_status__functions.c.o\x1b[0m\n'}
[7.732836] (px4) StdoutLine: {'line': b'[  0%] \x1b[32mBuilding C object platforms/ros2/CMakeFiles/px4__rosidl_generator_c.dir/rosidl_generator_c/px4/msg/detail/action_request__functions.c.o\x1b[0m\n'}
[7.732923] (px4) StdoutLine: {'line': b'[  0%] \x1b[32mBuilding C object platforms/ros2/CMakeFiles/px4__rosidl_generator_c.dir/rosidl_generator_c/px4/msg/detail/actuator_servos__functions.c.o\x1b[0m\n'}
[7.732999] (px4) StderrLine: {'line': b'gmake[2]: *** [platforms/ros2/CMakeFiles/ament_cmake_python_build_px4_egg.dir/build.make:70: platforms/ros2/CMakeFiles/ament_cmake_python_build_px4_egg] Error 1\n'}
[7.733271] (px4) StdoutLine: {'line': b'[  0%] \x1b[32mBuilding C object platforms/ros2/CMakeFiles/px4__rosidl_generator_c.dir/rosidl_generator_c/px4/msg/detail/actuator_motors__functions.c.o\x1b[0m\n'}
[7.733356] (px4) StdoutLine: {'line': b'[  0%] \x1b[32mBuilding C object platforms/ros2/CMakeFiles/px4__rosidl_generator_c.dir/rosidl_generator_c/px4/msg/detail/actuator_outputs__functions.c.o\x1b[0m\n'}
[7.733628] (px4) StdoutLine: {'line': b'[  0%] \x1b[32mBuilding C object platforms/ros2/CMakeFiles/px4__rosidl_generator_c.dir/rosidl_generator_c/px4/msg/detail/actuator_servos_trim__functions.c.o\x1b[0m\n'}
[7.733711] (px4) StdoutLine: {'line': b'[  0%] \x1b[32mBuilding C object platforms/ros2/CMakeFiles/px4__rosidl_generator_c.dir/rosidl_generator_c/px4/msg/detail/actuator_armed__functions.c.o\x1b[0m\n'}
[7.734003] (px4) StdoutLine: {'line': b'[  0%] \x1b[32mBuilding C object platforms/ros2/CMakeFiles/px4__rosidl_generator_c.dir/rosidl_generator_c/px4/msg/detail/airspeed__functions.c.o\x1b[0m\n'}
[7.734089] (px4) StdoutLine: {'line': b'[  0%] \x1b[32mBuilding C object platforms/ros2/CMakeFiles/px4__rosidl_generator_c.dir/rosidl_generator_c/px4/msg/detail/airspeed_validated__functions.c.o\x1b[0m\n'}
[7.734582] (px4) StderrLine: {'line': b'gmake[1]: *** [CMakeFiles/Makefile2:6187: platforms/ros2/CMakeFiles/ament_cmake_python_build_px4_egg.dir/all] Error 2\n'}
[7.734691] (px4) StderrLine: {'line': b'gmake[1]: *** Waiting for unfinished jobs....\n'}
[7.735071] (px4) StdoutLine: {'line': b'[  1%] \x1b[32mBuilding C object platforms/ros2/CMakeFiles/px4__rosidl_generator_c.dir/rosidl_generator_c/px4/msg/detail/arming_check_reply__functions.c.o\x1b[0m\n'}
[7.735232] (px4) StdoutLine: {'line': b'[  1%] \x1b[32mBuilding C object platforms/ros2/CMakeFiles/px4__rosidl_generator_c.dir/rosidl_generator_c/px4/msg/detail/airspeed_wind__functions.c.o\x1b[0m\n'}
[7.735490] (px4) StdoutLine: {'line': b'[  1%] \x1b[32mBuilding C object platforms/ros2/CMakeFiles/px4__rosidl_generator_c.dir/rosidl_generator_c/px4/msg/detail/actuator_test__functions.c.o\x1b[0m\n'}
[7.735581] (px4) StdoutLine: {'line': b'[  1%] \x1b[32mBuilding C object platforms/ros2/CMakeFiles/px4__rosidl_generator_c.dir/rosidl_generator_c/px4/msg/detail/adc_report__functions.c.o\x1b[0m\n'}
[7.735661] (px4) StdoutLine: {'line': b'[  1%] \x1b[32mBuilding C object platforms/ros2/CMakeFiles/px4__rosidl_generator_c.dir/rosidl_generator_c/px4/msg/detail/autotune_attitude_control_status__functions.c.o\x1b[0m\n'}
[7.735868] (px4) StdoutLine: {'line': b'[  1%] \x1b[32mBuilding C object platforms/ros2/CMakeFiles/px4__rosidl_generator_c.dir/rosidl_generator_c/px4/msg/detail/buffer128__functions.c.o\x1b[0m\n'}
[7.735963] (px4) StdoutLine: {'line': b'[  1%] \x1b[32mBuilding C object platforms/ros2/CMakeFiles/px4__rosidl_generator_c.dir/rosidl_generator_c/px4/msg/detail/arming_check_request__functions.c.o\x1b[0m\n'}
[7.736570] (px4) StdoutLine: {'line': b'[  1%] \x1b[32mBuilding C object platforms/ros2/CMakeFiles/px4__rosidl_generator_c.dir/rosidl_generator_c/px4/msg/detail/camera_capture__functions.c.o\x1b[0m\n'}
[7.736679] (px4) StdoutLine: {'line': b'[  1%] \x1b[32mBuilding C object platforms/ros2/CMakeFiles/px4__rosidl_generator_c.dir/rosidl_generator_c/px4/msg/detail/battery_status__functions.c.o\x1b[0m\n'}
[7.736961] (px4) StdoutLine: {'line': b'[  1%] \x1b[32mBuilding C object platforms/ros2/CMakeFiles/px4__rosidl_generator_c.dir/rosidl_generator_c/px4/msg/detail/button_event__functions.c.o\x1b[0m\n'}
[7.737045] (px4) StdoutLine: {'line': b'[  1%] \x1b[32mBuilding C object platforms/ros2/CMakeFiles/px4__rosidl_generator_c.dir/rosidl_generator_c/px4/msg/detail/camera_status__functions.c.o\x1b[0m\n'}
[7.739285] (px4) StderrLine: {'line': b'\x1b[01m\x1b[Kcc1:\x1b[m\x1b[K \x1b[01;31m\x1b[Kfatal error: \x1b[m\x1b[K/home/inlab22/Documents/automated_planogram_compliance/simulations/build/px4/platforms/ros2/rosidl_generator_c/px4/msg/detail/actuator_servos__functions.c: No such file or directory\n'}
[7.740147] (px4) StderrLine: {'line': b'\x1b[01m\x1b[Kcc1:\x1b[m\x1b[K \x1b[01;31m\x1b[Kfatal error: \x1b[m\x1b[K/home/inlab22/Documents/automated_planogram_compliance/simulations/build/px4/platforms/ros2/rosidl_generator_c/px4/msg/detail/actuator_controls_status__functions.c: No such file or directory\n'}
[7.740245] (px4) StderrLine: {'line': b'compilation terminated.\n'}
[7.740322] (px4) StderrLine: {'line': b'compilation terminated.\n'}
[7.740394] (px4) StderrLine: {'line': b'\x1b[01m\x1b[Kcc1:\x1b[m\x1b[K \x1b[01;31m\x1b[Kfatal error: \x1b[m\x1b[K/home/inlab22/Documents/automated_planogram_compliance/simulations/build/px4/platforms/ros2/rosidl_generator_c/px4/msg/detail/action_request__functions.c: No such file or directory\n'}
[7.740464] (px4) StderrLine: {'line': b'compilation terminated.\n'}
[7.740595] (px4) StderrLine: {'line': b'\x1b[01m\x1b[Kcc1:\x1b[m\x1b[K \x1b[01;31m\x1b[Kfatal error: \x1b[m\x1b[K/home/inlab22/Documents/automated_planogram_compliance/simulations/build/px4/platforms/ros2/rosidl_generator_c/px4/msg/detail/actuator_motors__functions.c: No such file or directory\n'}
[7.740669] (px4) StderrLine: {'line': b'compilation terminated.\n'}
[7.740735] (px4) StderrLine: {'line': b'\x1b[01m\x1b[Kcc1:\x1b[m\x1b[K \x1b[01;31m\x1b[Kfatal error: \x1b[m\x1b[K/home/inlab22/Documents/automated_planogram_compliance/simulations/build/px4/platforms/ros2/rosidl_generator_c/px4/msg/detail/actuator_armed__functions.c: No such file or directory\n'}
[7.740812] (px4) StderrLine: {'line': b'compilation terminated.\n'}
[7.740883] (px4) StderrLine: {'line': b'gmake[2]: *** [platforms/ros2/CMakeFiles/px4__rosidl_generator_c.dir/build.make:3557: platforms/ros2/CMakeFiles/px4__rosidl_generator_c.dir/rosidl_generator_c/px4/msg/detail/actuator_controls_status__functions.c.o] Error 1\n'}
[7.740971] (px4) StderrLine: {'line': b'gmake[2]: *** Waiting for unfinished jobs....\n'}
[7.741064] (px4) StderrLine: {'line': b'gmake[2]: *** [platforms/ros2/CMakeFiles/px4__rosidl_generator_c.dir/build.make:3599: platforms/ros2/CMakeFiles/px4__rosidl_generator_c.dir/rosidl_generator_c/px4/msg/detail/actuator_servos__functions.c.o] Error 1\n'}
[7.741122] (px4) StderrLine: {'line': b'gmake[2]: *** [platforms/ros2/CMakeFiles/px4__rosidl_generator_c.dir/build.make:3529: platforms/ros2/CMakeFiles/px4__rosidl_generator_c.dir/rosidl_generator_c/px4/msg/detail/action_request__functions.c.o] Error 1\n'}
[7.741184] (px4) StderrLine: {'line': b'\x1b[01m\x1b[Kcc1:\x1b[m\x1b[K \x1b[01;31m\x1b[Kfatal error: \x1b[m\x1b[K/home/inlab22/Documents/automated_planogram_compliance/simulations/build/px4/platforms/ros2/rosidl_generator_c/px4/msg/detail/actuator_outputs__functions.c: No such file or directory\n'}
[7.741238] (px4) StderrLine: {'line': b'compilation terminated.\n'}
[7.741384] (px4) StderrLine: {'line': b'gmake[2]: *** [platforms/ros2/CMakeFiles/px4__rosidl_generator_c.dir/build.make:3543: platforms/ros2/CMakeFiles/px4__rosidl_generator_c.dir/rosidl_generator_c/px4/msg/detail/actuator_armed__functions.c.o] Error 1\n'}
[7.741516] (px4) StderrLine: {'line': b'\x1b[01m\x1b[Kcc1:\x1b[m\x1b[K \x1b[01;31m\x1b[Kfatal error: \x1b[m\x1b[K/home/inlab22/Documents/automated_planogram_compliance/simulations/build/px4/platforms/ros2/rosidl_generator_c/px4/msg/detail/actuator_servos_trim__functions.c: No such file or directory\n'}
[7.741588] (px4) StderrLine: {'line': b'compilation terminated.\n'}
[7.741806] (px4) StderrLine: {'line': b'\x1b[01m\x1b[Kcc1:\x1b[m\x1b[K \x1b[01;31m\x1b[Kfatal error: \x1b[m\x1b[K/home/inlab22/Documents/automated_planogram_compliance/simulations/build/px4/platforms/ros2/rosidl_generator_c/px4/msg/detail/airspeed__functions.c: No such file or directory\n'}
[7.742056] (px4) StderrLine: {'line': b'compilation terminated.\n'}
[7.742117] (px4) StderrLine: {'line': b'\x1b[01m\x1b[Kcc1:\x1b[m\x1b[K \x1b[01;31m\x1b[Kfatal error: \x1b[m\x1b[K/home/inlab22/Documents/automated_planogram_compliance/simulations/build/px4/platforms/ros2/rosidl_generator_c/px4/msg/detail/airspeed_validated__functions.c: No such file or directory\n'}
[7.742171] (px4) StderrLine: {'line': b'compilation terminated.\n'}
[7.742226] (px4) StderrLine: {'line': b'gmake[2]: *** [platforms/ros2/CMakeFiles/px4__rosidl_generator_c.dir/build.make:3585: platforms/ros2/CMakeFiles/px4__rosidl_generator_c.dir/rosidl_generator_c/px4/msg/detail/actuator_outputs__functions.c.o] Error 1\n'}
[7.742291] (px4) StderrLine: {'line': b'gmake[2]: *** [platforms/ros2/CMakeFiles/px4__rosidl_generator_c.dir/build.make:3571: platforms/ros2/CMakeFiles/px4__rosidl_generator_c.dir/rosidl_generator_c/px4/msg/detail/actuator_motors__functions.c.o] Error 1\n'}
[7.742482] (px4) StderrLine: {'line': b'gmake[2]: *** [platforms/ros2/CMakeFiles/px4__rosidl_generator_c.dir/build.make:3613: platforms/ros2/CMakeFiles/px4__rosidl_generator_c.dir/rosidl_generator_c/px4/msg/detail/actuator_servos_trim__functions.c.o] Error 1\n'}
[7.742634] (px4) StderrLine: {'line': b'\x1b[01m\x1b[Kcc1:\x1b[m\x1b[K \x1b[01;31m\x1b[Kfatal error: \x1b[m\x1b[K/home/inlab22/Documents/automated_planogram_compliance/simulations/build/px4/platforms/ros2/rosidl_generator_c/px4/msg/detail/actuator_test__functions.c: No such file or directory\n'}
[7.742707] (px4) StderrLine: {'line': b'compilation terminated.\n'}
[7.742780] (px4) StderrLine: {'line': b'\x1b[01m\x1b[Kcc1:\x1b[m\x1b[K \x1b[01;31m\x1b[Kfatal error: \x1b[m\x1b[K/home/inlab22/Documents/automated_planogram_compliance/simulations/build/px4/platforms/ros2/rosidl_generator_c/px4/msg/detail/adc_report__functions.c: No such file or directory\n'}
[7.742869] (px4) StderrLine: {'line': b'compilation terminated.\n'}
[7.742995] (px4) StderrLine: {'line': b'gmake[2]: *** [platforms/ros2/CMakeFiles/px4__rosidl_generator_c.dir/build.make:3655: platforms/ros2/CMakeFiles/px4__rosidl_generator_c.dir/rosidl_generator_c/px4/msg/detail/airspeed__functions.c.o] Error 1\n'}
[7.743091] (px4) StderrLine: {'line': b'gmake[2]: *** [platforms/ros2/CMakeFiles/px4__rosidl_generator_c.dir/build.make:3669: platforms/ros2/CMakeFiles/px4__rosidl_generator_c.dir/rosidl_generator_c/px4/msg/detail/airspeed_validated__functions.c.o] Error 1\n'}
[7.743219] (px4) StderrLine: {'line': b'\x1b[01m\x1b[Kcc1:\x1b[m\x1b[K \x1b[01;31m\x1b[Kfatal error: \x1b[m\x1b[K/home/inlab22/Documents/automated_planogram_compliance/simulations/build/px4/platforms/ros2/rosidl_generator_c/px4/msg/detail/arming_check_reply__functions.c: No such file or directory\n'}
[7.743477] (px4) StderrLine: {'line': b'compilation terminated.\n'}
[7.743541] (px4) StderrLine: {'line': b'\x1b[01m\x1b[Kcc1:\x1b[m\x1b[K \x1b[01;31m\x1b[Kfatal error: \x1b[m\x1b[K/home/inlab22/Documents/automated_planogram_compliance/simulations/build/px4/platforms/ros2/rosidl_generator_c/px4/msg/detail/arming_check_request__functions.c: No such file or directory\n'}
[7.743598] (px4) StderrLine: {'line': b'compilation terminated.\n'}
[7.743673] (px4) StderrLine: {'line': b'\x1b[01m\x1b[Kcc1:\x1b[m\x1b[K \x1b[01;31m\x1b[Kfatal error: \x1b[m\x1b[K/home/inlab22/Documents/automated_planogram_compliance/simulations/build/px4/platforms/ros2/rosidl_generator_c/px4/msg/detail/airspeed_wind__functions.c: No such file or directory\n'}
[7.743725] (px4) StderrLine: {'line': b'gmake[2]: *** [platforms/ros2/CMakeFiles/px4__rosidl_generator_c.dir/build.make:3641: platforms/ros2/CMakeFiles/px4__rosidl_generator_c.dir/rosidl_generator_c/px4/msg/detail/adc_report__functions.c.o] Error 1\n'}
[7.743793] (px4) StderrLine: {'line': b'compilation terminated.\n'}
[7.743874] (px4) StderrLine: {'line': b'gmake[2]: *** [platforms/ros2/CMakeFiles/px4__rosidl_generator_c.dir/build.make:3627: platforms/ros2/CMakeFiles/px4__rosidl_generator_c.dir/rosidl_generator_c/px4/msg/detail/actuator_test__functions.c.o] Error 1\n'}
[7.744020] (px4) StderrLine: {'line': b'\x1b[01m\x1b[Kcc1:\x1b[m\x1b[K \x1b[01;31m\x1b[Kfatal error: \x1b[m\x1b[K/home/inlab22/Documents/automated_planogram_compliance/simulations/build/px4/platforms/ros2/rosidl_generator_c/px4/msg/detail/battery_status__functions.c: No such file or directory\n'}
[7.744087] (px4) StderrLine: {'line': b'\x1b[01m\x1b[Kcc1:\x1b[m\x1b[K \x1b[01;31m\x1b[Kfatal error: \x1b[m\x1b[K/home/inlab22/Documents/automated_planogram_compliance/simulations/build/px4/platforms/ros2/rosidl_generator_c/px4/msg/detail/buffer128__functions.c: No such file or directory\n'}
[7.744138] (px4) StderrLine: {'line': b'compilation terminated.\n'}
[7.744187] (px4) StderrLine: {'line': b'compilation terminated.\n'}
[7.744343] (px4) StderrLine: {'line': b'\x1b[01m\x1b[Kcc1:\x1b[m\x1b[K \x1b[01;31m\x1b[Kfatal error: \x1b[m\x1b[K/home/inlab22/Documents/automated_planogram_compliance/simulations/build/px4/platforms/ros2/rosidl_generator_c/px4/msg/detail/autotune_attitude_control_status__functions.c: No such file or directory\n'}
[7.744406] (px4) StderrLine: {'line': b'compilation terminated.\n'}
[7.744455] (px4) StderrLine: {'line': b'gmake[2]: *** [platforms/ros2/CMakeFiles/px4__rosidl_generator_c.dir/build.make:3711: platforms/ros2/CMakeFiles/px4__rosidl_generator_c.dir/rosidl_generator_c/px4/msg/detail/arming_check_request__functions.c.o] Error 1\n'}
[7.744520] (px4) StderrLine: {'line': b'gmake[2]: *** [platforms/ros2/CMakeFiles/px4__rosidl_generator_c.dir/build.make:3697: platforms/ros2/CMakeFiles/px4__rosidl_generator_c.dir/rosidl_generator_c/px4/msg/detail/arming_check_reply__functions.c.o] Error 1\n'}
[7.744571] (px4) StderrLine: {'line': b'gmake[2]: *** [platforms/ros2/CMakeFiles/px4__rosidl_generator_c.dir/build.make:3683: platforms/ros2/CMakeFiles/px4__rosidl_generator_c.dir/rosidl_generator_c/px4/msg/detail/airspeed_wind__functions.c.o] Error 1\n'}
[7.744655] (px4) StderrLine: {'line': b'\x1b[01m\x1b[Kcc1:\x1b[m\x1b[K \x1b[01;31m\x1b[Kfatal error: \x1b[m\x1b[K/home/inlab22/Documents/automated_planogram_compliance/simulations/build/px4/platforms/ros2/rosidl_generator_c/px4/msg/detail/camera_capture__functions.c: No such file or directory\n'}
[7.744721] (px4) StderrLine: {'line': b'compilation terminated.\n'}
[7.744855] (px4) StderrLine: {'line': b'\x1b[01m\x1b[Kcc1:\x1b[m\x1b[K \x1b[01;31m\x1b[Kfatal error: \x1b[m\x1b[K/home/inlab22/Documents/automated_planogram_compliance/simulations/build/px4/platforms/ros2/rosidl_generator_c/px4/msg/detail/button_event__functions.c: No such file or directory\n'}
[7.744936] (px4) StderrLine: {'line': b'compilation terminated.\n'}
[7.745044] (px4) StderrLine: {'line': b'gmake[2]: *** [platforms/ros2/CMakeFiles/px4__rosidl_generator_c.dir/build.make:3753: platforms/ros2/CMakeFiles/px4__rosidl_generator_c.dir/rosidl_generator_c/px4/msg/detail/buffer128__functions.c.o] Error 1\n'}
[7.745147] (px4) StderrLine: {'line': b'\x1b[01m\x1b[Kcc1:\x1b[m\x1b[K \x1b[01;31m\x1b[Kfatal error: \x1b[m\x1b[K/home/inlab22/Documents/automated_planogram_compliance/simulations/build/px4/platforms/ros2/rosidl_generator_c/px4/msg/detail/camera_status__functions.c: No such file or directory\n'}
[7.745223] (px4) StderrLine: {'line': b'compilation terminated.\n'}
[7.745295] (px4) StderrLine: {'line': b'gmake[2]: *** [platforms/ros2/CMakeFiles/px4__rosidl_generator_c.dir/build.make:3739: platforms/ros2/CMakeFiles/px4__rosidl_generator_c.dir/rosidl_generator_c/px4/msg/detail/battery_status__functions.c.o] Error 1\n'}
[7.745387] (px4) StderrLine: {'line': b'gmake[2]: *** [platforms/ros2/CMakeFiles/px4__rosidl_generator_c.dir/build.make:3725: platforms/ros2/CMakeFiles/px4__rosidl_generator_c.dir/rosidl_generator_c/px4/msg/detail/autotune_attitude_control_status__functions.c.o] Error 1\n'}
[7.745614] (px4) StderrLine: {'line': b'gmake[2]: *** [platforms/ros2/CMakeFiles/px4__rosidl_generator_c.dir/build.make:3781: platforms/ros2/CMakeFiles/px4__rosidl_generator_c.dir/rosidl_generator_c/px4/msg/detail/camera_capture__functions.c.o] Error 1\n'}
[7.745794] (px4) StderrLine: {'line': b'gmake[2]: *** [platforms/ros2/CMakeFiles/px4__rosidl_generator_c.dir/build.make:3767: platforms/ros2/CMakeFiles/px4__rosidl_generator_c.dir/rosidl_generator_c/px4/msg/detail/button_event__functions.c.o] Error 1\n'}
[7.746144] (px4) StderrLine: {'line': b'gmake[2]: *** [platforms/ros2/CMakeFiles/px4__rosidl_generator_c.dir/build.make:3795: platforms/ros2/CMakeFiles/px4__rosidl_generator_c.dir/rosidl_generator_c/px4/msg/detail/camera_status__functions.c.o] Error 1\n'}
[7.746725] (px4) StderrLine: {'line': b'gmake[1]: *** [CMakeFiles/Makefile2:5953: platforms/ros2/CMakeFiles/px4__rosidl_generator_c.dir/all] Error 2\n'}
[7.752612] (px4) StdoutLine: {'line': b'[  1%] \x1b[32mBuilding CXX object platforms/ros2/CMakeFiles/px4__rosidl_typesupport_cpp.dir/rosidl_typesupport_cpp/px4/msg/action_request__type_support.cpp.o\x1b[0m\n'}
[7.752939] (px4) StdoutLine: {'line': b'[  1%] \x1b[32mBuilding CXX object platforms/ros2/CMakeFiles/px4__rosidl_typesupport_cpp.dir/rosidl_typesupport_cpp/px4/msg/actuator_servos_trim__type_support.cpp.o\x1b[0m\n'}
[7.753026] (px4) StdoutLine: {'line': b'[  1%] \x1b[32mBuilding CXX object platforms/ros2/CMakeFiles/px4__rosidl_typesupport_cpp.dir/rosidl_typesupport_cpp/px4/msg/actuator_motors__type_support.cpp.o\x1b[0m\n'}
[7.753119] (px4) StdoutLine: {'line': b'[  1%] \x1b[32mBuilding CXX object platforms/ros2/CMakeFiles/px4__rosidl_typesupport_cpp.dir/rosidl_typesupport_cpp/px4/msg/actuator_test__type_support.cpp.o\x1b[0m\n'}
[7.753234] (px4) StdoutLine: {'line': b'[  1%] \x1b[32mBuilding CXX object platforms/ros2/CMakeFiles/px4__rosidl_typesupport_cpp.dir/rosidl_typesupport_cpp/px4/msg/actuator_armed__type_support.cpp.o\x1b[0m\n'}
[7.753366] (px4) StdoutLine: {'line': b'[  1%] \x1b[32mBuilding CXX object platforms/ros2/CMakeFiles/px4__rosidl_typesupport_cpp.dir/rosidl_typesupport_cpp/px4/msg/actuator_outputs__type_support.cpp.o\x1b[0m\n'}
[7.753556] (px4) StdoutLine: {'line': b'[  1%] \x1b[32mBuilding CXX object platforms/ros2/CMakeFiles/px4__rosidl_typesupport_cpp.dir/rosidl_typesupport_cpp/px4/msg/actuator_servos__type_support.cpp.o\x1b[0m\n'}
[7.753641] (px4) StdoutLine: {'line': b'[  1%] \x1b[32mBuilding CXX object platforms/ros2/CMakeFiles/px4__rosidl_typesupport_cpp.dir/rosidl_typesupport_cpp/px4/msg/airspeed__type_support.cpp.o\x1b[0m\n'}
[7.753803] (px4) StdoutLine: {'line': b'[  1%] \x1b[32mBuilding CXX object platforms/ros2/CMakeFiles/px4__rosidl_typesupport_cpp.dir/rosidl_typesupport_cpp/px4/msg/actuator_controls_status__type_support.cpp.o\x1b[0m\n'}
[7.754026] (px4) StdoutLine: {'line': b'[  1%] \x1b[32mBuilding CXX object platforms/ros2/CMakeFiles/px4__rosidl_typesupport_cpp.dir/rosidl_typesupport_cpp/px4/msg/airspeed_validated__type_support.cpp.o\x1b[0m\n'}
[7.754543] (px4) StdoutLine: {'line': b'[  1%] \x1b[32mBuilding CXX object platforms/ros2/CMakeFiles/px4__rosidl_typesupport_cpp.dir/rosidl_typesupport_cpp/px4/msg/arming_check_reply__type_support.cpp.o\x1b[0m\n'}
[7.754961] (px4) StdoutLine: {'line': b'[  2%] \x1b[32mBuilding CXX object platforms/ros2/CMakeFiles/px4__rosidl_typesupport_cpp.dir/rosidl_typesupport_cpp/px4/msg/arming_check_request__type_support.cpp.o\x1b[0m\n'}
[7.755062] (px4) StdoutLine: {'line': b'[  2%] \x1b[32mBuilding CXX object platforms/ros2/CMakeFiles/px4__rosidl_typesupport_cpp.dir/rosidl_typesupport_cpp/px4/msg/adc_report__type_support.cpp.o\x1b[0m\n'}
[7.755690] (px4) StdoutLine: {'line': b'[  2%] \x1b[32mBuilding CXX object platforms/ros2/CMakeFiles/px4__rosidl_typesupport_cpp.dir/rosidl_typesupport_cpp/px4/msg/battery_status__type_support.cpp.o\x1b[0m\n'}
[7.755934] (px4) StdoutLine: {'line': b'[  2%] \x1b[32mBuilding CXX object platforms/ros2/CMakeFiles/px4__rosidl_typesupport_cpp.dir/rosidl_typesupport_cpp/px4/msg/buffer128__type_support.cpp.o\x1b[0m\n'}
[7.756078] (px4) StdoutLine: {'line': b'[  2%] \x1b[32mBuilding CXX object platforms/ros2/CMakeFiles/px4__rosidl_typesupport_cpp.dir/rosidl_typesupport_cpp/px4/msg/airspeed_wind__type_support.cpp.o\x1b[0m\n'}
[7.756146] (px4) StdoutLine: {'line': b'[  2%] \x1b[32mBuilding CXX object platforms/ros2/CMakeFiles/px4__rosidl_typesupport_cpp.dir/rosidl_typesupport_cpp/px4/msg/button_event__type_support.cpp.o\x1b[0m\n'}
[7.756210] (px4) StdoutLine: {'line': b'[  2%] \x1b[32mBuilding CXX object platforms/ros2/CMakeFiles/px4__rosidl_typesupport_cpp.dir/rosidl_typesupport_cpp/px4/msg/autotune_attitude_control_status__type_support.cpp.o\x1b[0m\n'}
[7.756477] (px4) StdoutLine: {'line': b'[  2%] \x1b[32mBuilding CXX object platforms/ros2/CMakeFiles/px4__rosidl_typesupport_cpp.dir/rosidl_typesupport_cpp/px4/msg/camera_capture__type_support.cpp.o\x1b[0m\n'}
[7.756587] (px4) StdoutLine: {'line': b'[  2%] \x1b[32mBuilding CXX object platforms/ros2/CMakeFiles/px4__rosidl_typesupport_cpp.dir/rosidl_typesupport_cpp/px4/msg/can_interface_status__type_support.cpp.o\x1b[0m\n'}
[7.756721] (px4) StdoutLine: {'line': b'[  2%] \x1b[32mBuilding CXX object platforms/ros2/CMakeFiles/px4__rosidl_typesupport_cpp.dir/rosidl_typesupport_cpp/px4/msg/camera_status__type_support.cpp.o\x1b[0m\n'}
[7.757069] (px4) StdoutLine: {'line': b'[  2%] \x1b[32mBuilding CXX object platforms/ros2/CMakeFiles/px4__rosidl_typesupport_cpp.dir/rosidl_typesupport_cpp/px4/msg/camera_trigger__type_support.cpp.o\x1b[0m\n'}
[7.760069] (px4) StderrLine: {'line': b'\x1b[01m\x1b[Kcc1plus:\x1b[m\x1b[K \x1b[01;31m\x1b[Kfatal error: \x1b[m\x1b[K/home/inlab22/Documents/automated_planogram_compliance/simulations/build/px4/platforms/ros2/rosidl_typesupport_cpp/px4/msg/actuator_servos_trim__type_support.cpp: No such file or directory\n'}
[7.760306] (px4) StderrLine: {'line': b'\x1b[01m\x1b[Kcc1plus:\x1b[m\x1b[K \x1b[01;31m\x1b[Kfatal error: \x1b[m\x1b[K/home/inlab22/Documents/automated_planogram_compliance/simulations/build/px4/platforms/ros2/rosidl_typesupport_cpp/px4/msg/actuator_test__type_support.cpp: No such file or directory\n'}
[7.760386] (px4) StderrLine: {'line': b'\x1b[01m\x1b[Kcc1plus:\x1b[m\x1b[K \x1b[01;31m\x1b[Kfatal error: \x1b[m\x1b[K/home/inlab22/Documents/automated_planogram_compliance/simulations/build/px4/platforms/ros2/rosidl_typesupport_cpp/px4/msg/actuator_motors__type_support.cpp: No such file or directory\n'}
[7.760460] (px4) StderrLine: {'line': b'compilation terminated.\n'}
[7.760586] (px4) StderrLine: {'line': b'compilation terminated.\n'}
[7.760859] (px4) StderrLine: {'line': b'\x1b[01m\x1b[Kcc1plus:\x1b[m\x1b[K \x1b[01;31m\x1b[Kfatal error: \x1b[m\x1b[K/home/inlab22/Documents/automated_planogram_compliance/simulations/build/px4/platforms/ros2/rosidl_typesupport_cpp/px4/msg/actuator_outputs__type_support.cpp: No such file or directory\n'}
[7.760998] (px4) StderrLine: {'line': b'compilation terminated.\n'}
[7.761072] (px4) StderrLine: {'line': b'\x1b[01m\x1b[Kcc1plus:\x1b[m\x1b[K \x1b[01;31m\x1b[Kfatal error: \x1b[m\x1b[K/home/inlab22/Documents/automated_planogram_compliance/simulations/build/px4/platforms/ros2/rosidl_typesupport_cpp/px4/msg/actuator_armed__type_support.cpp: No such file or directory\n'}
[7.761146] (px4) StderrLine: {'line': b'compilation terminated.\n'}
[7.761265] (px4) StderrLine: {'line': b'compilation terminated.\n'}
[7.761342] (px4) StderrLine: {'line': b'\x1b[01m\x1b[Kcc1plus:\x1b[m\x1b[K \x1b[01;31m\x1b[Kfatal error: \x1b[m\x1b[K/home/inlab22/Documents/automated_planogram_compliance/simulations/build/px4/platforms/ros2/rosidl_typesupport_cpp/px4/msg/actuator_controls_status__type_support.cpp: No such file or directory\n'}
[7.761429] (px4) StderrLine: {'line': b'compilation terminated.\n'}
[7.761532] (px4) StderrLine: {'line': b'\x1b[01m\x1b[Kcc1plus:\x1b[m\x1b[K \x1b[01;31m\x1b[Kfatal error: \x1b[m\x1b[K/home/inlab22/Documents/automated_planogram_compliance/simulations/build/px4/platforms/ros2/rosidl_typesupport_cpp/px4/msg/actuator_servos__type_support.cpp: No such file or directory\n'}
[7.761641] (px4) StderrLine: {'line': b'compilation terminated.\n'}
[7.761702] (px4) StderrLine: {'line': b'\x1b[01m\x1b[Kcc1plus:\x1b[m\x1b[K \x1b[01;31m\x1b[Kfatal error: \x1b[m\x1b[K/home/inlab22/Documents/automated_planogram_compliance/simulations/build/px4/platforms/ros2/rosidl_typesupport_cpp/px4/msg/action_request__type_support.cpp: No such file or directory\n'}
[7.761763] (px4) StderrLine: {'line': b'compilation terminated.\n'}
[7.761821] (px4) StderrLine: {'line': b'gmake[2]: *** [platforms/ros2/CMakeFiles/px4__rosidl_typesupport_cpp.dir/build.make:984: platforms/ros2/CMakeFiles/px4__rosidl_typesupport_cpp.dir/rosidl_typesupport_cpp/px4/msg/actuator_motors__type_support.cpp.o] Error 1\n'}
[7.761881] (px4) StderrLine: {'line': b'gmake[2]: *** Waiting for unfinished jobs....\n'}
[7.761940] (px4) StderrLine: {'line': b'gmake[2]: *** [platforms/ros2/CMakeFiles/px4__rosidl_typesupport_cpp.dir/build.make:1040: platforms/ros2/CMakeFiles/px4__rosidl_typesupport_cpp.dir/rosidl_typesupport_cpp/px4/msg/actuator_test__type_support.cpp.o] Error 1\n'}
[7.762224] (px4) StderrLine: {'line': b'gmake[2]: *** [platforms/ros2/CMakeFiles/px4__rosidl_typesupport_cpp.dir/build.make:1026: platforms/ros2/CMakeFiles/px4__rosidl_typesupport_cpp.dir/rosidl_typesupport_cpp/px4/msg/actuator_servos_trim__type_support.cpp.o] Error 1\n'}
[7.762331] (px4) StderrLine: {'line': b'gmake[2]: *** [platforms/ros2/CMakeFiles/px4__rosidl_typesupport_cpp.dir/build.make:956: platforms/ros2/CMakeFiles/px4__rosidl_typesupport_cpp.dir/rosidl_typesupport_cpp/px4/msg/actuator_armed__type_support.cpp.o] Error 1\n'}
[7.762460] (px4) StderrLine: {'line': b'\x1b[01m\x1b[Kcc1plus:\x1b[m\x1b[K \x1b[01;31m\x1b[Kfatal error: \x1b[m\x1b[K/home/inlab22/Documents/automated_planogram_compliance/simulations/build/px4/platforms/ros2/rosidl_typesupport_cpp/px4/msg/adc_report__type_support.cpp: No such file or directory\n'}
[7.762535] (px4) StderrLine: {'line': b'compilation terminated.\n'}
[7.762604] (px4) StderrLine: {'line': b'gmake[2]: *** [platforms/ros2/CMakeFiles/px4__rosidl_typesupport_cpp.dir/build.make:970: platforms/ros2/CMakeFiles/px4__rosidl_typesupport_cpp.dir/rosidl_typesupport_cpp/px4/msg/actuator_controls_status__type_support.cpp.o] Error 1\n'}
[7.762728] (px4) StderrLine: {'line': b'\x1b[01m\x1b[Kcc1plus:\x1b[m\x1b[K \x1b[01;31m\x1b[Kfatal error: \x1b[m\x1b[K/home/inlab22/Documents/automated_planogram_compliance/simulations/build/px4/platforms/ros2/rosidl_typesupport_cpp/px4/msg/airspeed__type_support.cpp: No such file or directory\n'}
[7.762803] (px4) StderrLine: {'line': b'\x1b[01m\x1b[Kcc1plus:\x1b[m\x1b[K \x1b[01;31m\x1b[Kfatal error: \x1b[m\x1b[K/home/inlab22/Documents/automated_planogram_compliance/simulations/build/px4/platforms/ros2/rosidl_typesupport_cpp/px4/msg/airspeed_validated__type_support.cpp: No such file or directory\n'}
[7.762886] (px4) StderrLine: {'line': b'compilation terminated.\n'}
[7.762993] (px4) StderrLine: {'line': b'compilation terminated.\n'}
[7.763066] (px4) StderrLine: {'line': b'\x1b[01m\x1b[Kcc1plus:\x1b[m\x1b[K \x1b[01;31m\x1b[Kfatal error: \x1b[m\x1b[K/home/inlab22/Documents/automated_planogram_compliance/simulations/build/px4/platforms/ros2/rosidl_typesupport_cpp/px4/msg/arming_check_request__type_support.cpp: No such file or directory\n'}
[7.763139] (px4) StderrLine: {'line': b'gmake[2]: *** [platforms/ros2/CMakeFiles/px4__rosidl_typesupport_cpp.dir/build.make:998: platforms/ros2/CMakeFiles/px4__rosidl_typesupport_cpp.dir/rosidl_typesupport_cpp/px4/msg/actuator_outputs__type_support.cpp.o] Error 1\n'}
[7.763210] (px4) StderrLine: {'line': b'compilation terminated.\n'}
[7.763283] (px4) StderrLine: {'line': b'gmake[2]: *** [platforms/ros2/CMakeFiles/px4__rosidl_typesupport_cpp.dir/build.make:1012: platforms/ros2/CMakeFiles/px4__rosidl_typesupport_cpp.dir/rosidl_typesupport_cpp/px4/msg/actuator_servos__type_support.cpp.o] Error 1\n'}
[7.763405] (px4) StderrLine: {'line': b'gmake[2]: *** [platforms/ros2/CMakeFiles/px4__rosidl_typesupport_cpp.dir/build.make:942: platforms/ros2/CMakeFiles/px4__rosidl_typesupport_cpp.dir/rosidl_typesupport_cpp/px4/msg/action_request__type_support.cpp.o] Error 1\n'}
[7.763476] (px4) StderrLine: {'line': b'\x1b[01m\x1b[Kcc1plus:\x1b[m\x1b[K \x1b[01;31m\x1b[Kfatal error: \x1b[m\x1b[K/home/inlab22/Documents/automated_planogram_compliance/simulations/build/px4/platforms/ros2/rosidl_typesupport_cpp/px4/msg/arming_check_reply__type_support.cpp: No such file or directory\n'}
[7.763569] (px4) StderrLine: {'line': b'compilation terminated.\n'}
[7.763641] (px4) StderrLine: {'line': b'gmake[2]: *** [platforms/ros2/CMakeFiles/px4__rosidl_typesupport_cpp.dir/build.make:1054: platforms/ros2/CMakeFiles/px4__rosidl_typesupport_cpp.dir/rosidl_typesupport_cpp/px4/msg/adc_report__type_support.cpp.o] Error 1\n'}
[7.763803] (px4) StderrLine: {'line': b'gmake[2]: *** [platforms/ros2/CMakeFiles/px4__rosidl_typesupport_cpp.dir/build.make:1082: platforms/ros2/CMakeFiles/px4__rosidl_typesupport_cpp.dir/rosidl_typesupport_cpp/px4/msg/airspeed_validated__type_support.cpp.o] Error 1\n'}
[7.763901] (px4) StderrLine: {'line': b'\x1b[01m\x1b[Kcc1plus:\x1b[m\x1b[K \x1b[01;31m\x1b[Kfatal error: \x1b[m\x1b[K/home/inlab22/Documents/automated_planogram_compliance/simulations/build/px4/platforms/ros2/rosidl_typesupport_cpp/px4/msg/battery_status__type_support.cpp: No such file or directory\n'}
[7.763981] (px4) StderrLine: {'line': b'compilation terminated.\n'}
[7.764052] (px4) StderrLine: {'line': b'gmake[2]: *** [platforms/ros2/CMakeFiles/px4__rosidl_typesupport_cpp.dir/build.make:1068: platforms/ros2/CMakeFiles/px4__rosidl_typesupport_cpp.dir/rosidl_typesupport_cpp/px4/msg/airspeed__type_support.cpp.o] Error 1\n'}
[7.764161] (px4) StderrLine: {'line': b'gmake[2]: *** [platforms/ros2/CMakeFiles/px4__rosidl_typesupport_cpp.dir/build.make:1124: platforms/ros2/CMakeFiles/px4__rosidl_typesupport_cpp.dir/rosidl_typesupport_cpp/px4/msg/arming_check_request__type_support.cpp.o] Error 1\n'}
[7.764244] (px4) StderrLine: {'line': b'\x1b[01m\x1b[Kcc1plus:\x1b[m\x1b[K \x1b[01;31m\x1b[Kfatal error: \x1b[m\x1b[K/home/inlab22/Documents/automated_planogram_compliance/simulations/build/px4/platforms/ros2/rosidl_typesupport_cpp/px4/msg/airspeed_wind__type_support.cpp: No such file or directory\n'}
[7.764350] (px4) StderrLine: {'line': b'compilation terminated.\n'}
[7.764483] (px4) StderrLine: {'line': b'gmake[2]: *** [platforms/ros2/CMakeFiles/px4__rosidl_typesupport_cpp.dir/build.make:1110: platforms/ros2/CMakeFiles/px4__rosidl_typesupport_cpp.dir/rosidl_typesupport_cpp/px4/msg/arming_check_reply__type_support.cpp.o] Error 1\n'}
[7.764598] (px4) StderrLine: {'line': b'\x1b[01m\x1b[Kcc1plus:\x1b[m\x1b[K \x1b[01;31m\x1b[Kfatal error: \x1b[m\x1b[K/home/inlab22/Documents/automated_planogram_compliance/simulations/build/px4/platforms/ros2/rosidl_typesupport_cpp/px4/msg/button_event__type_support.cpp: No such file or directory\n'}
[7.764701] (px4) StderrLine: {'line': b'compilation terminated.\n'}
[7.764852] (px4) StderrLine: {'line': b'\x1b[01m\x1b[Kcc1plus:\x1b[m\x1b[K \x1b[01;31m\x1b[Kfatal error: \x1b[m\x1b[K/home/inlab22/Documents/automated_planogram_compliance/simulations/build/px4/platforms/ros2/rosidl_typesupport_cpp/px4/msg/buffer128__type_support.cpp: No such file or directory\n'}
[7.764964] (px4) StderrLine: {'line': b'compilation terminated.\n'}
[7.765064] (px4) StderrLine: {'line': b'\x1b[01m\x1b[Kcc1plus:\x1b[m\x1b[K \x1b[01;31m\x1b[Kfatal error: \x1b[m\x1b[K/home/inlab22/Documents/automated_planogram_compliance/simulations/build/px4/platforms/ros2/rosidl_typesupport_cpp/px4/msg/autotune_attitude_control_status__type_support.cpp: No such file or directory\n'}
[7.765137] (px4) StderrLine: {'line': b'compilation terminated.\n'}
[7.765343] (px4) StderrLine: {'line': b'\x1b[01m\x1b[Kcc1plus:\x1b[m\x1b[K \x1b[01;31m\x1b[Kfatal error: \x1b[m\x1b[K/home/inlab22/Documents/automated_planogram_compliance/simulations/build/px4/platforms/ros2/rosidl_typesupport_cpp/px4/msg/camera_capture__type_support.cpp: No such file or directory\n'}
[7.765413] (px4) StderrLine: {'line': b'compilation terminated.\n'}
[7.765481] (px4) StderrLine: {'line': b'gmake[2]: *** [platforms/ros2/CMakeFiles/px4__rosidl_typesupport_cpp.dir/build.make:1152: platforms/ros2/CMakeFiles/px4__rosidl_typesupport_cpp.dir/rosidl_typesupport_cpp/px4/msg/battery_status__type_support.cpp.o] Error 1\n'}
[7.765548] (px4) StdoutLine: {'line': b'[  2%] \x1b[32mBuilding CXX object platforms/ros2/CMakeFiles/px4__rosidl_typesupport_introspection_cpp.dir/rosidl_typesupport_introspection_cpp/px4/msg/detail/action_request__type_support.cpp.o\x1b[0m\n'}
[7.765641] (px4) StderrLine: {'line': b'\x1b[01m\x1b[Kcc1plus:\x1b[m\x1b[K \x1b[01;31m\x1b[Kfatal error: \x1b[m\x1b[K/home/inlab22/Documents/automated_planogram_compliance/simulations/build/px4/platforms/ros2/rosidl_typesupport_cpp/px4/msg/camera_status__type_support.cpp: No such file or directory\n'}
[7.765769] (px4) StderrLine: {'line': b'compilation terminated.\n'}
[7.765844] (px4) StderrLine: {'line': b'gmake[2]: *** [platforms/ros2/CMakeFiles/px4__rosidl_typesupport_cpp.dir/build.make:1096: platforms/ros2/CMakeFiles/px4__rosidl_typesupport_cpp.dir/rosidl_typesupport_cpp/px4/msg/airspeed_wind__type_support.cpp.o] Error 1\n'}
[7.765914] (px4) StderrLine: {'line': b'gmake[2]: *** [platforms/ros2/CMakeFiles/px4__rosidl_typesupport_cpp.dir/build.make:1166: platforms/ros2/CMakeFiles/px4__rosidl_typesupport_cpp.dir/rosidl_typesupport_cpp/px4/msg/buffer128__type_support.cpp.o] Error 1\n'}
[7.765981] (px4) StderrLine: {'line': b'gmake[2]: *** [platforms/ros2/CMakeFiles/px4__rosidl_typesupport_cpp.dir/build.make:1138: platforms/ros2/CMakeFiles/px4__rosidl_typesupport_cpp.dir/rosidl_typesupport_cpp/px4/msg/autotune_attitude_control_status__type_support.cpp.o] Error 1\n'}
[7.766102] (px4) StderrLine: {'line': b'gmake[2]: *** [platforms/ros2/CMakeFiles/px4__rosidl_typesupport_cpp.dir/build.make:1180: platforms/ros2/CMakeFiles/px4__rosidl_typesupport_cpp.dir/rosidl_typesupport_cpp/px4/msg/button_event__type_support.cpp.o] Error 1\n'}
[7.766174] (px4) StderrLine: {'line': b'gmake[2]: *** [platforms/ros2/CMakeFiles/px4__rosidl_typesupport_cpp.dir/build.make:1194: platforms/ros2/CMakeFiles/px4__rosidl_typesupport_cpp.dir/rosidl_typesupport_cpp/px4/msg/camera_capture__type_support.cpp.o] Error 1\n'}
[7.766323] (px4) StderrLine: {'line': b'\x1b[01m\x1b[Kcc1plus:\x1b[m\x1b[K \x1b[01;31m\x1b[Kfatal error: \x1b[m\x1b[K/home/inlab22/Documents/automated_planogram_compliance/simulations/build/px4/platforms/ros2/rosidl_typesupport_cpp/px4/msg/camera_trigger__type_support.cpp: No such file or directory\n'}
[7.766411] (px4) StderrLine: {'line': b'compilation terminated.\n'}
[7.766483] (px4) StderrLine: {'line': b'gmake[2]: *** [platforms/ros2/CMakeFiles/px4__rosidl_typesupport_cpp.dir/build.make:1208: platforms/ros2/CMakeFiles/px4__rosidl_typesupport_cpp.dir/rosidl_typesupport_cpp/px4/msg/camera_status__type_support.cpp.o] Error 1\n'}
[7.766634] (px4) StderrLine: {'line': b'\x1b[01m\x1b[Kcc1plus:\x1b[m\x1b[K \x1b[01;31m\x1b[Kfatal error: \x1b[m\x1b[K/home/inlab22/Documents/automated_planogram_compliance/simulations/build/px4/platforms/ros2/rosidl_typesupport_cpp/px4/msg/can_interface_status__type_support.cpp: No such file or directory\n'}
[7.766766] (px4) StderrLine: {'line': b'compilation terminated.\n'}
[7.767118] (px4) StderrLine: {'line': b'gmake[2]: *** [platforms/ros2/CMakeFiles/px4__rosidl_typesupport_cpp.dir/build.make:1222: platforms/ros2/CMakeFiles/px4__rosidl_typesupport_cpp.dir/rosidl_typesupport_cpp/px4/msg/camera_trigger__type_support.cpp.o] Error 1\n'}
[7.768610] (px4) StderrLine: {'line': b'gmake[2]: *** [platforms/ros2/CMakeFiles/px4__rosidl_typesupport_cpp.dir/build.make:1236: platforms/ros2/CMakeFiles/px4__rosidl_typesupport_cpp.dir/rosidl_typesupport_cpp/px4/msg/can_interface_status__type_support.cpp.o] Error 1\n'}
[7.768792] (px4) StderrLine: {'line': b'gmake[1]: *** [CMakeFiles/Makefile2:6135: platforms/ros2/CMakeFiles/px4__rosidl_typesupport_cpp.dir/all] Error 2\n'}
[7.769175] (px4) StdoutLine: {'line': b'[  2%] \x1b[32mBuilding CXX object platforms/ros2/CMakeFiles/px4__rosidl_typesupport_fastrtps_cpp.dir/rosidl_typesupport_fastrtps_cpp/px4/msg/detail/dds_fastrtps/action_request__type_support.cpp.o\x1b[0m\n'}
[7.770872] (px4) StdoutLine: {'line': b'[  2%] \x1b[32mBuilding CXX object platforms/ros2/CMakeFiles/px4__rosidl_typesupport_fastrtps_cpp.dir/rosidl_typesupport_fastrtps_cpp/px4/msg/detail/dds_fastrtps/actuator_armed__type_support.cpp.o\x1b[0m\n'}
[7.771130] (px4) StdoutLine: {'line': b'[  2%] \x1b[32mBuilding CXX object platforms/ros2/CMakeFiles/px4__rosidl_typesupport_introspection_cpp.dir/rosidl_typesupport_introspection_cpp/px4/msg/detail/actuator_controls_status__type_support.cpp.o\x1b[0m\n'}
[7.771688] (px4) StdoutLine: {'line': b'[  2%] \x1b[32mBuilding CXX object platforms/ros2/CMakeFiles/px4__rosidl_typesupport_fastrtps_cpp.dir/rosidl_typesupport_fastrtps_cpp/px4/msg/detail/dds_fastrtps/actuator_controls_status__type_support.cpp.o\x1b[0m\n'}
[7.771781] (px4) StdoutLine: {'line': b'[  2%] \x1b[32mBuilding CXX object platforms/ros2/CMakeFiles/px4__rosidl_typesupport_fastrtps_cpp.dir/rosidl_typesupport_fastrtps_cpp/px4/msg/detail/dds_fastrtps/actuator_motors__type_support.cpp.o\x1b[0m\n'}
[7.771855] (px4) StdoutLine: {'line': b'[  2%] \x1b[32mBuilding CXX object platforms/ros2/CMakeFiles/px4__rosidl_typesupport_introspection_cpp.dir/rosidl_typesupport_introspection_cpp/px4/msg/detail/actuator_armed__type_support.cpp.o\x1b[0m\n'}
[7.772574] (px4) StdoutLine: {'line': b'[  2%] \x1b[32mBuilding CXX object platforms/ros2/CMakeFiles/px4__rosidl_typesupport_fastrtps_cpp.dir/rosidl_typesupport_fastrtps_cpp/px4/msg/detail/dds_fastrtps/actuator_outputs__type_support.cpp.o\x1b[0m\n'}
[7.772702] (px4) StdoutLine: {'line': b'[  2%] \x1b[32mBuilding CXX object platforms/ros2/CMakeFiles/px4__rosidl_typesupport_introspection_cpp.dir/rosidl_typesupport_introspection_cpp/px4/msg/detail/actuator_servos__type_support.cpp.o\x1b[0m\n'}
[7.772950] (px4) StderrLine: {'line': b'\x1b[01m\x1b[Kcc1plus:\x1b[m\x1b[K \x1b[01;31m\x1b[Kfatal error: \x1b[m\x1b[K/home/inlab22/Documents/automated_planogram_compliance/simulations/build/px4/platforms/ros2/rosidl_typesupport_introspection_cpp/px4/msg/detail/action_request__type_support.cpp: No such file or directory\n'}
[7.773037] (px4) StderrLine: {'line': b'compilation terminated.\n'}
[7.773538] (px4) StdoutLine: {'line': b'[  2%] \x1b[32mBuilding CXX object platforms/ros2/CMakeFiles/px4__rosidl_typesupport_fastrtps_cpp.dir/rosidl_typesupport_fastrtps_cpp/px4/msg/detail/dds_fastrtps/actuator_servos__type_support.cpp.o\x1b[0m\n'}
[7.773670] (px4) StdoutLine: {'line': b'[  2%] \x1b[32mBuilding CXX object platforms/ros2/CMakeFiles/px4__rosidl_typesupport_fastrtps_cpp.dir/rosidl_typesupport_fastrtps_cpp/px4/msg/detail/dds_fastrtps/actuator_test__type_support.cpp.o\x1b[0m\n'}
[7.773932] (px4) StdoutLine: {'line': b'[  2%] \x1b[32mBuilding CXX object platforms/ros2/CMakeFiles/px4__rosidl_typesupport_fastrtps_cpp.dir/rosidl_typesupport_fastrtps_cpp/px4/msg/detail/dds_fastrtps/adc_report__type_support.cpp.o\x1b[0m\n'}
[7.774107] (px4) StdoutLine: {'line': b'[  2%] \x1b[32mBuilding CXX object platforms/ros2/CMakeFiles/px4__rosidl_typesupport_introspection_cpp.dir/rosidl_typesupport_introspection_cpp/px4/msg/detail/actuator_motors__type_support.cpp.o\x1b[0m\n'}
[7.774985] (px4) StdoutLine: {'line': b'[  2%] \x1b[32mBuilding CXX object platforms/ros2/CMakeFiles/px4__rosidl_typesupport_introspection_cpp.dir/rosidl_typesupport_introspection_cpp/px4/msg/detail/actuator_outputs__type_support.cpp.o\x1b[0m\n'}
[7.775147] (px4) StdoutLine: {'line': b'[  2%] \x1b[32mBuilding CXX object platforms/ros2/CMakeFiles/px4__rosidl_typesupport_introspection_cpp.dir/rosidl_typesupport_introspection_cpp/px4/msg/detail/actuator_servos_trim__type_support.cpp.o\x1b[0m\n'}
[7.775226] (px4) StdoutLine: {'line': b'[  2%] \x1b[32mBuilding CXX object platforms/ros2/CMakeFiles/px4__rosidl_typesupport_fastrtps_cpp.dir/rosidl_typesupport_fastrtps_cpp/px4/msg/detail/dds_fastrtps/actuator_servos_trim__type_support.cpp.o\x1b[0m\n'}
[7.775303] (px4) StderrLine: {'line': b'gmake[2]: *** [platforms/ros2/CMakeFiles/px4__rosidl_typesupport_introspection_cpp.dir/build.make:1589: platforms/ros2/CMakeFiles/px4__rosidl_typesupport_introspection_cpp.dir/rosidl_typesupport_introspection_cpp/px4/msg/detail/action_request__type_support.cpp.o] Error 1\n'}
[7.775401] (px4) StderrLine: {'line': b'gmake[2]: *** Waiting for unfinished jobs....\n'}
[7.775475] (px4) StdoutLine: {'line': b'[  2%] \x1b[32mBuilding CXX object platforms/ros2/CMakeFiles/px4__rosidl_typesupport_fastrtps_cpp.dir/rosidl_typesupport_fastrtps_cpp/px4/msg/detail/dds_fastrtps/airspeed__type_support.cpp.o\x1b[0m\n'}
[7.775591] (px4) StdoutLine: {'line': b'[  2%] \x1b[32mBuilding CXX object platforms/ros2/CMakeFiles/px4__rosidl_typesupport_fastrtps_cpp.dir/rosidl_typesupport_fastrtps_cpp/px4/msg/detail/dds_fastrtps/airspeed_validated__type_support.cpp.o\x1b[0m\n'}
[7.775670] (px4) StdoutLine: {'line': b'[  2%] \x1b[32mBuilding CXX object platforms/ros2/CMakeFiles/px4__rosidl_typesupport_introspection_cpp.dir/rosidl_typesupport_introspection_cpp/px4/msg/detail/adc_report__type_support.cpp.o\x1b[0m\n'}
[7.776029] (px4) StdoutLine: {'line': b'[  4%] \x1b[32mBuilding CXX object platforms/ros2/CMakeFiles/px4__rosidl_typesupport_fastrtps_cpp.dir/rosidl_typesupport_fastrtps_cpp/px4/msg/detail/dds_fastrtps/airspeed_wind__type_support.cpp.o\x1b[0m\n'}
[7.776605] (px4) StdoutLine: {'line': b'[  4%] \x1b[32mBuilding CXX object platforms/ros2/CMakeFiles/px4__rosidl_typesupport_introspection_cpp.dir/rosidl_typesupport_introspection_cpp/px4/msg/detail/actuator_test__type_support.cpp.o\x1b[0m\n'}
[7.776703] (px4) StdoutLine: {'line': b'[  4%] \x1b[32mBuilding CXX object platforms/ros2/CMakeFiles/px4__rosidl_typesupport_fastrtps_cpp.dir/rosidl_typesupport_fastrtps_cpp/px4/msg/detail/dds_fastrtps/arming_check_request__type_support.cpp.o\x1b[0m\n'}
[7.777315] (px4) StdoutLine: {'line': b'[  4%] \x1b[32mBuilding CXX object platforms/ros2/CMakeFiles/px4__rosidl_typesupport_fastrtps_cpp.dir/rosidl_typesupport_fastrtps_cpp/px4/msg/detail/dds_fastrtps/arming_check_reply__type_support.cpp.o\x1b[0m\n'}
[7.778400] (px4) StderrLine: {'line': b'\x1b[01m\x1b[Kcc1plus:\x1b[m\x1b[K \x1b[01;31m\x1b[Kfatal error: \x1b[m\x1b[K/home/inlab22/Documents/automated_planogram_compliance/simulations/build/px4/platforms/ros2/rosidl_typesupport_fastrtps_cpp/px4/msg/detail/dds_fastrtps/action_request__type_support.cpp: No such file or directory\n'}
[7.778547] (px4) StderrLine: {'line': b'\x1b[01m\x1b[Kcc1plus:\x1b[m\x1b[K \x1b[01;31m\x1b[Kfatal error: \x1b[m\x1b[K/home/inlab22/Documents/automated_planogram_compliance/simulations/build/px4/platforms/ros2/rosidl_typesupport_fastrtps_cpp/px4/msg/detail/dds_fastrtps/actuator_armed__type_support.cpp: No such file or directory\n'}
[7.778636] (px4) StderrLine: {'line': b'compilation terminated.\n'}
[7.778709] (px4) StderrLine: {'line': b'compilation terminated.\n'}
[7.779215] (px4) StderrLine: {'line': b'\x1b[01m\x1b[Kcc1plus:\x1b[m\x1b[K \x1b[01;31m\x1b[Kfatal error: \x1b[m\x1b[K/home/inlab22/Documents/automated_planogram_compliance/simulations/build/px4/platforms/ros2/rosidl_typesupport_introspection_cpp/px4/msg/detail/actuator_armed__type_support.cpp: No such file or directory\n'}
[7.779407] (px4) StderrLine: {'line': b'compilation terminated.\n'}
[7.779681] (px4) StderrLine: {'line': b'gmake[2]: *** [platforms/ros2/CMakeFiles/px4__rosidl_typesupport_fastrtps_cpp.dir/build.make:1603: platforms/ros2/CMakeFiles/px4__rosidl_typesupport_fastrtps_cpp.dir/rosidl_typesupport_fastrtps_cpp/px4/msg/detail/dds_fastrtps/actuator_armed__type_support.cpp.o] Error 1\n'}
[7.779773] (px4) StderrLine: {'line': b'gmake[2]: *** Waiting for unfinished jobs....\n'}
[7.779846] (px4) StderrLine: {'line': b'\x1b[01m\x1b[Kcc1plus:\x1b[m\x1b[K \x1b[01;31m\x1b[Kfatal error: \x1b[m\x1b[K/home/inlab22/Documents/automated_planogram_compliance/simulations/build/px4/platforms/ros2/rosidl_typesupport_fastrtps_cpp/px4/msg/detail/dds_fastrtps/actuator_controls_status__type_support.cpp: No such file or directory\n'}
[7.779935] (px4) StderrLine: {'line': b'gmake[2]: *** [platforms/ros2/CMakeFiles/px4__rosidl_typesupport_fastrtps_cpp.dir/build.make:1589: platforms/ros2/CMakeFiles/px4__rosidl_typesupport_fastrtps_cpp.dir/rosidl_typesupport_fastrtps_cpp/px4/msg/detail/dds_fastrtps/action_request__type_support.cpp.o] Error 1\n'}
[7.780054] (px4) StderrLine: {'line': b'compilation terminated.\n'}
[7.780123] (px4) StderrLine: {'line': b'\x1b[01m\x1b[Kcc1plus:\x1b[m\x1b[K \x1b[01;31m\x1b[Kfatal error: \x1b[m\x1b[K/home/inlab22/Documents/automated_planogram_compliance/simulations/build/px4/platforms/ros2/rosidl_typesupport_introspection_cpp/px4/msg/detail/actuator_controls_status__type_support.cpp: No such file or directory\n'}
[7.780215] (px4) StderrLine: {'line': b'compilation terminated.\n'}
[7.780351] (px4) StderrLine: {'line': b'gmake[2]: *** [platforms/ros2/CMakeFiles/px4__rosidl_typesupport_introspection_cpp.dir/build.make:1603: platforms/ros2/CMakeFiles/px4__rosidl_typesupport_introspection_cpp.dir/rosidl_typesupport_introspection_cpp/px4/msg/detail/actuator_armed__type_support.cpp.o] Error 1\n'}
[7.780445] (px4) StderrLine: {'line': b'\x1b[01m\x1b[Kcc1plus:\x1b[m\x1b[K \x1b[01;31m\x1b[Kfatal error: \x1b[m\x1b[K/home/inlab22/Documents/automated_planogram_compliance/simulations/build/px4/platforms/ros2/rosidl_typesupport_introspection_cpp/px4/msg/detail/actuator_servos__type_support.cpp: No such file or directory\n'}
[7.780536] (px4) StderrLine: {'line': b'compilation terminated.\n'}
[7.780637] (px4) StderrLine: {'line': b'\x1b[01m\x1b[Kcc1plus:\x1b[m\x1b[K \x1b[01;31m\x1b[Kfatal error: \x1b[m\x1b[K/home/inlab22/Documents/automated_planogram_compliance/simulations/build/px4/platforms/ros2/rosidl_typesupport_fastrtps_cpp/px4/msg/detail/dds_fastrtps/actuator_servos__type_support.cpp: No such file or directory\n'}
[7.780793] (px4) StderrLine: {'line': b'compilation terminated.\n'}
[7.780858] (px4) StdoutLine: {'line': b'[  4%] \x1b[32mBuilding CXX object platforms/ros2/CMakeFiles/px4__rosidl_typesupport_fastrtps_cpp.dir/rosidl_typesupport_fastrtps_cpp/px4/msg/detail/dds_fastrtps/autotune_attitude_control_status__type_support.cpp.o\x1b[0m\n'}
[7.780972] (px4) StderrLine: {'line': b'\x1b[01m\x1b[Kcc1plus:\x1b[m\x1b[K \x1b[01;31m\x1b[Kfatal error: \x1b[m\x1b[K/home/inlab22/Documents/automated_planogram_compliance/simulations/build/px4/platforms/ros2/rosidl_typesupport_fastrtps_cpp/px4/msg/detail/dds_fastrtps/actuator_motors__type_support.cpp: No such file or directory\n'}
[7.781058] (px4) StderrLine: {'line': b'compilation terminated.\n'}
[7.781113] (px4) StderrLine: {'line': b'\x1b[01m\x1b[Kcc1plus:\x1b[m\x1b[K \x1b[01;31m\x1b[Kfatal error: \x1b[m\x1b[K/home/inlab22/Documents/automated_planogram_compliance/simulations/build/px4/platforms/ros2/rosidl_typesupport_fastrtps_cpp/px4/msg/detail/dds_fastrtps/actuator_outputs__type_support.cpp: No such file or directory\n'}
[7.781210] (px4) StderrLine: {'line': b'compilation terminated.\n'}
[7.781275] (px4) StderrLine: {'line': b'gmake[2]: *** [platforms/ros2/CMakeFiles/px4__rosidl_typesupport_fastrtps_cpp.dir/build.make:1617: platforms/ros2/CMakeFiles/px4__rosidl_typesupport_fastrtps_cpp.dir/rosidl_typesupport_fastrtps_cpp/px4/msg/detail/dds_fastrtps/actuator_controls_status__type_support.cpp.o] Error 1\n'}
[7.781341] (px4) StderrLine: {'line': b'gmake[2]: *** [platforms/ros2/CMakeFiles/px4__rosidl_typesupport_introspection_cpp.dir/build.make:1617: platforms/ros2/CMakeFiles/px4__rosidl_typesupport_introspection_cpp.dir/rosidl_typesupport_introspection_cpp/px4/msg/detail/actuator_controls_status__type_support.cpp.o] Error 1\n'}
[7.781439] (px4) StderrLine: {'line': b'gmake[2]: *** [platforms/ros2/CMakeFiles/px4__rosidl_typesupport_fastrtps_cpp.dir/build.make:1659: platforms/ros2/CMakeFiles/px4__rosidl_typesupport_fastrtps_cpp.dir/rosidl_typesupport_fastrtps_cpp/px4/msg/detail/dds_fastrtps/actuator_servos__type_support.cpp.o] Error 1\n'}
[7.781522] (px4) StderrLine: {'line': b'gmake[2]: *** [platforms/ros2/CMakeFiles/px4__rosidl_typesupport_introspection_cpp.dir/build.make:1659: platforms/ros2/CMakeFiles/px4__rosidl_typesupport_introspection_cpp.dir/rosidl_typesupport_introspection_cpp/px4/msg/detail/actuator_servos__type_support.cpp.o] Error 1\n'}
[7.781576] (px4) StderrLine: {'line': b'\x1b[01m\x1b[Kcc1plus:\x1b[m\x1b[K \x1b[01;31m\x1b[Kfatal error: \x1b[m\x1b[K/home/inlab22/Documents/automated_planogram_compliance/simulations/build/px4/platforms/ros2/rosidl_typesupport_fastrtps_cpp/px4/msg/detail/dds_fastrtps/adc_report__type_support.cpp: No such file or directory\n'}
[7.781647] (px4) StderrLine: {'line': b'compilation terminated.\n'}
[7.781699] (px4) StderrLine: {'line': b'gmake[2]: *** [platforms/ros2/CMakeFiles/px4__rosidl_typesupport_fastrtps_cpp.dir/build.make:1631: platforms/ros2/CMakeFiles/px4__rosidl_typesupport_fastrtps_cpp.dir/rosidl_typesupport_fastrtps_cpp/px4/msg/detail/dds_fastrtps/actuator_motors__type_support.cpp.o] Error 1\n'}
[7.781787] (px4) StderrLine: {'line': b'\x1b[01m\x1b[Kcc1plus:\x1b[m\x1b[K \x1b[01;31m\x1b[Kfatal error: \x1b[m\x1b[K/home/inlab22/Documents/automated_planogram_compliance/simulations/build/px4/platforms/ros2/rosidl_typesupport_introspection_cpp/px4/msg/detail/actuator_outputs__type_support.cpp: No such file or directory\n'}
[7.781849] (px4) StderrLine: {'line': b'compilation terminated.\n'}
[7.781899] (px4) StderrLine: {'line': b'\x1b[01m\x1b[Kcc1plus:\x1b[m\x1b[K \x1b[01;31m\x1b[Kfatal error: \x1b[m\x1b[K/home/inlab22/Documents/automated_planogram_compliance/simulations/build/px4/platforms/ros2/rosidl_typesupport_fastrtps_cpp/px4/msg/detail/dds_fastrtps/actuator_servos_trim__type_support.cpp: No such file or directory\n'}
[7.781950] (px4) StderrLine: {'line': b'compilation terminated.\n'}
[7.781999] (px4) StderrLine: {'line': b'gmake[2]: *** [platforms/ros2/CMakeFiles/px4__rosidl_typesupport_fastrtps_cpp.dir/build.make:1645: platforms/ros2/CMakeFiles/px4__rosidl_typesupport_fastrtps_cpp.dir/rosidl_typesupport_fastrtps_cpp/px4/msg/detail/dds_fastrtps/actuator_outputs__type_support.cpp.o] Error 1\n'}
[7.782226] (px4) StderrLine: {'line': b'\x1b[01m\x1b[Kcc1plus:\x1b[m\x1b[K \x1b[01;31m\x1b[Kfatal error: \x1b[m\x1b[K/home/inlab22/Documents/automated_planogram_compliance/simulations/build/px4/platforms/ros2/rosidl_typesupport_fastrtps_cpp/px4/msg/detail/dds_fastrtps/airspeed__type_support.cpp: No such file or directory\n'}
[7.782319] (px4) StderrLine: {'line': b'compilation terminated.\n'}
[7.782441] (px4) StderrLine: {'line': b'\x1b[01m\x1b[Kcc1plus:\x1b[m\x1b[K \x1b[01;31m\x1b[Kfatal error: \x1b[m\x1b[K/home/inlab22/Documents/automated_planogram_compliance/simulations/build/px4/platforms/ros2/rosidl_typesupport_introspection_cpp/px4/msg/detail/actuator_servos_trim__type_support.cpp: No such file or directory\n'}
[7.782532] (px4) StderrLine: {'line': b'compilation terminated.\n'}
[7.782618] (px4) StderrLine: {'line': b'\x1b[01m\x1b[Kcc1plus:\x1b[m\x1b[K \x1b[01;31m\x1b[Kfatal error: \x1b[m\x1b[K/home/inlab22/Documents/automated_planogram_compliance/simulations/build/px4/platforms/ros2/rosidl_typesupport_introspection_cpp/px4/msg/detail/actuator_motors__type_support.cpp: No such file or directory\n'}
[7.782703] (px4) StderrLine: {'line': b'compilation terminated.\n'}
[7.782777] (px4) StderrLine: {'line': b'gmake[2]: *** [platforms/ros2/CMakeFiles/px4__rosidl_typesupport_introspection_cpp.dir/build.make:1645: platforms/ros2/CMakeFiles/px4__rosidl_typesupport_introspection_cpp.dir/rosidl_typesupport_introspection_cpp/px4/msg/detail/actuator_outputs__type_support.cpp.o] Error 1\n'}
[7.782946] (px4) StderrLine: {'line': b'gmake[2]: *** [platforms/ros2/CMakeFiles/px4__rosidl_typesupport_fastrtps_cpp.dir/build.make:1701: platforms/ros2/CMakeFiles/px4__rosidl_typesupport_fastrtps_cpp.dir/rosidl_typesupport_fastrtps_cpp/px4/msg/detail/dds_fastrtps/adc_report__type_support.cpp.o] Error 1\n'}
[7.783043] (px4) StderrLine: {'line': b'gmake[2]: *** [platforms/ros2/CMakeFiles/px4__rosidl_typesupport_fastrtps_cpp.dir/build.make:1673: platforms/ros2/CMakeFiles/px4__rosidl_typesupport_fastrtps_cpp.dir/rosidl_typesupport_fastrtps_cpp/px4/msg/detail/dds_fastrtps/actuator_servos_trim__type_support.cpp.o] Error 1\n'}
[7.783168] (px4) StderrLine: {'line': b'\x1b[01m\x1b[Kcc1plus:\x1b[m\x1b[K \x1b[01;31m\x1b[Kfatal error: \x1b[m\x1b[K/home/inlab22/Documents/automated_planogram_compliance/simulations/build/px4/platforms/ros2/rosidl_typesupport_fastrtps_cpp/px4/msg/detail/dds_fastrtps/actuator_test__type_support.cpp: No such file or directory\n'}
[7.783246] (px4) StderrLine: {'line': b'\x1b[01m\x1b[Kcc1plus:\x1b[m\x1b[K \x1b[01;31m\x1b[Kfatal error: \x1b[m\x1b[K/home/inlab22/Documents/automated_planogram_compliance/simulations/build/px4/platforms/ros2/rosidl_typesupport_fastrtps_cpp/px4/msg/detail/dds_fastrtps/airspeed_validated__type_support.cpp: No such file or directory\n'}
[7.783347] (px4) StderrLine: {'line': b'compilation terminated.\n'}
[7.783445] (px4) StderrLine: {'line': b'compilation terminated.\n'}
[7.783518] (px4) StderrLine: {'line': b'\x1b[01m\x1b[Kcc1plus:\x1b[m\x1b[K \x1b[01;31m\x1b[Kfatal error: \x1b[m\x1b[K/home/inlab22/Documents/automated_planogram_compliance/simulations/build/px4/platforms/ros2/rosidl_typesupport_introspection_cpp/px4/msg/detail/adc_report__type_support.cpp: No such file or directory\n'}
[7.783591] (px4) StderrLine: {'line': b'compilation terminated.\n'}
[7.783663] (px4) StderrLine: {'line': b'\x1b[01m\x1b[Kcc1plus:\x1b[m\x1b[K \x1b[01;31m\x1b[Kfatal error: \x1b[m\x1b[K/home/inlab22/Documents/automated_planogram_compliance/simulations/build/px4/platforms/ros2/rosidl_typesupport_fastrtps_cpp/px4/msg/detail/dds_fastrtps/airspeed_wind__type_support.cpp: No such file or directory\n'}
[7.783739] (px4) StderrLine: {'line': b'compilation terminated.\n'}
[7.783815] (px4) StderrLine: {'line': b'gmake[2]: *** [platforms/ros2/CMakeFiles/px4__rosidl_typesupport_introspection_cpp.dir/build.make:1673: platforms/ros2/CMakeFiles/px4__rosidl_typesupport_introspection_cpp.dir/rosidl_typesupport_introspection_cpp/px4/msg/detail/actuator_servos_trim__type_support.cpp.o] Error 1\n'}
[7.783980] (px4) StderrLine: {'line': b'gmake[2]: *** [platforms/ros2/CMakeFiles/px4__rosidl_typesupport_fastrtps_cpp.dir/build.make:1715: platforms/ros2/CMakeFiles/px4__rosidl_typesupport_fastrtps_cpp.dir/rosidl_typesupport_fastrtps_cpp/px4/msg/detail/dds_fastrtps/airspeed__type_support.cpp.o] Error 1\n'}
[7.784056] (px4) StderrLine: {'line': b'gmake[2]: *** [platforms/ros2/CMakeFiles/px4__rosidl_typesupport_introspection_cpp.dir/build.make:1631: platforms/ros2/CMakeFiles/px4__rosidl_typesupport_introspection_cpp.dir/rosidl_typesupport_introspection_cpp/px4/msg/detail/actuator_motors__type_support.cpp.o] Error 1\n'}
[7.784203] (px4) StderrLine: {'line': b'\x1b[01m\x1b[Kcc1plus:\x1b[m\x1b[K \x1b[01;31m\x1b[Kfatal error: \x1b[m\x1b[K/home/inlab22/Documents/automated_planogram_compliance/simulations/build/px4/platforms/ros2/rosidl_typesupport_fastrtps_cpp/px4/msg/detail/dds_fastrtps/arming_check_request__type_support.cpp: No such file or directory\n'}
[7.784323] (px4) StderrLine: {'line': b'compilation terminated.\n'}
[7.784445] (px4) StderrLine: {'line': b'\x1b[01m\x1b[Kcc1plus:\x1b[m\x1b[K \x1b[01;31m\x1b[Kfatal error: \x1b[m\x1b[K/home/inlab22/Documents/automated_planogram_compliance/simulations/build/px4/platforms/ros2/rosidl_typesupport_introspection_cpp/px4/msg/detail/actuator_test__type_support.cpp: No such file or directory\n'}
[7.784518] (px4) StderrLine: {'line': b'compilation terminated.\n'}
[7.784590] (px4) StderrLine: {'line': b'gmake[2]: *** [platforms/ros2/CMakeFiles/px4__rosidl_typesupport_introspection_cpp.dir/build.make:1701: platforms/ros2/CMakeFiles/px4__rosidl_typesupport_introspection_cpp.dir/rosidl_typesupport_introspection_cpp/px4/msg/detail/adc_report__type_support.cpp.o] Error 1\n'}
[7.784708] (px4) StderrLine: {'line': b'gmake[2]: *** [platforms/ros2/CMakeFiles/px4__rosidl_typesupport_fastrtps_cpp.dir/build.make:1687: platforms/ros2/CMakeFiles/px4__rosidl_typesupport_fastrtps_cpp.dir/rosidl_typesupport_fastrtps_cpp/px4/msg/detail/dds_fastrtps/actuator_test__type_support.cpp.o] Error 1\n'}
[7.784785] (px4) StderrLine: {'line': b'gmake[2]: *** [platforms/ros2/CMakeFiles/px4__rosidl_typesupport_fastrtps_cpp.dir/build.make:1729: platforms/ros2/CMakeFiles/px4__rosidl_typesupport_fastrtps_cpp.dir/rosidl_typesupport_fastrtps_cpp/px4/msg/detail/dds_fastrtps/airspeed_validated__type_support.cpp.o] Error 1\n'}
[7.784860] (px4) StderrLine: {'line': b'gmake[2]: *** [platforms/ros2/CMakeFiles/px4__rosidl_typesupport_fastrtps_cpp.dir/build.make:1743: platforms/ros2/CMakeFiles/px4__rosidl_typesupport_fastrtps_cpp.dir/rosidl_typesupport_fastrtps_cpp/px4/msg/detail/dds_fastrtps/airspeed_wind__type_support.cpp.o] Error 1\n'}
[7.784961] (px4) StdoutLine: {'line': b'[  4%] \x1b[32mBuilding CXX object platforms/ros2/CMakeFiles/px4__rosidl_typesupport_fastrtps_cpp.dir/rosidl_typesupport_fastrtps_cpp/px4/msg/detail/dds_fastrtps/battery_status__type_support.cpp.o\x1b[0m\n'}
[7.785047] (px4) StderrLine: {'line': b'gmake[2]: *** [platforms/ros2/CMakeFiles/px4__rosidl_typesupport_fastrtps_cpp.dir/build.make:1771: platforms/ros2/CMakeFiles/px4__rosidl_typesupport_fastrtps_cpp.dir/rosidl_typesupport_fastrtps_cpp/px4/msg/detail/dds_fastrtps/arming_check_request__type_support.cpp.o] Error 1\n'}
[7.785145] (px4) StderrLine: {'line': b'gmake[2]: *** [platforms/ros2/CMakeFiles/px4__rosidl_typesupport_introspection_cpp.dir/build.make:1687: platforms/ros2/CMakeFiles/px4__rosidl_typesupport_introspection_cpp.dir/rosidl_typesupport_introspection_cpp/px4/msg/detail/actuator_test__type_support.cpp.o] Error 1\n'}
[7.785212] (px4) StderrLine: {'line': b'\x1b[01m\x1b[Kcc1plus:\x1b[m\x1b[K \x1b[01;31m\x1b[Kfatal error: \x1b[m\x1b[K/home/inlab22/Documents/automated_planogram_compliance/simulations/build/px4/platforms/ros2/rosidl_typesupport_fastrtps_cpp/px4/msg/detail/dds_fastrtps/arming_check_reply__type_support.cpp: No such file or directory\n'}
[7.785278] (px4) StderrLine: {'line': b'compilation terminated.\n'}
[7.785344] (px4) StderrLine: {'line': b'gmake[1]: *** [CMakeFiles/Makefile2:6109: platforms/ros2/CMakeFiles/px4__rosidl_typesupport_introspection_cpp.dir/all] Error 2\n'}
[7.785892] (px4) StderrLine: {'line': b'gmake[2]: *** [platforms/ros2/CMakeFiles/px4__rosidl_typesupport_fastrtps_cpp.dir/build.make:1757: platforms/ros2/CMakeFiles/px4__rosidl_typesupport_fastrtps_cpp.dir/rosidl_typesupport_fastrtps_cpp/px4/msg/detail/dds_fastrtps/arming_check_reply__type_support.cpp.o] Error 1\n'}
[7.787221] (px4) StderrLine: {'line': b'\x1b[01m\x1b[Kcc1plus:\x1b[m\x1b[K \x1b[01;31m\x1b[Kfatal error: \x1b[m\x1b[K/home/inlab22/Documents/automated_planogram_compliance/simulations/build/px4/platforms/ros2/rosidl_typesupport_fastrtps_cpp/px4/msg/detail/dds_fastrtps/autotune_attitude_control_status__type_support.cpp: No such file or directory\n'}
[7.787302] (px4) StderrLine: {'line': b'compilation terminated.\n'}
[7.788016] (px4) StderrLine: {'line': b'gmake[2]: *** [platforms/ros2/CMakeFiles/px4__rosidl_typesupport_fastrtps_cpp.dir/build.make:1785: platforms/ros2/CMakeFiles/px4__rosidl_typesupport_fastrtps_cpp.dir/rosidl_typesupport_fastrtps_cpp/px4/msg/detail/dds_fastrtps/autotune_attitude_control_status__type_support.cpp.o] Error 1\n'}
[7.789974] (px4) StderrLine: {'line': b'\x1b[01m\x1b[Kcc1plus:\x1b[m\x1b[K \x1b[01;31m\x1b[Kfatal error: \x1b[m\x1b[K/home/inlab22/Documents/automated_planogram_compliance/simulations/build/px4/platforms/ros2/rosidl_typesupport_fastrtps_cpp/px4/msg/detail/dds_fastrtps/battery_status__type_support.cpp: No such file or directory\n'}
[7.790042] (px4) StderrLine: {'line': b'compilation terminated.\n'}
[7.790815] (px4) StderrLine: {'line': b'gmake[2]: *** [platforms/ros2/CMakeFiles/px4__rosidl_typesupport_fastrtps_cpp.dir/build.make:1799: platforms/ros2/CMakeFiles/px4__rosidl_typesupport_fastrtps_cpp.dir/rosidl_typesupport_fastrtps_cpp/px4/msg/detail/dds_fastrtps/battery_status__type_support.cpp.o] Error 1\n'}
[7.791168] (px4) StderrLine: {'line': b'gmake[1]: *** [CMakeFiles/Makefile2:6031: platforms/ros2/CMakeFiles/px4__rosidl_typesupport_fastrtps_cpp.dir/all] Error 2\n'}
[7.791483] (px4) StderrLine: {'line': b'gmake: *** [Makefile:166: all] Error 2\n'}
[7.793845] (px4) JobEnded: {'identifier': 'px4', 'rc': 'SIGINT'}
[7.804221] (px4_ros_com) JobSkipped: {'identifier': 'px4_ros_com'}
[7.804274] (-) EventReactorShutdown: {}
