[0.008s] Invoking command in '/home/inlab22/Documents/automated_planogram_compliance/simulations/ws_sensor_combined/build/px4_msgs': CMAKE_PREFIX_PATH=/opt/ros/humble PS1=(.venv) \[\e]0;\u@\h: \w\a\]${debian_chroot:+($debian_chroot)}\[\033[01;32m\]\u@\h\[\033[00m\]:\[\033[01;34m\]\w\[\033[00m\]\$ VIRTUAL_ENV_PROMPT=(.venv) /usr/bin/cmake /home/inlab22/Documents/automated_planogram_compliance/simulations/ws_sensor_combined/src/px4_msgs -DCMAKE_INSTALL_PREFIX=/home/inlab22/Documents/automated_planogram_compliance/simulations/ws_sensor_combined/install/px4_msgs
[0.053s] -- The C compiler identification is GNU 11.4.0
[0.101s] -- The CXX compiler identification is GNU 11.4.0
[0.107s] -- Detecting C compiler ABI info
[0.167s] -- Detecting C compiler ABI info - done
[0.174s] -- Check for working C compiler: /usr/bin/cc - skipped
[0.174s] -- Detecting C compile features
[0.174s] -- Detecting C compile features - done
[0.176s] -- Detecting CXX compiler ABI info
[0.245s] -- Detecting CXX compiler ABI info - done
[0.251s] -- Check for working CXX compiler: /usr/bin/c++ - skipped
[0.252s] -- Detecting CXX compile features
[0.252s] -- Detecting CXX compile features - done
[0.254s] -- Found ament_cmake: 1.3.9 (/opt/ros/humble/share/ament_cmake/cmake)
[0.555s] -- Found Python3: /home/inlab22/Documents/automated_planogram_compliance/.venv/bin/python3 (found version "3.10.12") found components: Interpreter 
[0.622s] -- Found builtin_interfaces: 1.2.1 (/opt/ros/humble/share/builtin_interfaces/cmake)
[0.651s] -- Found rosidl_generator_c: 3.1.5 (/opt/ros/humble/share/rosidl_generator_c/cmake)
[0.655s] -- Found rosidl_adapter: 3.1.5 (/opt/ros/humble/share/rosidl_adapter/cmake)
[0.661s] -- Found rosidl_generator_cpp: 3.1.5 (/opt/ros/humble/share/rosidl_generator_cpp/cmake)
[0.673s] -- Using all available rosidl_typesupport_c: rosidl_typesupport_fastrtps_c;rosidl_typesupport_introspection_c
[0.690s] -- Using all available rosidl_typesupport_cpp: rosidl_typesupport_fastrtps_cpp;rosidl_typesupport_introspection_cpp
[0.705s] -- Found rosidl_default_generators: 1.2.0 (/opt/ros/humble/share/rosidl_default_generators/cmake)
[2.257s] -- Found ament_cmake_cppcheck: 0.12.11 (/opt/ros/humble/share/ament_cmake_cppcheck/cmake)
[2.258s] -- Found ament_cmake_cpplint: 0.12.11 (/opt/ros/humble/share/ament_cmake_cpplint/cmake)
[2.260s] -- Found ament_cmake_uncrustify: 0.12.11 (/opt/ros/humble/share/ament_cmake_uncrustify/cmake)
[2.261s] -- Found ament_cmake_ros: 0.10.0 (/opt/ros/humble/share/ament_cmake_ros/cmake)
[2.649s] -- Using all available rosidl_typesupport_c: rosidl_typesupport_fastrtps_c;rosidl_typesupport_introspection_c
[2.786s] -- Using all available rosidl_typesupport_cpp: rosidl_typesupport_fastrtps_cpp;rosidl_typesupport_introspection_cpp
[2.852s] -- Found PythonInterp: /home/inlab22/Documents/automated_planogram_compliance/.venv/bin/python3 (found suitable version "3.10.12", minimum required is "3.6") 
[2.873s] -- Found python_cmake_module: 0.10.0 (/opt/ros/humble/share/python_cmake_module/cmake)
[2.926s] -- Found PythonLibs: /usr/lib/x86_64-linux-gnu/libpython3.10.so (found suitable version "3.10.12", minimum required is "3.5") 
[2.926s] -- Using PYTHON_EXECUTABLE: /home/inlab22/Documents/automated_planogram_compliance/.venv/bin/python3
[2.926s] -- Using PYTHON_INCLUDE_DIRS: /usr/include/python3.10
[2.926s] -- Using PYTHON_LIBRARIES: /usr/lib/x86_64-linux-gnu/libpython3.10.so
[2.943s] -- Found PythonExtra: .so  
[3.036s] -- Found ament_cmake_flake8: 0.12.11 (/opt/ros/humble/share/ament_cmake_flake8/cmake)
[3.037s] -- Found ament_cmake_pep257: 0.12.11 (/opt/ros/humble/share/ament_cmake_pep257/cmake)
[3.106s] -- Configuring done
[3.482s] -- Generating done
[3.485s] -- Build files have been written to: /home/inlab22/Documents/automated_planogram_compliance/simulations/ws_sensor_combined/build/px4_msgs
[3.502s] Invoked command in '/home/inlab22/Documents/automated_planogram_compliance/simulations/ws_sensor_combined/build/px4_msgs' returned '0': CMAKE_PREFIX_PATH=/opt/ros/humble PS1=(.venv) \[\e]0;\u@\h: \w\a\]${debian_chroot:+($debian_chroot)}\[\033[01;32m\]\u@\h\[\033[00m\]:\[\033[01;34m\]\w\[\033[00m\]\$ VIRTUAL_ENV_PROMPT=(.venv) /usr/bin/cmake /home/inlab22/Documents/automated_planogram_compliance/simulations/ws_sensor_combined/src/px4_msgs -DCMAKE_INSTALL_PREFIX=/home/inlab22/Documents/automated_planogram_compliance/simulations/ws_sensor_combined/install/px4_msgs
[3.504s] Invoking command in '/home/inlab22/Documents/automated_planogram_compliance/simulations/ws_sensor_combined/build/px4_msgs': CMAKE_PREFIX_PATH=/opt/ros/humble PS1=(.venv) \[\e]0;\u@\h: \w\a\]${debian_chroot:+($debian_chroot)}\[\033[01;32m\]\u@\h\[\033[00m\]:\[\033[01;34m\]\w\[\033[00m\]\$ VIRTUAL_ENV_PROMPT=(.venv) /usr/bin/cmake --build /home/inlab22/Documents/automated_planogram_compliance/simulations/ws_sensor_combined/build/px4_msgs -- -j12 -l12
[4.094s] [  0%] [34m[1mGenerating C code for ROS interfaces[0m
[4.100s] [  0%] Built target ament_cmake_python_copy_px4_msgs
[4.112s] [  0%] [34m[1mGenerating C++ code for ROS interfaces[0m
[4.149s] Traceback (most recent call last):
[4.149s]   File "/opt/ros/humble/share/rosidl_generator_c/cmake/../../../lib/rosidl_generator_c/rosidl_generator_c", line 8, in <module>
[4.149s]     from rosidl_generator_c import generate_c
[4.149s]   File "/opt/ros/humble/local/lib/python3.10/dist-packages/rosidl_generator_c/__init__.py", line 15, in <module>
[4.149s]     from rosidl_cmake import convert_camel_case_to_lower_case_underscore
[4.149s]   File "/opt/ros/humble/local/lib/python3.10/dist-packages/rosidl_cmake/__init__.py", line 24, in <module>
[4.149s]     from rosidl_parser.parser import parse_idl_file
[4.149s]   File "/opt/ros/humble/local/lib/python3.10/dist-packages/rosidl_parser/parser.py", line 20, in <module>
[4.149s]     from lark import Lark
[4.149s] ModuleNotFoundError: No module named 'lark'
[4.155s] gmake[2]: *** [CMakeFiles/px4_msgs__rosidl_generator_c.dir/build.make:304: rosidl_generator_c/px4_msgs/msg/action_request.h] Error 1
[4.155s] gmake[1]: *** [CMakeFiles/Makefile2:212: CMakeFiles/px4_msgs__rosidl_generator_c.dir/all] Error 2
[4.155s] gmake[1]: *** Waiting for unfinished jobs....
[4.163s] Traceback (most recent call last):
[4.163s]   File "/opt/ros/humble/share/rosidl_generator_cpp/cmake/../../../lib/rosidl_generator_cpp/rosidl_generator_cpp", line 8, in <module>
[4.163s]     from rosidl_generator_cpp import generate_cpp
[4.163s]   File "/opt/ros/humble/local/lib/python3.10/dist-packages/rosidl_generator_cpp/__init__.py", line 17, in <module>
[4.163s]     from rosidl_cmake import generate_files
[4.163s]   File "/opt/ros/humble/local/lib/python3.10/dist-packages/rosidl_cmake/__init__.py", line 24, in <module>
[4.163s]     from rosidl_parser.parser import parse_idl_file
[4.163s]   File "/opt/ros/humble/local/lib/python3.10/dist-packages/rosidl_parser/parser.py", line 20, in <module>
[4.163s]     from lark import Lark
[4.163s] ModuleNotFoundError: No module named 'lark'
[4.169s] gmake[2]: *** [CMakeFiles/px4_msgs__cpp.dir/build.make:1168: rosidl_generator_cpp/px4_msgs/msg/action_request.hpp] Error 1
[4.169s] gmake[1]: *** [CMakeFiles/Makefile2:265: CMakeFiles/px4_msgs__cpp.dir/all] Error 2
[4.326s] running egg_info
[4.327s] creating px4_msgs.egg-info
[4.337s] writing px4_msgs.egg-info/PKG-INFO
[4.337s] writing dependency_links to px4_msgs.egg-info/dependency_links.txt
[4.337s] writing top-level names to px4_msgs.egg-info/top_level.txt
[4.337s] writing manifest file 'px4_msgs.egg-info/SOURCES.txt'
[4.366s] reading manifest file 'px4_msgs.egg-info/SOURCES.txt'
[4.366s] writing manifest file 'px4_msgs.egg-info/SOURCES.txt'
[4.388s] [  0%] Built target ament_cmake_python_build_px4_msgs_egg
[4.389s] gmake: *** [Makefile:146: all] Error 2
[4.392s] Invoked command in '/home/inlab22/Documents/automated_planogram_compliance/simulations/ws_sensor_combined/build/px4_msgs' returned '2': CMAKE_PREFIX_PATH=/opt/ros/humble PS1=(.venv) \[\e]0;\u@\h: \w\a\]${debian_chroot:+($debian_chroot)}\[\033[01;32m\]\u@\h\[\033[00m\]:\[\033[01;34m\]\w\[\033[00m\]\$ VIRTUAL_ENV_PROMPT=(.venv) /usr/bin/cmake --build /home/inlab22/Documents/automated_planogram_compliance/simulations/ws_sensor_combined/build/px4_msgs -- -j12 -l12
