[0mCMake Error: The current CMakeCache.txt directory /home/inlab22/Documents/automated_planogram_compliance-1/simulations/build/px4/CMakeCache.txt is different than the directory /home/inlab22/Documents/automated_planogram_compliance/simulations/build/px4 where CMakeCache.txt was created. This may result in binaries being created in the wrong place. If you are not sure, reedit the CMakeCache.txt[0m
-- Found PythonInterp: /home/inlab22/Documents/automated_planogram_compliance-1/.venv/bin/python3 (found suitable version "3.10.12", minimum required is "3") 
-- PX4 config file: /home/inlab22/Documents/automated_planogram_compliance/simulations/PX4-Autopilot/boards/px4/ros2/default.px4board
-- PLATFORM ros2
-- ROMFSROOT px4fmu_common
-- PX4 config: px4_ros2_default
-- PX4 platform: ros2
-- The CXX compiler identification is GNU 11.4.0
-- Detecting CXX compiler ABI info
-- Detecting CXX compiler ABI info - done
-- Check for working CXX compiler: /usr/bin/c++ - skipped
-- Detecting CXX compile features
-- Detecting CXX compile features - done
-- Found ament_cmake: 1.3.9 (/opt/ros/humble/share/ament_cmake/cmake)
-- Found Python3: /home/inlab22/Documents/automated_planogram_compliance-1/.venv/bin/python3 (found version "3.10.12") found components: Interpreter 
-- Found rclcpp: 16.0.9 (/opt/ros/humble/share/rclcpp/cmake)
-- Found rosidl_generator_c: 3.1.5 (/opt/ros/humble/share/rosidl_generator_c/cmake)
-- Found rosidl_adapter: 3.1.5 (/opt/ros/humble/share/rosidl_adapter/cmake)
-- Found rosidl_generator_cpp: 3.1.5 (/opt/ros/humble/share/rosidl_generator_cpp/cmake)
-- Using all available rosidl_typesupport_c: rosidl_typesupport_fastrtps_c;rosidl_typesupport_introspection_c
-- Using all available rosidl_typesupport_cpp: rosidl_typesupport_fastrtps_cpp;rosidl_typesupport_introspection_cpp
-- Found rmw_implementation_cmake: 6.1.2 (/opt/ros/humble/share/rmw_implementation_cmake/cmake)
-- Found rmw_fastrtps_cpp: 6.2.6 (/opt/ros/humble/share/rmw_fastrtps_cpp/cmake)
-- Found OpenSSL: /usr/lib/x86_64-linux-gnu/libcrypto.so (found version "3.0.2")  
-- Found FastRTPS: /opt/ros/humble/include  
-- Using RMW implementation 'rmw_fastrtps_cpp' as default
-- Looking for C++ include pthread.h
-- Looking for C++ include pthread.h - found
-- Performing Test CMAKE_HAVE_LIBC_PTHREAD
-- Performing Test CMAKE_HAVE_LIBC_PTHREAD - Success
-- Found Threads: TRUE  
-- Found rosidl_default_generators: 1.2.0 (/opt/ros/humble/share/rosidl_default_generators/cmake)
-- The C compiler identification is GNU 11.4.0
-- The ASM compiler identification is GNU
-- Found assembler: /usr/bin/cc
-- Detecting C compiler ABI info
-- Detecting C compiler ABI info - done
-- Check for working C compiler: /usr/bin/cc - skipped
-- Detecting C compile features
-- Detecting C compile features - done
-- cmake build type: RelWithDebInfo
[0mCMake Deprecation Warning at CMakeLists.txt:1 (cmake_minimum_required):
  Compatibility with CMake < 2.8.12 will be removed from a future version of
  CMake.

  Update the VERSION argument <min> value or use a ...<max> suffix to tell
  CMake that the project does not need compatibility with older versions.

[0m
-- Configuring done
-- Generating done
-- Build files have been written to: /home/inlab22/Documents/automated_planogram_compliance/simulations/build/px4/googletest-download
gmake[1]: Entering directory '/home/inlab22/Documents/automated_planogram_compliance/simulations/build/px4/googletest-download'
gmake[2]: Entering directory '/home/inlab22/Documents/automated_planogram_compliance/simulations/build/px4/googletest-download'
gmake[3]: Entering directory '/home/inlab22/Documents/automated_planogram_compliance/simulations/build/px4/googletest-download'
gmake[3]: Leaving directory '/home/inlab22/Documents/automated_planogram_compliance/simulations/build/px4/googletest-download'
gmake[3]: Entering directory '/home/inlab22/Documents/automated_planogram_compliance/simulations/build/px4/googletest-download'
[ 11%] [34m[1mCreating directories for 'googletest'[0m
[ 22%] [34m[1mPerforming download step (download, verify and extract) for 'googletest'[0m
-- googletest download command succeeded.  See also /home/inlab22/Documents/automated_planogram_compliance/simulations/build/px4/googletest-download/googletest-prefix/src/googletest-stamp/googletest-download-*.log
[ 33%] [34m[1mNo update step for 'googletest'[0m
[ 44%] [34m[1mNo patch step for 'googletest'[0m
[ 55%] [34m[1mNo configure step for 'googletest'[0m
[ 66%] [34m[1mNo build step for 'googletest'[0m
[ 77%] [34m[1mNo install step for 'googletest'[0m
[ 88%] [34m[1mNo test step for 'googletest'[0m
[100%] [34m[1mCompleted 'googletest'[0m
gmake[3]: Leaving directory '/home/inlab22/Documents/automated_planogram_compliance/simulations/build/px4/googletest-download'
[100%] Built target googletest
gmake[2]: Leaving directory '/home/inlab22/Documents/automated_planogram_compliance/simulations/build/px4/googletest-download'
gmake[1]: Leaving directory '/home/inlab22/Documents/automated_planogram_compliance/simulations/build/px4/googletest-download'
-- Found Python: /home/inlab22/Documents/automated_planogram_compliance-1/.venv/bin/python3.10 (found version "3.10.12") found components: Interpreter 
-- ROS_VERSION: 2
-- AMENT_PREFIX_PATH: /home/inlab22/Documents/automated_planogram_compliance-1/install/my_robot_description:/home/inlab22/Documents/automated_planogram_compliance-1/install/my_drone_simulation:/opt/ros/humble
-- Found ament_cmake_ros: 0.10.0 (/opt/ros/humble/share/ament_cmake_ros/cmake)
-- Using all available rosidl_typesupport_c: rosidl_typesupport_fastrtps_c;rosidl_typesupport_introspection_c
-- Using all available rosidl_typesupport_cpp: rosidl_typesupport_fastrtps_cpp;rosidl_typesupport_introspection_cpp
-- Found PythonInterp: /home/inlab22/Documents/automated_planogram_compliance-1/.venv/bin/python3 (found suitable version "3.10.12", minimum required is "3.6") 
-- Found python_cmake_module: 0.10.0 (/opt/ros/humble/share/python_cmake_module/cmake)
-- Found PythonLibs: /usr/lib/x86_64-linux-gnu/libpython3.10.so (found suitable version "3.10.12", minimum required is "3.5") 
-- Using PYTHON_EXECUTABLE: /home/inlab22/Documents/automated_planogram_compliance-1/.venv/bin/python3
-- Using PYTHON_INCLUDE_DIRS: /usr/include/python3.10
-- Using PYTHON_LIBRARIES: /usr/lib/x86_64-linux-gnu/libpython3.10.so
-- Found PythonExtra: .so  
[0mArchitecture:  amd64[0m
[0m==> CPACK_INSTALL_PREFIX = @DEB_INSTALL_PREFIX@[0m
-- Configuring done
-- Generating done
-- Build files have been written to: /home/inlab22/Documents/automated_planogram_compliance/simulations/build/px4
[  0%] Built target drivers_board
[  0%] Built target px4_layer
[  0%] Built target ament_cmake_python_copy_px4
[  0%] Built target px4__cpp
Traceback (most recent call last):
  File "/home/inlab22/Documents/automated_planogram_compliance/simulations/build/px4/platforms/ros2/ament_cmake_python/px4/setup.py", line 1, in <module>
    from setuptools import find_packages
ModuleNotFoundError: No module named 'setuptools'
[  0%] [32mBuilding C object platforms/ros2/CMakeFiles/px4__rosidl_generator_c.dir/rosidl_generator_c/px4/msg/detail/actuator_controls_status__functions.c.o[0m
[  0%] [32mBuilding C object platforms/ros2/CMakeFiles/px4__rosidl_generator_c.dir/rosidl_generator_c/px4/msg/detail/action_request__functions.c.o[0m
[  0%] [32mBuilding C object platforms/ros2/CMakeFiles/px4__rosidl_generator_c.dir/rosidl_generator_c/px4/msg/detail/actuator_servos__functions.c.o[0m
gmake[2]: *** [platforms/ros2/CMakeFiles/ament_cmake_python_build_px4_egg.dir/build.make:70: platforms/ros2/CMakeFiles/ament_cmake_python_build_px4_egg] Error 1
[  0%] [32mBuilding C object platforms/ros2/CMakeFiles/px4__rosidl_generator_c.dir/rosidl_generator_c/px4/msg/detail/actuator_motors__functions.c.o[0m
[  0%] [32mBuilding C object platforms/ros2/CMakeFiles/px4__rosidl_generator_c.dir/rosidl_generator_c/px4/msg/detail/actuator_outputs__functions.c.o[0m
[  0%] [32mBuilding C object platforms/ros2/CMakeFiles/px4__rosidl_generator_c.dir/rosidl_generator_c/px4/msg/detail/actuator_servos_trim__functions.c.o[0m
[  0%] [32mBuilding C object platforms/ros2/CMakeFiles/px4__rosidl_generator_c.dir/rosidl_generator_c/px4/msg/detail/actuator_armed__functions.c.o[0m
[  0%] [32mBuilding C object platforms/ros2/CMakeFiles/px4__rosidl_generator_c.dir/rosidl_generator_c/px4/msg/detail/airspeed__functions.c.o[0m
[  0%] [32mBuilding C object platforms/ros2/CMakeFiles/px4__rosidl_generator_c.dir/rosidl_generator_c/px4/msg/detail/airspeed_validated__functions.c.o[0m
gmake[1]: *** [CMakeFiles/Makefile2:6187: platforms/ros2/CMakeFiles/ament_cmake_python_build_px4_egg.dir/all] Error 2
gmake[1]: *** Waiting for unfinished jobs....
[  1%] [32mBuilding C object platforms/ros2/CMakeFiles/px4__rosidl_generator_c.dir/rosidl_generator_c/px4/msg/detail/arming_check_reply__functions.c.o[0m
[  1%] [32mBuilding C object platforms/ros2/CMakeFiles/px4__rosidl_generator_c.dir/rosidl_generator_c/px4/msg/detail/airspeed_wind__functions.c.o[0m
[  1%] [32mBuilding C object platforms/ros2/CMakeFiles/px4__rosidl_generator_c.dir/rosidl_generator_c/px4/msg/detail/actuator_test__functions.c.o[0m
[  1%] [32mBuilding C object platforms/ros2/CMakeFiles/px4__rosidl_generator_c.dir/rosidl_generator_c/px4/msg/detail/adc_report__functions.c.o[0m
[  1%] [32mBuilding C object platforms/ros2/CMakeFiles/px4__rosidl_generator_c.dir/rosidl_generator_c/px4/msg/detail/autotune_attitude_control_status__functions.c.o[0m
[  1%] [32mBuilding C object platforms/ros2/CMakeFiles/px4__rosidl_generator_c.dir/rosidl_generator_c/px4/msg/detail/buffer128__functions.c.o[0m
[  1%] [32mBuilding C object platforms/ros2/CMakeFiles/px4__rosidl_generator_c.dir/rosidl_generator_c/px4/msg/detail/arming_check_request__functions.c.o[0m
[  1%] [32mBuilding C object platforms/ros2/CMakeFiles/px4__rosidl_generator_c.dir/rosidl_generator_c/px4/msg/detail/camera_capture__functions.c.o[0m
[  1%] [32mBuilding C object platforms/ros2/CMakeFiles/px4__rosidl_generator_c.dir/rosidl_generator_c/px4/msg/detail/battery_status__functions.c.o[0m
[  1%] [32mBuilding C object platforms/ros2/CMakeFiles/px4__rosidl_generator_c.dir/rosidl_generator_c/px4/msg/detail/button_event__functions.c.o[0m
[  1%] [32mBuilding C object platforms/ros2/CMakeFiles/px4__rosidl_generator_c.dir/rosidl_generator_c/px4/msg/detail/camera_status__functions.c.o[0m
[01m[Kcc1:[m[K [01;31m[Kfatal error: [m[K/home/inlab22/Documents/automated_planogram_compliance/simulations/build/px4/platforms/ros2/rosidl_generator_c/px4/msg/detail/actuator_servos__functions.c: No such file or directory
[01m[Kcc1:[m[K [01;31m[Kfatal error: [m[K/home/inlab22/Documents/automated_planogram_compliance/simulations/build/px4/platforms/ros2/rosidl_generator_c/px4/msg/detail/actuator_controls_status__functions.c: No such file or directory
compilation terminated.
compilation terminated.
[01m[Kcc1:[m[K [01;31m[Kfatal error: [m[K/home/inlab22/Documents/automated_planogram_compliance/simulations/build/px4/platforms/ros2/rosidl_generator_c/px4/msg/detail/action_request__functions.c: No such file or directory
compilation terminated.
[01m[Kcc1:[m[K [01;31m[Kfatal error: [m[K/home/inlab22/Documents/automated_planogram_compliance/simulations/build/px4/platforms/ros2/rosidl_generator_c/px4/msg/detail/actuator_motors__functions.c: No such file or directory
compilation terminated.
[01m[Kcc1:[m[K [01;31m[Kfatal error: [m[K/home/inlab22/Documents/automated_planogram_compliance/simulations/build/px4/platforms/ros2/rosidl_generator_c/px4/msg/detail/actuator_armed__functions.c: No such file or directory
compilation terminated.
gmake[2]: *** [platforms/ros2/CMakeFiles/px4__rosidl_generator_c.dir/build.make:3557: platforms/ros2/CMakeFiles/px4__rosidl_generator_c.dir/rosidl_generator_c/px4/msg/detail/actuator_controls_status__functions.c.o] Error 1
gmake[2]: *** Waiting for unfinished jobs....
gmake[2]: *** [platforms/ros2/CMakeFiles/px4__rosidl_generator_c.dir/build.make:3599: platforms/ros2/CMakeFiles/px4__rosidl_generator_c.dir/rosidl_generator_c/px4/msg/detail/actuator_servos__functions.c.o] Error 1
gmake[2]: *** [platforms/ros2/CMakeFiles/px4__rosidl_generator_c.dir/build.make:3529: platforms/ros2/CMakeFiles/px4__rosidl_generator_c.dir/rosidl_generator_c/px4/msg/detail/action_request__functions.c.o] Error 1
[01m[Kcc1:[m[K [01;31m[Kfatal error: [m[K/home/inlab22/Documents/automated_planogram_compliance/simulations/build/px4/platforms/ros2/rosidl_generator_c/px4/msg/detail/actuator_outputs__functions.c: No such file or directory
compilation terminated.
gmake[2]: *** [platforms/ros2/CMakeFiles/px4__rosidl_generator_c.dir/build.make:3543: platforms/ros2/CMakeFiles/px4__rosidl_generator_c.dir/rosidl_generator_c/px4/msg/detail/actuator_armed__functions.c.o] Error 1
[01m[Kcc1:[m[K [01;31m[Kfatal error: [m[K/home/inlab22/Documents/automated_planogram_compliance/simulations/build/px4/platforms/ros2/rosidl_generator_c/px4/msg/detail/actuator_servos_trim__functions.c: No such file or directory
compilation terminated.
[01m[Kcc1:[m[K [01;31m[Kfatal error: [m[K/home/inlab22/Documents/automated_planogram_compliance/simulations/build/px4/platforms/ros2/rosidl_generator_c/px4/msg/detail/airspeed__functions.c: No such file or directory
compilation terminated.
[01m[Kcc1:[m[K [01;31m[Kfatal error: [m[K/home/inlab22/Documents/automated_planogram_compliance/simulations/build/px4/platforms/ros2/rosidl_generator_c/px4/msg/detail/airspeed_validated__functions.c: No such file or directory
compilation terminated.
gmake[2]: *** [platforms/ros2/CMakeFiles/px4__rosidl_generator_c.dir/build.make:3585: platforms/ros2/CMakeFiles/px4__rosidl_generator_c.dir/rosidl_generator_c/px4/msg/detail/actuator_outputs__functions.c.o] Error 1
gmake[2]: *** [platforms/ros2/CMakeFiles/px4__rosidl_generator_c.dir/build.make:3571: platforms/ros2/CMakeFiles/px4__rosidl_generator_c.dir/rosidl_generator_c/px4/msg/detail/actuator_motors__functions.c.o] Error 1
gmake[2]: *** [platforms/ros2/CMakeFiles/px4__rosidl_generator_c.dir/build.make:3613: platforms/ros2/CMakeFiles/px4__rosidl_generator_c.dir/rosidl_generator_c/px4/msg/detail/actuator_servos_trim__functions.c.o] Error 1
[01m[Kcc1:[m[K [01;31m[Kfatal error: [m[K/home/inlab22/Documents/automated_planogram_compliance/simulations/build/px4/platforms/ros2/rosidl_generator_c/px4/msg/detail/actuator_test__functions.c: No such file or directory
compilation terminated.
[01m[Kcc1:[m[K [01;31m[Kfatal error: [m[K/home/inlab22/Documents/automated_planogram_compliance/simulations/build/px4/platforms/ros2/rosidl_generator_c/px4/msg/detail/adc_report__functions.c: No such file or directory
compilation terminated.
gmake[2]: *** [platforms/ros2/CMakeFiles/px4__rosidl_generator_c.dir/build.make:3655: platforms/ros2/CMakeFiles/px4__rosidl_generator_c.dir/rosidl_generator_c/px4/msg/detail/airspeed__functions.c.o] Error 1
gmake[2]: *** [platforms/ros2/CMakeFiles/px4__rosidl_generator_c.dir/build.make:3669: platforms/ros2/CMakeFiles/px4__rosidl_generator_c.dir/rosidl_generator_c/px4/msg/detail/airspeed_validated__functions.c.o] Error 1
[01m[Kcc1:[m[K [01;31m[Kfatal error: [m[K/home/inlab22/Documents/automated_planogram_compliance/simulations/build/px4/platforms/ros2/rosidl_generator_c/px4/msg/detail/arming_check_reply__functions.c: No such file or directory
compilation terminated.
[01m[Kcc1:[m[K [01;31m[Kfatal error: [m[K/home/inlab22/Documents/automated_planogram_compliance/simulations/build/px4/platforms/ros2/rosidl_generator_c/px4/msg/detail/arming_check_request__functions.c: No such file or directory
compilation terminated.
[01m[Kcc1:[m[K [01;31m[Kfatal error: [m[K/home/inlab22/Documents/automated_planogram_compliance/simulations/build/px4/platforms/ros2/rosidl_generator_c/px4/msg/detail/airspeed_wind__functions.c: No such file or directory
gmake[2]: *** [platforms/ros2/CMakeFiles/px4__rosidl_generator_c.dir/build.make:3641: platforms/ros2/CMakeFiles/px4__rosidl_generator_c.dir/rosidl_generator_c/px4/msg/detail/adc_report__functions.c.o] Error 1
compilation terminated.
gmake[2]: *** [platforms/ros2/CMakeFiles/px4__rosidl_generator_c.dir/build.make:3627: platforms/ros2/CMakeFiles/px4__rosidl_generator_c.dir/rosidl_generator_c/px4/msg/detail/actuator_test__functions.c.o] Error 1
[01m[Kcc1:[m[K [01;31m[Kfatal error: [m[K/home/inlab22/Documents/automated_planogram_compliance/simulations/build/px4/platforms/ros2/rosidl_generator_c/px4/msg/detail/battery_status__functions.c: No such file or directory
[01m[Kcc1:[m[K [01;31m[Kfatal error: [m[K/home/inlab22/Documents/automated_planogram_compliance/simulations/build/px4/platforms/ros2/rosidl_generator_c/px4/msg/detail/buffer128__functions.c: No such file or directory
compilation terminated.
compilation terminated.
[01m[Kcc1:[m[K [01;31m[Kfatal error: [m[K/home/inlab22/Documents/automated_planogram_compliance/simulations/build/px4/platforms/ros2/rosidl_generator_c/px4/msg/detail/autotune_attitude_control_status__functions.c: No such file or directory
compilation terminated.
gmake[2]: *** [platforms/ros2/CMakeFiles/px4__rosidl_generator_c.dir/build.make:3711: platforms/ros2/CMakeFiles/px4__rosidl_generator_c.dir/rosidl_generator_c/px4/msg/detail/arming_check_request__functions.c.o] Error 1
gmake[2]: *** [platforms/ros2/CMakeFiles/px4__rosidl_generator_c.dir/build.make:3697: platforms/ros2/CMakeFiles/px4__rosidl_generator_c.dir/rosidl_generator_c/px4/msg/detail/arming_check_reply__functions.c.o] Error 1
gmake[2]: *** [platforms/ros2/CMakeFiles/px4__rosidl_generator_c.dir/build.make:3683: platforms/ros2/CMakeFiles/px4__rosidl_generator_c.dir/rosidl_generator_c/px4/msg/detail/airspeed_wind__functions.c.o] Error 1
[01m[Kcc1:[m[K [01;31m[Kfatal error: [m[K/home/inlab22/Documents/automated_planogram_compliance/simulations/build/px4/platforms/ros2/rosidl_generator_c/px4/msg/detail/camera_capture__functions.c: No such file or directory
compilation terminated.
[01m[Kcc1:[m[K [01;31m[Kfatal error: [m[K/home/inlab22/Documents/automated_planogram_compliance/simulations/build/px4/platforms/ros2/rosidl_generator_c/px4/msg/detail/button_event__functions.c: No such file or directory
compilation terminated.
gmake[2]: *** [platforms/ros2/CMakeFiles/px4__rosidl_generator_c.dir/build.make:3753: platforms/ros2/CMakeFiles/px4__rosidl_generator_c.dir/rosidl_generator_c/px4/msg/detail/buffer128__functions.c.o] Error 1
[01m[Kcc1:[m[K [01;31m[Kfatal error: [m[K/home/inlab22/Documents/automated_planogram_compliance/simulations/build/px4/platforms/ros2/rosidl_generator_c/px4/msg/detail/camera_status__functions.c: No such file or directory
compilation terminated.
gmake[2]: *** [platforms/ros2/CMakeFiles/px4__rosidl_generator_c.dir/build.make:3739: platforms/ros2/CMakeFiles/px4__rosidl_generator_c.dir/rosidl_generator_c/px4/msg/detail/battery_status__functions.c.o] Error 1
gmake[2]: *** [platforms/ros2/CMakeFiles/px4__rosidl_generator_c.dir/build.make:3725: platforms/ros2/CMakeFiles/px4__rosidl_generator_c.dir/rosidl_generator_c/px4/msg/detail/autotune_attitude_control_status__functions.c.o] Error 1
gmake[2]: *** [platforms/ros2/CMakeFiles/px4__rosidl_generator_c.dir/build.make:3781: platforms/ros2/CMakeFiles/px4__rosidl_generator_c.dir/rosidl_generator_c/px4/msg/detail/camera_capture__functions.c.o] Error 1
gmake[2]: *** [platforms/ros2/CMakeFiles/px4__rosidl_generator_c.dir/build.make:3767: platforms/ros2/CMakeFiles/px4__rosidl_generator_c.dir/rosidl_generator_c/px4/msg/detail/button_event__functions.c.o] Error 1
gmake[2]: *** [platforms/ros2/CMakeFiles/px4__rosidl_generator_c.dir/build.make:3795: platforms/ros2/CMakeFiles/px4__rosidl_generator_c.dir/rosidl_generator_c/px4/msg/detail/camera_status__functions.c.o] Error 1
gmake[1]: *** [CMakeFiles/Makefile2:5953: platforms/ros2/CMakeFiles/px4__rosidl_generator_c.dir/all] Error 2
[  1%] [32mBuilding CXX object platforms/ros2/CMakeFiles/px4__rosidl_typesupport_cpp.dir/rosidl_typesupport_cpp/px4/msg/action_request__type_support.cpp.o[0m
[  1%] [32mBuilding CXX object platforms/ros2/CMakeFiles/px4__rosidl_typesupport_cpp.dir/rosidl_typesupport_cpp/px4/msg/actuator_servos_trim__type_support.cpp.o[0m
[  1%] [32mBuilding CXX object platforms/ros2/CMakeFiles/px4__rosidl_typesupport_cpp.dir/rosidl_typesupport_cpp/px4/msg/actuator_motors__type_support.cpp.o[0m
[  1%] [32mBuilding CXX object platforms/ros2/CMakeFiles/px4__rosidl_typesupport_cpp.dir/rosidl_typesupport_cpp/px4/msg/actuator_test__type_support.cpp.o[0m
[  1%] [32mBuilding CXX object platforms/ros2/CMakeFiles/px4__rosidl_typesupport_cpp.dir/rosidl_typesupport_cpp/px4/msg/actuator_armed__type_support.cpp.o[0m
[  1%] [32mBuilding CXX object platforms/ros2/CMakeFiles/px4__rosidl_typesupport_cpp.dir/rosidl_typesupport_cpp/px4/msg/actuator_outputs__type_support.cpp.o[0m
[  1%] [32mBuilding CXX object platforms/ros2/CMakeFiles/px4__rosidl_typesupport_cpp.dir/rosidl_typesupport_cpp/px4/msg/actuator_servos__type_support.cpp.o[0m
[  1%] [32mBuilding CXX object platforms/ros2/CMakeFiles/px4__rosidl_typesupport_cpp.dir/rosidl_typesupport_cpp/px4/msg/airspeed__type_support.cpp.o[0m
[  1%] [32mBuilding CXX object platforms/ros2/CMakeFiles/px4__rosidl_typesupport_cpp.dir/rosidl_typesupport_cpp/px4/msg/actuator_controls_status__type_support.cpp.o[0m
[  1%] [32mBuilding CXX object platforms/ros2/CMakeFiles/px4__rosidl_typesupport_cpp.dir/rosidl_typesupport_cpp/px4/msg/airspeed_validated__type_support.cpp.o[0m
[  1%] [32mBuilding CXX object platforms/ros2/CMakeFiles/px4__rosidl_typesupport_cpp.dir/rosidl_typesupport_cpp/px4/msg/arming_check_reply__type_support.cpp.o[0m
[  2%] [32mBuilding CXX object platforms/ros2/CMakeFiles/px4__rosidl_typesupport_cpp.dir/rosidl_typesupport_cpp/px4/msg/arming_check_request__type_support.cpp.o[0m
[  2%] [32mBuilding CXX object platforms/ros2/CMakeFiles/px4__rosidl_typesupport_cpp.dir/rosidl_typesupport_cpp/px4/msg/adc_report__type_support.cpp.o[0m
[  2%] [32mBuilding CXX object platforms/ros2/CMakeFiles/px4__rosidl_typesupport_cpp.dir/rosidl_typesupport_cpp/px4/msg/battery_status__type_support.cpp.o[0m
[  2%] [32mBuilding CXX object platforms/ros2/CMakeFiles/px4__rosidl_typesupport_cpp.dir/rosidl_typesupport_cpp/px4/msg/buffer128__type_support.cpp.o[0m
[  2%] [32mBuilding CXX object platforms/ros2/CMakeFiles/px4__rosidl_typesupport_cpp.dir/rosidl_typesupport_cpp/px4/msg/airspeed_wind__type_support.cpp.o[0m
[  2%] [32mBuilding CXX object platforms/ros2/CMakeFiles/px4__rosidl_typesupport_cpp.dir/rosidl_typesupport_cpp/px4/msg/button_event__type_support.cpp.o[0m
[  2%] [32mBuilding CXX object platforms/ros2/CMakeFiles/px4__rosidl_typesupport_cpp.dir/rosidl_typesupport_cpp/px4/msg/autotune_attitude_control_status__type_support.cpp.o[0m
[  2%] [32mBuilding CXX object platforms/ros2/CMakeFiles/px4__rosidl_typesupport_cpp.dir/rosidl_typesupport_cpp/px4/msg/camera_capture__type_support.cpp.o[0m
[  2%] [32mBuilding CXX object platforms/ros2/CMakeFiles/px4__rosidl_typesupport_cpp.dir/rosidl_typesupport_cpp/px4/msg/can_interface_status__type_support.cpp.o[0m
[  2%] [32mBuilding CXX object platforms/ros2/CMakeFiles/px4__rosidl_typesupport_cpp.dir/rosidl_typesupport_cpp/px4/msg/camera_status__type_support.cpp.o[0m
[  2%] [32mBuilding CXX object platforms/ros2/CMakeFiles/px4__rosidl_typesupport_cpp.dir/rosidl_typesupport_cpp/px4/msg/camera_trigger__type_support.cpp.o[0m
[01m[Kcc1plus:[m[K [01;31m[Kfatal error: [m[K/home/inlab22/Documents/automated_planogram_compliance/simulations/build/px4/platforms/ros2/rosidl_typesupport_cpp/px4/msg/actuator_servos_trim__type_support.cpp: No such file or directory
[01m[Kcc1plus:[m[K [01;31m[Kfatal error: [m[K/home/inlab22/Documents/automated_planogram_compliance/simulations/build/px4/platforms/ros2/rosidl_typesupport_cpp/px4/msg/actuator_test__type_support.cpp: No such file or directory
[01m[Kcc1plus:[m[K [01;31m[Kfatal error: [m[K/home/inlab22/Documents/automated_planogram_compliance/simulations/build/px4/platforms/ros2/rosidl_typesupport_cpp/px4/msg/actuator_motors__type_support.cpp: No such file or directory
compilation terminated.
compilation terminated.
[01m[Kcc1plus:[m[K [01;31m[Kfatal error: [m[K/home/inlab22/Documents/automated_planogram_compliance/simulations/build/px4/platforms/ros2/rosidl_typesupport_cpp/px4/msg/actuator_outputs__type_support.cpp: No such file or directory
compilation terminated.
[01m[Kcc1plus:[m[K [01;31m[Kfatal error: [m[K/home/inlab22/Documents/automated_planogram_compliance/simulations/build/px4/platforms/ros2/rosidl_typesupport_cpp/px4/msg/actuator_armed__type_support.cpp: No such file or directory
compilation terminated.
compilation terminated.
[01m[Kcc1plus:[m[K [01;31m[Kfatal error: [m[K/home/inlab22/Documents/automated_planogram_compliance/simulations/build/px4/platforms/ros2/rosidl_typesupport_cpp/px4/msg/actuator_controls_status__type_support.cpp: No such file or directory
compilation terminated.
[01m[Kcc1plus:[m[K [01;31m[Kfatal error: [m[K/home/inlab22/Documents/automated_planogram_compliance/simulations/build/px4/platforms/ros2/rosidl_typesupport_cpp/px4/msg/actuator_servos__type_support.cpp: No such file or directory
compilation terminated.
[01m[Kcc1plus:[m[K [01;31m[Kfatal error: [m[K/home/inlab22/Documents/automated_planogram_compliance/simulations/build/px4/platforms/ros2/rosidl_typesupport_cpp/px4/msg/action_request__type_support.cpp: No such file or directory
compilation terminated.
gmake[2]: *** [platforms/ros2/CMakeFiles/px4__rosidl_typesupport_cpp.dir/build.make:984: platforms/ros2/CMakeFiles/px4__rosidl_typesupport_cpp.dir/rosidl_typesupport_cpp/px4/msg/actuator_motors__type_support.cpp.o] Error 1
gmake[2]: *** Waiting for unfinished jobs....
gmake[2]: *** [platforms/ros2/CMakeFiles/px4__rosidl_typesupport_cpp.dir/build.make:1040: platforms/ros2/CMakeFiles/px4__rosidl_typesupport_cpp.dir/rosidl_typesupport_cpp/px4/msg/actuator_test__type_support.cpp.o] Error 1
gmake[2]: *** [platforms/ros2/CMakeFiles/px4__rosidl_typesupport_cpp.dir/build.make:1026: platforms/ros2/CMakeFiles/px4__rosidl_typesupport_cpp.dir/rosidl_typesupport_cpp/px4/msg/actuator_servos_trim__type_support.cpp.o] Error 1
gmake[2]: *** [platforms/ros2/CMakeFiles/px4__rosidl_typesupport_cpp.dir/build.make:956: platforms/ros2/CMakeFiles/px4__rosidl_typesupport_cpp.dir/rosidl_typesupport_cpp/px4/msg/actuator_armed__type_support.cpp.o] Error 1
[01m[Kcc1plus:[m[K [01;31m[Kfatal error: [m[K/home/inlab22/Documents/automated_planogram_compliance/simulations/build/px4/platforms/ros2/rosidl_typesupport_cpp/px4/msg/adc_report__type_support.cpp: No such file or directory
compilation terminated.
gmake[2]: *** [platforms/ros2/CMakeFiles/px4__rosidl_typesupport_cpp.dir/build.make:970: platforms/ros2/CMakeFiles/px4__rosidl_typesupport_cpp.dir/rosidl_typesupport_cpp/px4/msg/actuator_controls_status__type_support.cpp.o] Error 1
[01m[Kcc1plus:[m[K [01;31m[Kfatal error: [m[K/home/inlab22/Documents/automated_planogram_compliance/simulations/build/px4/platforms/ros2/rosidl_typesupport_cpp/px4/msg/airspeed__type_support.cpp: No such file or directory
[01m[Kcc1plus:[m[K [01;31m[Kfatal error: [m[K/home/inlab22/Documents/automated_planogram_compliance/simulations/build/px4/platforms/ros2/rosidl_typesupport_cpp/px4/msg/airspeed_validated__type_support.cpp: No such file or directory
compilation terminated.
compilation terminated.
[01m[Kcc1plus:[m[K [01;31m[Kfatal error: [m[K/home/inlab22/Documents/automated_planogram_compliance/simulations/build/px4/platforms/ros2/rosidl_typesupport_cpp/px4/msg/arming_check_request__type_support.cpp: No such file or directory
gmake[2]: *** [platforms/ros2/CMakeFiles/px4__rosidl_typesupport_cpp.dir/build.make:998: platforms/ros2/CMakeFiles/px4__rosidl_typesupport_cpp.dir/rosidl_typesupport_cpp/px4/msg/actuator_outputs__type_support.cpp.o] Error 1
compilation terminated.
gmake[2]: *** [platforms/ros2/CMakeFiles/px4__rosidl_typesupport_cpp.dir/build.make:1012: platforms/ros2/CMakeFiles/px4__rosidl_typesupport_cpp.dir/rosidl_typesupport_cpp/px4/msg/actuator_servos__type_support.cpp.o] Error 1
gmake[2]: *** [platforms/ros2/CMakeFiles/px4__rosidl_typesupport_cpp.dir/build.make:942: platforms/ros2/CMakeFiles/px4__rosidl_typesupport_cpp.dir/rosidl_typesupport_cpp/px4/msg/action_request__type_support.cpp.o] Error 1
[01m[Kcc1plus:[m[K [01;31m[Kfatal error: [m[K/home/inlab22/Documents/automated_planogram_compliance/simulations/build/px4/platforms/ros2/rosidl_typesupport_cpp/px4/msg/arming_check_reply__type_support.cpp: No such file or directory
compilation terminated.
gmake[2]: *** [platforms/ros2/CMakeFiles/px4__rosidl_typesupport_cpp.dir/build.make:1054: platforms/ros2/CMakeFiles/px4__rosidl_typesupport_cpp.dir/rosidl_typesupport_cpp/px4/msg/adc_report__type_support.cpp.o] Error 1
gmake[2]: *** [platforms/ros2/CMakeFiles/px4__rosidl_typesupport_cpp.dir/build.make:1082: platforms/ros2/CMakeFiles/px4__rosidl_typesupport_cpp.dir/rosidl_typesupport_cpp/px4/msg/airspeed_validated__type_support.cpp.o] Error 1
[01m[Kcc1plus:[m[K [01;31m[Kfatal error: [m[K/home/inlab22/Documents/automated_planogram_compliance/simulations/build/px4/platforms/ros2/rosidl_typesupport_cpp/px4/msg/battery_status__type_support.cpp: No such file or directory
compilation terminated.
gmake[2]: *** [platforms/ros2/CMakeFiles/px4__rosidl_typesupport_cpp.dir/build.make:1068: platforms/ros2/CMakeFiles/px4__rosidl_typesupport_cpp.dir/rosidl_typesupport_cpp/px4/msg/airspeed__type_support.cpp.o] Error 1
gmake[2]: *** [platforms/ros2/CMakeFiles/px4__rosidl_typesupport_cpp.dir/build.make:1124: platforms/ros2/CMakeFiles/px4__rosidl_typesupport_cpp.dir/rosidl_typesupport_cpp/px4/msg/arming_check_request__type_support.cpp.o] Error 1
[01m[Kcc1plus:[m[K [01;31m[Kfatal error: [m[K/home/inlab22/Documents/automated_planogram_compliance/simulations/build/px4/platforms/ros2/rosidl_typesupport_cpp/px4/msg/airspeed_wind__type_support.cpp: No such file or directory
compilation terminated.
gmake[2]: *** [platforms/ros2/CMakeFiles/px4__rosidl_typesupport_cpp.dir/build.make:1110: platforms/ros2/CMakeFiles/px4__rosidl_typesupport_cpp.dir/rosidl_typesupport_cpp/px4/msg/arming_check_reply__type_support.cpp.o] Error 1
[01m[Kcc1plus:[m[K [01;31m[Kfatal error: [m[K/home/inlab22/Documents/automated_planogram_compliance/simulations/build/px4/platforms/ros2/rosidl_typesupport_cpp/px4/msg/button_event__type_support.cpp: No such file or directory
compilation terminated.
[01m[Kcc1plus:[m[K [01;31m[Kfatal error: [m[K/home/inlab22/Documents/automated_planogram_compliance/simulations/build/px4/platforms/ros2/rosidl_typesupport_cpp/px4/msg/buffer128__type_support.cpp: No such file or directory
compilation terminated.
[01m[Kcc1plus:[m[K [01;31m[Kfatal error: [m[K/home/inlab22/Documents/automated_planogram_compliance/simulations/build/px4/platforms/ros2/rosidl_typesupport_cpp/px4/msg/autotune_attitude_control_status__type_support.cpp: No such file or directory
compilation terminated.
[01m[Kcc1plus:[m[K [01;31m[Kfatal error: [m[K/home/inlab22/Documents/automated_planogram_compliance/simulations/build/px4/platforms/ros2/rosidl_typesupport_cpp/px4/msg/camera_capture__type_support.cpp: No such file or directory
compilation terminated.
gmake[2]: *** [platforms/ros2/CMakeFiles/px4__rosidl_typesupport_cpp.dir/build.make:1152: platforms/ros2/CMakeFiles/px4__rosidl_typesupport_cpp.dir/rosidl_typesupport_cpp/px4/msg/battery_status__type_support.cpp.o] Error 1
[  2%] [32mBuilding CXX object platforms/ros2/CMakeFiles/px4__rosidl_typesupport_introspection_cpp.dir/rosidl_typesupport_introspection_cpp/px4/msg/detail/action_request__type_support.cpp.o[0m
[01m[Kcc1plus:[m[K [01;31m[Kfatal error: [m[K/home/inlab22/Documents/automated_planogram_compliance/simulations/build/px4/platforms/ros2/rosidl_typesupport_cpp/px4/msg/camera_status__type_support.cpp: No such file or directory
compilation terminated.
gmake[2]: *** [platforms/ros2/CMakeFiles/px4__rosidl_typesupport_cpp.dir/build.make:1096: platforms/ros2/CMakeFiles/px4__rosidl_typesupport_cpp.dir/rosidl_typesupport_cpp/px4/msg/airspeed_wind__type_support.cpp.o] Error 1
gmake[2]: *** [platforms/ros2/CMakeFiles/px4__rosidl_typesupport_cpp.dir/build.make:1166: platforms/ros2/CMakeFiles/px4__rosidl_typesupport_cpp.dir/rosidl_typesupport_cpp/px4/msg/buffer128__type_support.cpp.o] Error 1
gmake[2]: *** [platforms/ros2/CMakeFiles/px4__rosidl_typesupport_cpp.dir/build.make:1138: platforms/ros2/CMakeFiles/px4__rosidl_typesupport_cpp.dir/rosidl_typesupport_cpp/px4/msg/autotune_attitude_control_status__type_support.cpp.o] Error 1
gmake[2]: *** [platforms/ros2/CMakeFiles/px4__rosidl_typesupport_cpp.dir/build.make:1180: platforms/ros2/CMakeFiles/px4__rosidl_typesupport_cpp.dir/rosidl_typesupport_cpp/px4/msg/button_event__type_support.cpp.o] Error 1
gmake[2]: *** [platforms/ros2/CMakeFiles/px4__rosidl_typesupport_cpp.dir/build.make:1194: platforms/ros2/CMakeFiles/px4__rosidl_typesupport_cpp.dir/rosidl_typesupport_cpp/px4/msg/camera_capture__type_support.cpp.o] Error 1
[01m[Kcc1plus:[m[K [01;31m[Kfatal error: [m[K/home/inlab22/Documents/automated_planogram_compliance/simulations/build/px4/platforms/ros2/rosidl_typesupport_cpp/px4/msg/camera_trigger__type_support.cpp: No such file or directory
compilation terminated.
gmake[2]: *** [platforms/ros2/CMakeFiles/px4__rosidl_typesupport_cpp.dir/build.make:1208: platforms/ros2/CMakeFiles/px4__rosidl_typesupport_cpp.dir/rosidl_typesupport_cpp/px4/msg/camera_status__type_support.cpp.o] Error 1
[01m[Kcc1plus:[m[K [01;31m[Kfatal error: [m[K/home/inlab22/Documents/automated_planogram_compliance/simulations/build/px4/platforms/ros2/rosidl_typesupport_cpp/px4/msg/can_interface_status__type_support.cpp: No such file or directory
compilation terminated.
gmake[2]: *** [platforms/ros2/CMakeFiles/px4__rosidl_typesupport_cpp.dir/build.make:1222: platforms/ros2/CMakeFiles/px4__rosidl_typesupport_cpp.dir/rosidl_typesupport_cpp/px4/msg/camera_trigger__type_support.cpp.o] Error 1
gmake[2]: *** [platforms/ros2/CMakeFiles/px4__rosidl_typesupport_cpp.dir/build.make:1236: platforms/ros2/CMakeFiles/px4__rosidl_typesupport_cpp.dir/rosidl_typesupport_cpp/px4/msg/can_interface_status__type_support.cpp.o] Error 1
gmake[1]: *** [CMakeFiles/Makefile2:6135: platforms/ros2/CMakeFiles/px4__rosidl_typesupport_cpp.dir/all] Error 2
[  2%] [32mBuilding CXX object platforms/ros2/CMakeFiles/px4__rosidl_typesupport_fastrtps_cpp.dir/rosidl_typesupport_fastrtps_cpp/px4/msg/detail/dds_fastrtps/action_request__type_support.cpp.o[0m
[  2%] [32mBuilding CXX object platforms/ros2/CMakeFiles/px4__rosidl_typesupport_fastrtps_cpp.dir/rosidl_typesupport_fastrtps_cpp/px4/msg/detail/dds_fastrtps/actuator_armed__type_support.cpp.o[0m
[  2%] [32mBuilding CXX object platforms/ros2/CMakeFiles/px4__rosidl_typesupport_introspection_cpp.dir/rosidl_typesupport_introspection_cpp/px4/msg/detail/actuator_controls_status__type_support.cpp.o[0m
[  2%] [32mBuilding CXX object platforms/ros2/CMakeFiles/px4__rosidl_typesupport_fastrtps_cpp.dir/rosidl_typesupport_fastrtps_cpp/px4/msg/detail/dds_fastrtps/actuator_controls_status__type_support.cpp.o[0m
[  2%] [32mBuilding CXX object platforms/ros2/CMakeFiles/px4__rosidl_typesupport_fastrtps_cpp.dir/rosidl_typesupport_fastrtps_cpp/px4/msg/detail/dds_fastrtps/actuator_motors__type_support.cpp.o[0m
[  2%] [32mBuilding CXX object platforms/ros2/CMakeFiles/px4__rosidl_typesupport_introspection_cpp.dir/rosidl_typesupport_introspection_cpp/px4/msg/detail/actuator_armed__type_support.cpp.o[0m
[  2%] [32mBuilding CXX object platforms/ros2/CMakeFiles/px4__rosidl_typesupport_fastrtps_cpp.dir/rosidl_typesupport_fastrtps_cpp/px4/msg/detail/dds_fastrtps/actuator_outputs__type_support.cpp.o[0m
[  2%] [32mBuilding CXX object platforms/ros2/CMakeFiles/px4__rosidl_typesupport_introspection_cpp.dir/rosidl_typesupport_introspection_cpp/px4/msg/detail/actuator_servos__type_support.cpp.o[0m
[01m[Kcc1plus:[m[K [01;31m[Kfatal error: [m[K/home/inlab22/Documents/automated_planogram_compliance/simulations/build/px4/platforms/ros2/rosidl_typesupport_introspection_cpp/px4/msg/detail/action_request__type_support.cpp: No such file or directory
compilation terminated.
[  2%] [32mBuilding CXX object platforms/ros2/CMakeFiles/px4__rosidl_typesupport_fastrtps_cpp.dir/rosidl_typesupport_fastrtps_cpp/px4/msg/detail/dds_fastrtps/actuator_servos__type_support.cpp.o[0m
[  2%] [32mBuilding CXX object platforms/ros2/CMakeFiles/px4__rosidl_typesupport_fastrtps_cpp.dir/rosidl_typesupport_fastrtps_cpp/px4/msg/detail/dds_fastrtps/actuator_test__type_support.cpp.o[0m
[  2%] [32mBuilding CXX object platforms/ros2/CMakeFiles/px4__rosidl_typesupport_fastrtps_cpp.dir/rosidl_typesupport_fastrtps_cpp/px4/msg/detail/dds_fastrtps/adc_report__type_support.cpp.o[0m
[  2%] [32mBuilding CXX object platforms/ros2/CMakeFiles/px4__rosidl_typesupport_introspection_cpp.dir/rosidl_typesupport_introspection_cpp/px4/msg/detail/actuator_motors__type_support.cpp.o[0m
[  2%] [32mBuilding CXX object platforms/ros2/CMakeFiles/px4__rosidl_typesupport_introspection_cpp.dir/rosidl_typesupport_introspection_cpp/px4/msg/detail/actuator_outputs__type_support.cpp.o[0m
[  2%] [32mBuilding CXX object platforms/ros2/CMakeFiles/px4__rosidl_typesupport_introspection_cpp.dir/rosidl_typesupport_introspection_cpp/px4/msg/detail/actuator_servos_trim__type_support.cpp.o[0m
[  2%] [32mBuilding CXX object platforms/ros2/CMakeFiles/px4__rosidl_typesupport_fastrtps_cpp.dir/rosidl_typesupport_fastrtps_cpp/px4/msg/detail/dds_fastrtps/actuator_servos_trim__type_support.cpp.o[0m
gmake[2]: *** [platforms/ros2/CMakeFiles/px4__rosidl_typesupport_introspection_cpp.dir/build.make:1589: platforms/ros2/CMakeFiles/px4__rosidl_typesupport_introspection_cpp.dir/rosidl_typesupport_introspection_cpp/px4/msg/detail/action_request__type_support.cpp.o] Error 1
gmake[2]: *** Waiting for unfinished jobs....
[  2%] [32mBuilding CXX object platforms/ros2/CMakeFiles/px4__rosidl_typesupport_fastrtps_cpp.dir/rosidl_typesupport_fastrtps_cpp/px4/msg/detail/dds_fastrtps/airspeed__type_support.cpp.o[0m
[  2%] [32mBuilding CXX object platforms/ros2/CMakeFiles/px4__rosidl_typesupport_fastrtps_cpp.dir/rosidl_typesupport_fastrtps_cpp/px4/msg/detail/dds_fastrtps/airspeed_validated__type_support.cpp.o[0m
[  2%] [32mBuilding CXX object platforms/ros2/CMakeFiles/px4__rosidl_typesupport_introspection_cpp.dir/rosidl_typesupport_introspection_cpp/px4/msg/detail/adc_report__type_support.cpp.o[0m
[  4%] [32mBuilding CXX object platforms/ros2/CMakeFiles/px4__rosidl_typesupport_fastrtps_cpp.dir/rosidl_typesupport_fastrtps_cpp/px4/msg/detail/dds_fastrtps/airspeed_wind__type_support.cpp.o[0m
[  4%] [32mBuilding CXX object platforms/ros2/CMakeFiles/px4__rosidl_typesupport_introspection_cpp.dir/rosidl_typesupport_introspection_cpp/px4/msg/detail/actuator_test__type_support.cpp.o[0m
[  4%] [32mBuilding CXX object platforms/ros2/CMakeFiles/px4__rosidl_typesupport_fastrtps_cpp.dir/rosidl_typesupport_fastrtps_cpp/px4/msg/detail/dds_fastrtps/arming_check_request__type_support.cpp.o[0m
[  4%] [32mBuilding CXX object platforms/ros2/CMakeFiles/px4__rosidl_typesupport_fastrtps_cpp.dir/rosidl_typesupport_fastrtps_cpp/px4/msg/detail/dds_fastrtps/arming_check_reply__type_support.cpp.o[0m
[01m[Kcc1plus:[m[K [01;31m[Kfatal error: [m[K/home/inlab22/Documents/automated_planogram_compliance/simulations/build/px4/platforms/ros2/rosidl_typesupport_fastrtps_cpp/px4/msg/detail/dds_fastrtps/action_request__type_support.cpp: No such file or directory
[01m[Kcc1plus:[m[K [01;31m[Kfatal error: [m[K/home/inlab22/Documents/automated_planogram_compliance/simulations/build/px4/platforms/ros2/rosidl_typesupport_fastrtps_cpp/px4/msg/detail/dds_fastrtps/actuator_armed__type_support.cpp: No such file or directory
compilation terminated.
compilation terminated.
[01m[Kcc1plus:[m[K [01;31m[Kfatal error: [m[K/home/inlab22/Documents/automated_planogram_compliance/simulations/build/px4/platforms/ros2/rosidl_typesupport_introspection_cpp/px4/msg/detail/actuator_armed__type_support.cpp: No such file or directory
compilation terminated.
gmake[2]: *** [platforms/ros2/CMakeFiles/px4__rosidl_typesupport_fastrtps_cpp.dir/build.make:1603: platforms/ros2/CMakeFiles/px4__rosidl_typesupport_fastrtps_cpp.dir/rosidl_typesupport_fastrtps_cpp/px4/msg/detail/dds_fastrtps/actuator_armed__type_support.cpp.o] Error 1
gmake[2]: *** Waiting for unfinished jobs....
[01m[Kcc1plus:[m[K [01;31m[Kfatal error: [m[K/home/inlab22/Documents/automated_planogram_compliance/simulations/build/px4/platforms/ros2/rosidl_typesupport_fastrtps_cpp/px4/msg/detail/dds_fastrtps/actuator_controls_status__type_support.cpp: No such file or directory
gmake[2]: *** [platforms/ros2/CMakeFiles/px4__rosidl_typesupport_fastrtps_cpp.dir/build.make:1589: platforms/ros2/CMakeFiles/px4__rosidl_typesupport_fastrtps_cpp.dir/rosidl_typesupport_fastrtps_cpp/px4/msg/detail/dds_fastrtps/action_request__type_support.cpp.o] Error 1
compilation terminated.
[01m[Kcc1plus:[m[K [01;31m[Kfatal error: [m[K/home/inlab22/Documents/automated_planogram_compliance/simulations/build/px4/platforms/ros2/rosidl_typesupport_introspection_cpp/px4/msg/detail/actuator_controls_status__type_support.cpp: No such file or directory
compilation terminated.
gmake[2]: *** [platforms/ros2/CMakeFiles/px4__rosidl_typesupport_introspection_cpp.dir/build.make:1603: platforms/ros2/CMakeFiles/px4__rosidl_typesupport_introspection_cpp.dir/rosidl_typesupport_introspection_cpp/px4/msg/detail/actuator_armed__type_support.cpp.o] Error 1
[01m[Kcc1plus:[m[K [01;31m[Kfatal error: [m[K/home/inlab22/Documents/automated_planogram_compliance/simulations/build/px4/platforms/ros2/rosidl_typesupport_introspection_cpp/px4/msg/detail/actuator_servos__type_support.cpp: No such file or directory
compilation terminated.
[01m[Kcc1plus:[m[K [01;31m[Kfatal error: [m[K/home/inlab22/Documents/automated_planogram_compliance/simulations/build/px4/platforms/ros2/rosidl_typesupport_fastrtps_cpp/px4/msg/detail/dds_fastrtps/actuator_servos__type_support.cpp: No such file or directory
compilation terminated.
[  4%] [32mBuilding CXX object platforms/ros2/CMakeFiles/px4__rosidl_typesupport_fastrtps_cpp.dir/rosidl_typesupport_fastrtps_cpp/px4/msg/detail/dds_fastrtps/autotune_attitude_control_status__type_support.cpp.o[0m
[01m[Kcc1plus:[m[K [01;31m[Kfatal error: [m[K/home/inlab22/Documents/automated_planogram_compliance/simulations/build/px4/platforms/ros2/rosidl_typesupport_fastrtps_cpp/px4/msg/detail/dds_fastrtps/actuator_motors__type_support.cpp: No such file or directory
compilation terminated.
[01m[Kcc1plus:[m[K [01;31m[Kfatal error: [m[K/home/inlab22/Documents/automated_planogram_compliance/simulations/build/px4/platforms/ros2/rosidl_typesupport_fastrtps_cpp/px4/msg/detail/dds_fastrtps/actuator_outputs__type_support.cpp: No such file or directory
compilation terminated.
gmake[2]: *** [platforms/ros2/CMakeFiles/px4__rosidl_typesupport_fastrtps_cpp.dir/build.make:1617: platforms/ros2/CMakeFiles/px4__rosidl_typesupport_fastrtps_cpp.dir/rosidl_typesupport_fastrtps_cpp/px4/msg/detail/dds_fastrtps/actuator_controls_status__type_support.cpp.o] Error 1
gmake[2]: *** [platforms/ros2/CMakeFiles/px4__rosidl_typesupport_introspection_cpp.dir/build.make:1617: platforms/ros2/CMakeFiles/px4__rosidl_typesupport_introspection_cpp.dir/rosidl_typesupport_introspection_cpp/px4/msg/detail/actuator_controls_status__type_support.cpp.o] Error 1
gmake[2]: *** [platforms/ros2/CMakeFiles/px4__rosidl_typesupport_fastrtps_cpp.dir/build.make:1659: platforms/ros2/CMakeFiles/px4__rosidl_typesupport_fastrtps_cpp.dir/rosidl_typesupport_fastrtps_cpp/px4/msg/detail/dds_fastrtps/actuator_servos__type_support.cpp.o] Error 1
gmake[2]: *** [platforms/ros2/CMakeFiles/px4__rosidl_typesupport_introspection_cpp.dir/build.make:1659: platforms/ros2/CMakeFiles/px4__rosidl_typesupport_introspection_cpp.dir/rosidl_typesupport_introspection_cpp/px4/msg/detail/actuator_servos__type_support.cpp.o] Error 1
[01m[Kcc1plus:[m[K [01;31m[Kfatal error: [m[K/home/inlab22/Documents/automated_planogram_compliance/simulations/build/px4/platforms/ros2/rosidl_typesupport_fastrtps_cpp/px4/msg/detail/dds_fastrtps/adc_report__type_support.cpp: No such file or directory
compilation terminated.
gmake[2]: *** [platforms/ros2/CMakeFiles/px4__rosidl_typesupport_fastrtps_cpp.dir/build.make:1631: platforms/ros2/CMakeFiles/px4__rosidl_typesupport_fastrtps_cpp.dir/rosidl_typesupport_fastrtps_cpp/px4/msg/detail/dds_fastrtps/actuator_motors__type_support.cpp.o] Error 1
[01m[Kcc1plus:[m[K [01;31m[Kfatal error: [m[K/home/inlab22/Documents/automated_planogram_compliance/simulations/build/px4/platforms/ros2/rosidl_typesupport_introspection_cpp/px4/msg/detail/actuator_outputs__type_support.cpp: No such file or directory
compilation terminated.
[01m[Kcc1plus:[m[K [01;31m[Kfatal error: [m[K/home/inlab22/Documents/automated_planogram_compliance/simulations/build/px4/platforms/ros2/rosidl_typesupport_fastrtps_cpp/px4/msg/detail/dds_fastrtps/actuator_servos_trim__type_support.cpp: No such file or directory
compilation terminated.
gmake[2]: *** [platforms/ros2/CMakeFiles/px4__rosidl_typesupport_fastrtps_cpp.dir/build.make:1645: platforms/ros2/CMakeFiles/px4__rosidl_typesupport_fastrtps_cpp.dir/rosidl_typesupport_fastrtps_cpp/px4/msg/detail/dds_fastrtps/actuator_outputs__type_support.cpp.o] Error 1
[01m[Kcc1plus:[m[K [01;31m[Kfatal error: [m[K/home/inlab22/Documents/automated_planogram_compliance/simulations/build/px4/platforms/ros2/rosidl_typesupport_fastrtps_cpp/px4/msg/detail/dds_fastrtps/airspeed__type_support.cpp: No such file or directory
compilation terminated.
[01m[Kcc1plus:[m[K [01;31m[Kfatal error: [m[K/home/inlab22/Documents/automated_planogram_compliance/simulations/build/px4/platforms/ros2/rosidl_typesupport_introspection_cpp/px4/msg/detail/actuator_servos_trim__type_support.cpp: No such file or directory
compilation terminated.
[01m[Kcc1plus:[m[K [01;31m[Kfatal error: [m[K/home/inlab22/Documents/automated_planogram_compliance/simulations/build/px4/platforms/ros2/rosidl_typesupport_introspection_cpp/px4/msg/detail/actuator_motors__type_support.cpp: No such file or directory
compilation terminated.
gmake[2]: *** [platforms/ros2/CMakeFiles/px4__rosidl_typesupport_introspection_cpp.dir/build.make:1645: platforms/ros2/CMakeFiles/px4__rosidl_typesupport_introspection_cpp.dir/rosidl_typesupport_introspection_cpp/px4/msg/detail/actuator_outputs__type_support.cpp.o] Error 1
gmake[2]: *** [platforms/ros2/CMakeFiles/px4__rosidl_typesupport_fastrtps_cpp.dir/build.make:1701: platforms/ros2/CMakeFiles/px4__rosidl_typesupport_fastrtps_cpp.dir/rosidl_typesupport_fastrtps_cpp/px4/msg/detail/dds_fastrtps/adc_report__type_support.cpp.o] Error 1
gmake[2]: *** [platforms/ros2/CMakeFiles/px4__rosidl_typesupport_fastrtps_cpp.dir/build.make:1673: platforms/ros2/CMakeFiles/px4__rosidl_typesupport_fastrtps_cpp.dir/rosidl_typesupport_fastrtps_cpp/px4/msg/detail/dds_fastrtps/actuator_servos_trim__type_support.cpp.o] Error 1
[01m[Kcc1plus:[m[K [01;31m[Kfatal error: [m[K/home/inlab22/Documents/automated_planogram_compliance/simulations/build/px4/platforms/ros2/rosidl_typesupport_fastrtps_cpp/px4/msg/detail/dds_fastrtps/actuator_test__type_support.cpp: No such file or directory
[01m[Kcc1plus:[m[K [01;31m[Kfatal error: [m[K/home/inlab22/Documents/automated_planogram_compliance/simulations/build/px4/platforms/ros2/rosidl_typesupport_fastrtps_cpp/px4/msg/detail/dds_fastrtps/airspeed_validated__type_support.cpp: No such file or directory
compilation terminated.
compilation terminated.
[01m[Kcc1plus:[m[K [01;31m[Kfatal error: [m[K/home/inlab22/Documents/automated_planogram_compliance/simulations/build/px4/platforms/ros2/rosidl_typesupport_introspection_cpp/px4/msg/detail/adc_report__type_support.cpp: No such file or directory
compilation terminated.
[01m[Kcc1plus:[m[K [01;31m[Kfatal error: [m[K/home/inlab22/Documents/automated_planogram_compliance/simulations/build/px4/platforms/ros2/rosidl_typesupport_fastrtps_cpp/px4/msg/detail/dds_fastrtps/airspeed_wind__type_support.cpp: No such file or directory
compilation terminated.
gmake[2]: *** [platforms/ros2/CMakeFiles/px4__rosidl_typesupport_introspection_cpp.dir/build.make:1673: platforms/ros2/CMakeFiles/px4__rosidl_typesupport_introspection_cpp.dir/rosidl_typesupport_introspection_cpp/px4/msg/detail/actuator_servos_trim__type_support.cpp.o] Error 1
gmake[2]: *** [platforms/ros2/CMakeFiles/px4__rosidl_typesupport_fastrtps_cpp.dir/build.make:1715: platforms/ros2/CMakeFiles/px4__rosidl_typesupport_fastrtps_cpp.dir/rosidl_typesupport_fastrtps_cpp/px4/msg/detail/dds_fastrtps/airspeed__type_support.cpp.o] Error 1
gmake[2]: *** [platforms/ros2/CMakeFiles/px4__rosidl_typesupport_introspection_cpp.dir/build.make:1631: platforms/ros2/CMakeFiles/px4__rosidl_typesupport_introspection_cpp.dir/rosidl_typesupport_introspection_cpp/px4/msg/detail/actuator_motors__type_support.cpp.o] Error 1
[01m[Kcc1plus:[m[K [01;31m[Kfatal error: [m[K/home/inlab22/Documents/automated_planogram_compliance/simulations/build/px4/platforms/ros2/rosidl_typesupport_fastrtps_cpp/px4/msg/detail/dds_fastrtps/arming_check_request__type_support.cpp: No such file or directory
compilation terminated.
[01m[Kcc1plus:[m[K [01;31m[Kfatal error: [m[K/home/inlab22/Documents/automated_planogram_compliance/simulations/build/px4/platforms/ros2/rosidl_typesupport_introspection_cpp/px4/msg/detail/actuator_test__type_support.cpp: No such file or directory
compilation terminated.
gmake[2]: *** [platforms/ros2/CMakeFiles/px4__rosidl_typesupport_introspection_cpp.dir/build.make:1701: platforms/ros2/CMakeFiles/px4__rosidl_typesupport_introspection_cpp.dir/rosidl_typesupport_introspection_cpp/px4/msg/detail/adc_report__type_support.cpp.o] Error 1
gmake[2]: *** [platforms/ros2/CMakeFiles/px4__rosidl_typesupport_fastrtps_cpp.dir/build.make:1687: platforms/ros2/CMakeFiles/px4__rosidl_typesupport_fastrtps_cpp.dir/rosidl_typesupport_fastrtps_cpp/px4/msg/detail/dds_fastrtps/actuator_test__type_support.cpp.o] Error 1
gmake[2]: *** [platforms/ros2/CMakeFiles/px4__rosidl_typesupport_fastrtps_cpp.dir/build.make:1729: platforms/ros2/CMakeFiles/px4__rosidl_typesupport_fastrtps_cpp.dir/rosidl_typesupport_fastrtps_cpp/px4/msg/detail/dds_fastrtps/airspeed_validated__type_support.cpp.o] Error 1
gmake[2]: *** [platforms/ros2/CMakeFiles/px4__rosidl_typesupport_fastrtps_cpp.dir/build.make:1743: platforms/ros2/CMakeFiles/px4__rosidl_typesupport_fastrtps_cpp.dir/rosidl_typesupport_fastrtps_cpp/px4/msg/detail/dds_fastrtps/airspeed_wind__type_support.cpp.o] Error 1
[  4%] [32mBuilding CXX object platforms/ros2/CMakeFiles/px4__rosidl_typesupport_fastrtps_cpp.dir/rosidl_typesupport_fastrtps_cpp/px4/msg/detail/dds_fastrtps/battery_status__type_support.cpp.o[0m
gmake[2]: *** [platforms/ros2/CMakeFiles/px4__rosidl_typesupport_fastrtps_cpp.dir/build.make:1771: platforms/ros2/CMakeFiles/px4__rosidl_typesupport_fastrtps_cpp.dir/rosidl_typesupport_fastrtps_cpp/px4/msg/detail/dds_fastrtps/arming_check_request__type_support.cpp.o] Error 1
gmake[2]: *** [platforms/ros2/CMakeFiles/px4__rosidl_typesupport_introspection_cpp.dir/build.make:1687: platforms/ros2/CMakeFiles/px4__rosidl_typesupport_introspection_cpp.dir/rosidl_typesupport_introspection_cpp/px4/msg/detail/actuator_test__type_support.cpp.o] Error 1
[01m[Kcc1plus:[m[K [01;31m[Kfatal error: [m[K/home/inlab22/Documents/automated_planogram_compliance/simulations/build/px4/platforms/ros2/rosidl_typesupport_fastrtps_cpp/px4/msg/detail/dds_fastrtps/arming_check_reply__type_support.cpp: No such file or directory
compilation terminated.
gmake[1]: *** [CMakeFiles/Makefile2:6109: platforms/ros2/CMakeFiles/px4__rosidl_typesupport_introspection_cpp.dir/all] Error 2
gmake[2]: *** [platforms/ros2/CMakeFiles/px4__rosidl_typesupport_fastrtps_cpp.dir/build.make:1757: platforms/ros2/CMakeFiles/px4__rosidl_typesupport_fastrtps_cpp.dir/rosidl_typesupport_fastrtps_cpp/px4/msg/detail/dds_fastrtps/arming_check_reply__type_support.cpp.o] Error 1
[01m[Kcc1plus:[m[K [01;31m[Kfatal error: [m[K/home/inlab22/Documents/automated_planogram_compliance/simulations/build/px4/platforms/ros2/rosidl_typesupport_fastrtps_cpp/px4/msg/detail/dds_fastrtps/autotune_attitude_control_status__type_support.cpp: No such file or directory
compilation terminated.
gmake[2]: *** [platforms/ros2/CMakeFiles/px4__rosidl_typesupport_fastrtps_cpp.dir/build.make:1785: platforms/ros2/CMakeFiles/px4__rosidl_typesupport_fastrtps_cpp.dir/rosidl_typesupport_fastrtps_cpp/px4/msg/detail/dds_fastrtps/autotune_attitude_control_status__type_support.cpp.o] Error 1
[01m[Kcc1plus:[m[K [01;31m[Kfatal error: [m[K/home/inlab22/Documents/automated_planogram_compliance/simulations/build/px4/platforms/ros2/rosidl_typesupport_fastrtps_cpp/px4/msg/detail/dds_fastrtps/battery_status__type_support.cpp: No such file or directory
compilation terminated.
gmake[2]: *** [platforms/ros2/CMakeFiles/px4__rosidl_typesupport_fastrtps_cpp.dir/build.make:1799: platforms/ros2/CMakeFiles/px4__rosidl_typesupport_fastrtps_cpp.dir/rosidl_typesupport_fastrtps_cpp/px4/msg/detail/dds_fastrtps/battery_status__type_support.cpp.o] Error 1
gmake[1]: *** [CMakeFiles/Makefile2:6031: platforms/ros2/CMakeFiles/px4__rosidl_typesupport_fastrtps_cpp.dir/all] Error 2
gmake: *** [Makefile:166: all] Error 2
