[0.204s] Invoking command in '/home/inlab22/Documents/automated_planogram_compliance-1/simulations/build/px4': CMAKE_PREFIX_PATH=${CMAKE_PREFIX_PATH}:/opt/ros/humble PS1=(.venv) \[\e]0;\u@\h: \w\a\]${debian_chroot:+($debian_chroot)}\[\033[01;32m\]\u@\h\[\033[00m\]:\[\033[01;34m\]\w\[\033[00m\]\$ VIRTUAL_ENV_PROMPT=(.venv) /usr/bin/cmake --build /home/inlab22/Documents/automated_planogram_compliance-1/simulations/build/px4 -- -j24 -l24
[0.210s] [0mCMake Error: The current CMakeCache.txt directory /home/inlab22/Documents/automated_planogram_compliance-1/simulations/build/px4/CMakeCache.txt is different than the directory /home/inlab22/Documents/automated_planogram_compliance/simulations/build/px4 where CMakeCache.txt was created. This may result in binaries being created in the wrong place. If you are not sure, reedit the CMakeCache.txt[0m
[0.358s] -- Found PythonInterp: /home/inlab22/Documents/automated_planogram_compliance-1/.venv/bin/python3 (found suitable version "3.10.12", minimum required is "3") 
[0.387s] -- PX4 config file: /home/inlab22/Documents/automated_planogram_compliance/simulations/PX4-Autopilot/boards/px4/ros2/default.px4board
[0.558s] -- PLATFORM ros2
[0.558s] -- ROMFSROOT px4fmu_common
[0.570s] -- PX4 config: px4_ros2_default
[0.570s] -- PX4 platform: ros2
[0.625s] -- The CXX compiler identification is GNU 11.4.0
[0.632s] -- Detecting CXX compiler ABI info
[0.706s] -- Detecting CXX compiler ABI info - done
[0.712s] -- Check for working CXX compiler: /usr/bin/c++ - skipped
[0.712s] -- Detecting CXX compile features
[0.712s] -- Detecting CXX compile features - done
[0.715s] -- Found ament_cmake: 1.3.9 (/opt/ros/humble/share/ament_cmake/cmake)
[1.015s] -- Found Python3: /home/inlab22/Documents/automated_planogram_compliance-1/.venv/bin/python3 (found version "3.10.12") found components: Interpreter 
[1.087s] -- Found rclcpp: 16.0.9 (/opt/ros/humble/share/rclcpp/cmake)
[1.143s] -- Found rosidl_generator_c: 3.1.5 (/opt/ros/humble/share/rosidl_generator_c/cmake)
[1.148s] -- Found rosidl_adapter: 3.1.5 (/opt/ros/humble/share/rosidl_adapter/cmake)
[1.155s] -- Found rosidl_generator_cpp: 3.1.5 (/opt/ros/humble/share/rosidl_generator_cpp/cmake)
[1.168s] -- Using all available rosidl_typesupport_c: rosidl_typesupport_fastrtps_c;rosidl_typesupport_introspection_c
[1.186s] -- Using all available rosidl_typesupport_cpp: rosidl_typesupport_fastrtps_cpp;rosidl_typesupport_introspection_cpp
[1.247s] -- Found rmw_implementation_cmake: 6.1.2 (/opt/ros/humble/share/rmw_implementation_cmake/cmake)
[1.249s] -- Found rmw_fastrtps_cpp: 6.2.6 (/opt/ros/humble/share/rmw_fastrtps_cpp/cmake)
[1.359s] -- Found OpenSSL: /usr/lib/x86_64-linux-gnu/libcrypto.so (found version "3.0.2")  
[1.389s] -- Found FastRTPS: /opt/ros/humble/include  
[1.438s] -- Using RMW implementation 'rmw_fastrtps_cpp' as default
[1.448s] -- Looking for C++ include pthread.h
[1.538s] -- Looking for C++ include pthread.h - found
[1.538s] -- Performing Test CMAKE_HAVE_LIBC_PTHREAD
[1.619s] -- Performing Test CMAKE_HAVE_LIBC_PTHREAD - Success
[1.620s] -- Found Threads: TRUE  
[1.756s] -- Found rosidl_default_generators: 1.2.0 (/opt/ros/humble/share/rosidl_default_generators/cmake)
[1.810s] -- The C compiler identification is GNU 11.4.0
[1.822s] -- The ASM compiler identification is GNU
[1.824s] -- Found assembler: /usr/bin/cc
[1.827s] -- Detecting C compiler ABI info
[1.889s] -- Detecting C compiler ABI info - done
[1.902s] -- Check for working C compiler: /usr/bin/cc - skipped
[1.902s] -- Detecting C compile features
[1.903s] -- Detecting C compile features - done
[1.905s] -- cmake build type: RelWithDebInfo
[1.985s] [0mCMake Deprecation Warning at CMakeLists.txt:1 (cmake_minimum_required):
[1.985s]   Compatibility with CMake < 2.8.12 will be removed from a future version of
[1.985s]   CMake.
[1.985s] 
[1.985s]   Update the VERSION argument <min> value or use a ...<max> suffix to tell
[1.985s]   CMake that the project does not need compatibility with older versions.
[1.986s] 
[1.986s] [0m
[2.016s] -- Configuring done
[2.018s] -- Generating done
[2.018s] -- Build files have been written to: /home/inlab22/Documents/automated_planogram_compliance/simulations/build/px4/googletest-download
[2.036s] gmake[1]: Entering directory '/home/inlab22/Documents/automated_planogram_compliance/simulations/build/px4/googletest-download'
[2.056s] gmake[2]: Entering directory '/home/inlab22/Documents/automated_planogram_compliance/simulations/build/px4/googletest-download'
[2.058s] gmake[3]: Entering directory '/home/inlab22/Documents/automated_planogram_compliance/simulations/build/px4/googletest-download'
[2.071s] gmake[3]: Leaving directory '/home/inlab22/Documents/automated_planogram_compliance/simulations/build/px4/googletest-download'
[2.073s] gmake[3]: Entering directory '/home/inlab22/Documents/automated_planogram_compliance/simulations/build/px4/googletest-download'
[2.079s] [ 11%] [34m[1mCreating directories for 'googletest'[0m
[2.144s] [ 22%] [34m[1mPerforming download step (download, verify and extract) for 'googletest'[0m
[3.697s] -- googletest download command succeeded.  See also /home/inlab22/Documents/automated_planogram_compliance/simulations/build/px4/googletest-download/googletest-prefix/src/googletest-stamp/googletest-download-*.log
[3.722s] [ 33%] [34m[1mNo update step for 'googletest'[0m
[3.751s] [ 44%] [34m[1mNo patch step for 'googletest'[0m
[3.784s] [ 55%] [34m[1mNo configure step for 'googletest'[0m
[3.819s] [ 66%] [34m[1mNo build step for 'googletest'[0m
[3.855s] [ 77%] [34m[1mNo install step for 'googletest'[0m
[3.888s] [ 88%] [34m[1mNo test step for 'googletest'[0m
[3.914s] [100%] [34m[1mCompleted 'googletest'[0m
[3.935s] gmake[3]: Leaving directory '/home/inlab22/Documents/automated_planogram_compliance/simulations/build/px4/googletest-download'
[3.945s] [100%] Built target googletest
[3.946s] gmake[2]: Leaving directory '/home/inlab22/Documents/automated_planogram_compliance/simulations/build/px4/googletest-download'
[3.956s] gmake[1]: Leaving directory '/home/inlab22/Documents/automated_planogram_compliance/simulations/build/px4/googletest-download'
[4.292s] -- Found Python: /home/inlab22/Documents/automated_planogram_compliance-1/.venv/bin/python3.10 (found version "3.10.12") found components: Interpreter 
[4.556s] -- ROS_VERSION: 2
[4.557s] -- AMENT_PREFIX_PATH: /home/inlab22/Documents/automated_planogram_compliance-1/install/my_robot_description:/home/inlab22/Documents/automated_planogram_compliance-1/install/my_drone_simulation:/opt/ros/humble
[5.984s] -- Found ament_cmake_ros: 0.10.0 (/opt/ros/humble/share/ament_cmake_ros/cmake)
[6.449s] -- Using all available rosidl_typesupport_c: rosidl_typesupport_fastrtps_c;rosidl_typesupport_introspection_c
[6.616s] -- Using all available rosidl_typesupport_cpp: rosidl_typesupport_fastrtps_cpp;rosidl_typesupport_introspection_cpp
[6.641s] -- Found PythonInterp: /home/inlab22/Documents/automated_planogram_compliance-1/.venv/bin/python3 (found suitable version "3.10.12", minimum required is "3.6") 
[6.645s] -- Found python_cmake_module: 0.10.0 (/opt/ros/humble/share/python_cmake_module/cmake)
[6.674s] -- Found PythonLibs: /usr/lib/x86_64-linux-gnu/libpython3.10.so (found suitable version "3.10.12", minimum required is "3.5") 
[6.674s] -- Using PYTHON_EXECUTABLE: /home/inlab22/Documents/automated_planogram_compliance-1/.venv/bin/python3
[6.674s] -- Using PYTHON_INCLUDE_DIRS: /usr/include/python3.10
[6.674s] -- Using PYTHON_LIBRARIES: /usr/lib/x86_64-linux-gnu/libpython3.10.so
[6.699s] -- Found PythonExtra: .so  
[6.836s] [0mArchitecture:  amd64[0m
[6.837s] [0m==> CPACK_INSTALL_PREFIX = @DEB_INSTALL_PREFIX@[0m
[6.918s] -- Configuring done
[7.576s] -- Generating done
[7.595s] -- Build files have been written to: /home/inlab22/Documents/automated_planogram_compliance/simulations/build/px4
[7.675s] [  0%] Built target drivers_board
[7.680s] [  0%] Built target px4_layer
[7.689s] [  0%] Built target ament_cmake_python_copy_px4
[7.695s] [  0%] Built target px4__cpp
[7.715s] Traceback (most recent call last):
[7.715s]   File "/home/inlab22/Documents/automated_planogram_compliance/simulations/build/px4/platforms/ros2/ament_cmake_python/px4/setup.py", line 1, in <module>
[7.715s]     from setuptools import find_packages
[7.715s] ModuleNotFoundError: No module named 'setuptools'
[7.717s] [  0%] [32mBuilding C object platforms/ros2/CMakeFiles/px4__rosidl_generator_c.dir/rosidl_generator_c/px4/msg/detail/actuator_controls_status__functions.c.o[0m
[7.717s] [  0%] [32mBuilding C object platforms/ros2/CMakeFiles/px4__rosidl_generator_c.dir/rosidl_generator_c/px4/msg/detail/action_request__functions.c.o[0m
[7.717s] [  0%] [32mBuilding C object platforms/ros2/CMakeFiles/px4__rosidl_generator_c.dir/rosidl_generator_c/px4/msg/detail/actuator_servos__functions.c.o[0m
[7.717s] gmake[2]: *** [platforms/ros2/CMakeFiles/ament_cmake_python_build_px4_egg.dir/build.make:70: platforms/ros2/CMakeFiles/ament_cmake_python_build_px4_egg] Error 1
[7.718s] [  0%] [32mBuilding C object platforms/ros2/CMakeFiles/px4__rosidl_generator_c.dir/rosidl_generator_c/px4/msg/detail/actuator_motors__functions.c.o[0m
[7.718s] [  0%] [32mBuilding C object platforms/ros2/CMakeFiles/px4__rosidl_generator_c.dir/rosidl_generator_c/px4/msg/detail/actuator_outputs__functions.c.o[0m
[7.718s] [  0%] [32mBuilding C object platforms/ros2/CMakeFiles/px4__rosidl_generator_c.dir/rosidl_generator_c/px4/msg/detail/actuator_servos_trim__functions.c.o[0m
[7.718s] [  0%] [32mBuilding C object platforms/ros2/CMakeFiles/px4__rosidl_generator_c.dir/rosidl_generator_c/px4/msg/detail/actuator_armed__functions.c.o[0m
[7.719s] [  0%] [32mBuilding C object platforms/ros2/CMakeFiles/px4__rosidl_generator_c.dir/rosidl_generator_c/px4/msg/detail/airspeed__functions.c.o[0m
[7.719s] [  0%] [32mBuilding C object platforms/ros2/CMakeFiles/px4__rosidl_generator_c.dir/rosidl_generator_c/px4/msg/detail/airspeed_validated__functions.c.o[0m
[7.719s] gmake[1]: *** [CMakeFiles/Makefile2:6187: platforms/ros2/CMakeFiles/ament_cmake_python_build_px4_egg.dir/all] Error 2
[7.719s] gmake[1]: *** Waiting for unfinished jobs....
[7.720s] [  1%] [32mBuilding C object platforms/ros2/CMakeFiles/px4__rosidl_generator_c.dir/rosidl_generator_c/px4/msg/detail/arming_check_reply__functions.c.o[0m
[7.720s] [  1%] [32mBuilding C object platforms/ros2/CMakeFiles/px4__rosidl_generator_c.dir/rosidl_generator_c/px4/msg/detail/airspeed_wind__functions.c.o[0m
[7.720s] [  1%] [32mBuilding C object platforms/ros2/CMakeFiles/px4__rosidl_generator_c.dir/rosidl_generator_c/px4/msg/detail/actuator_test__functions.c.o[0m
[7.720s] [  1%] [32mBuilding C object platforms/ros2/CMakeFiles/px4__rosidl_generator_c.dir/rosidl_generator_c/px4/msg/detail/adc_report__functions.c.o[0m
[7.720s] [  1%] [32mBuilding C object platforms/ros2/CMakeFiles/px4__rosidl_generator_c.dir/rosidl_generator_c/px4/msg/detail/autotune_attitude_control_status__functions.c.o[0m
[7.720s] [  1%] [32mBuilding C object platforms/ros2/CMakeFiles/px4__rosidl_generator_c.dir/rosidl_generator_c/px4/msg/detail/buffer128__functions.c.o[0m
[7.720s] [  1%] [32mBuilding C object platforms/ros2/CMakeFiles/px4__rosidl_generator_c.dir/rosidl_generator_c/px4/msg/detail/arming_check_request__functions.c.o[0m
[7.721s] [  1%] [32mBuilding C object platforms/ros2/CMakeFiles/px4__rosidl_generator_c.dir/rosidl_generator_c/px4/msg/detail/camera_capture__functions.c.o[0m
[7.721s] [  1%] [32mBuilding C object platforms/ros2/CMakeFiles/px4__rosidl_generator_c.dir/rosidl_generator_c/px4/msg/detail/battery_status__functions.c.o[0m
[7.721s] [  1%] [32mBuilding C object platforms/ros2/CMakeFiles/px4__rosidl_generator_c.dir/rosidl_generator_c/px4/msg/detail/button_event__functions.c.o[0m
[7.722s] [  1%] [32mBuilding C object platforms/ros2/CMakeFiles/px4__rosidl_generator_c.dir/rosidl_generator_c/px4/msg/detail/camera_status__functions.c.o[0m
[7.725s] [01m[Kcc1:[m[K [01;31m[Kfatal error: [m[K/home/inlab22/Documents/automated_planogram_compliance/simulations/build/px4/platforms/ros2/rosidl_generator_c/px4/msg/detail/actuator_servos__functions.c: No such file or directory
[7.725s] [01m[Kcc1:[m[K [01;31m[Kfatal error: [m[K/home/inlab22/Documents/automated_planogram_compliance/simulations/build/px4/platforms/ros2/rosidl_generator_c/px4/msg/detail/actuator_controls_status__functions.c: No such file or directory
[7.725s] compilation terminated.
[7.725s] compilation terminated.
[7.725s] [01m[Kcc1:[m[K [01;31m[Kfatal error: [m[K/home/inlab22/Documents/automated_planogram_compliance/simulations/build/px4/platforms/ros2/rosidl_generator_c/px4/msg/detail/action_request__functions.c: No such file or directory
[7.725s] compilation terminated.
[7.725s] [01m[Kcc1:[m[K [01;31m[Kfatal error: [m[K/home/inlab22/Documents/automated_planogram_compliance/simulations/build/px4/platforms/ros2/rosidl_generator_c/px4/msg/detail/actuator_motors__functions.c: No such file or directory
[7.725s] compilation terminated.
[7.725s] [01m[Kcc1:[m[K [01;31m[Kfatal error: [m[K/home/inlab22/Documents/automated_planogram_compliance/simulations/build/px4/platforms/ros2/rosidl_generator_c/px4/msg/detail/actuator_armed__functions.c: No such file or directory
[7.725s] compilation terminated.
[7.725s] gmake[2]: *** [platforms/ros2/CMakeFiles/px4__rosidl_generator_c.dir/build.make:3557: platforms/ros2/CMakeFiles/px4__rosidl_generator_c.dir/rosidl_generator_c/px4/msg/detail/actuator_controls_status__functions.c.o] Error 1
[7.725s] gmake[2]: *** Waiting for unfinished jobs....
[7.726s] gmake[2]: *** [platforms/ros2/CMakeFiles/px4__rosidl_generator_c.dir/build.make:3599: platforms/ros2/CMakeFiles/px4__rosidl_generator_c.dir/rosidl_generator_c/px4/msg/detail/actuator_servos__functions.c.o] Error 1
[7.726s] gmake[2]: *** [platforms/ros2/CMakeFiles/px4__rosidl_generator_c.dir/build.make:3529: platforms/ros2/CMakeFiles/px4__rosidl_generator_c.dir/rosidl_generator_c/px4/msg/detail/action_request__functions.c.o] Error 1
[7.726s] [01m[Kcc1:[m[K [01;31m[Kfatal error: [m[K/home/inlab22/Documents/automated_planogram_compliance/simulations/build/px4/platforms/ros2/rosidl_generator_c/px4/msg/detail/actuator_outputs__functions.c: No such file or directory
[7.726s] compilation terminated.
[7.726s] gmake[2]: *** [platforms/ros2/CMakeFiles/px4__rosidl_generator_c.dir/build.make:3543: platforms/ros2/CMakeFiles/px4__rosidl_generator_c.dir/rosidl_generator_c/px4/msg/detail/actuator_armed__functions.c.o] Error 1
[7.726s] [01m[Kcc1:[m[K [01;31m[Kfatal error: [m[K/home/inlab22/Documents/automated_planogram_compliance/simulations/build/px4/platforms/ros2/rosidl_generator_c/px4/msg/detail/actuator_servos_trim__functions.c: No such file or directory
[7.726s] compilation terminated.
[7.726s] [01m[Kcc1:[m[K [01;31m[Kfatal error: [m[K/home/inlab22/Documents/automated_planogram_compliance/simulations/build/px4/platforms/ros2/rosidl_generator_c/px4/msg/detail/airspeed__functions.c: No such file or directory
[7.727s] compilation terminated.
[7.727s] [01m[Kcc1:[m[K [01;31m[Kfatal error: [m[K/home/inlab22/Documents/automated_planogram_compliance/simulations/build/px4/platforms/ros2/rosidl_generator_c/px4/msg/detail/airspeed_validated__functions.c: No such file or directory
[7.727s] compilation terminated.
[7.727s] gmake[2]: *** [platforms/ros2/CMakeFiles/px4__rosidl_generator_c.dir/build.make:3585: platforms/ros2/CMakeFiles/px4__rosidl_generator_c.dir/rosidl_generator_c/px4/msg/detail/actuator_outputs__functions.c.o] Error 1
[7.727s] gmake[2]: *** [platforms/ros2/CMakeFiles/px4__rosidl_generator_c.dir/build.make:3571: platforms/ros2/CMakeFiles/px4__rosidl_generator_c.dir/rosidl_generator_c/px4/msg/detail/actuator_motors__functions.c.o] Error 1
[7.727s] gmake[2]: *** [platforms/ros2/CMakeFiles/px4__rosidl_generator_c.dir/build.make:3613: platforms/ros2/CMakeFiles/px4__rosidl_generator_c.dir/rosidl_generator_c/px4/msg/detail/actuator_servos_trim__functions.c.o] Error 1
[7.727s] [01m[Kcc1:[m[K [01;31m[Kfatal error: [m[K/home/inlab22/Documents/automated_planogram_compliance/simulations/build/px4/platforms/ros2/rosidl_generator_c/px4/msg/detail/actuator_test__functions.c: No such file or directory
[7.727s] compilation terminated.
[7.727s] [01m[Kcc1:[m[K [01;31m[Kfatal error: [m[K/home/inlab22/Documents/automated_planogram_compliance/simulations/build/px4/platforms/ros2/rosidl_generator_c/px4/msg/detail/adc_report__functions.c: No such file or directory
[7.727s] compilation terminated.
[7.728s] gmake[2]: *** [platforms/ros2/CMakeFiles/px4__rosidl_generator_c.dir/build.make:3655: platforms/ros2/CMakeFiles/px4__rosidl_generator_c.dir/rosidl_generator_c/px4/msg/detail/airspeed__functions.c.o] Error 1
[7.728s] gmake[2]: *** [platforms/ros2/CMakeFiles/px4__rosidl_generator_c.dir/build.make:3669: platforms/ros2/CMakeFiles/px4__rosidl_generator_c.dir/rosidl_generator_c/px4/msg/detail/airspeed_validated__functions.c.o] Error 1
[7.728s] [01m[Kcc1:[m[K [01;31m[Kfatal error: [m[K/home/inlab22/Documents/automated_planogram_compliance/simulations/build/px4/platforms/ros2/rosidl_generator_c/px4/msg/detail/arming_check_reply__functions.c: No such file or directory
[7.728s] compilation terminated.
[7.728s] [01m[Kcc1:[m[K [01;31m[Kfatal error: [m[K/home/inlab22/Documents/automated_planogram_compliance/simulations/build/px4/platforms/ros2/rosidl_generator_c/px4/msg/detail/arming_check_request__functions.c: No such file or directory
[7.728s] compilation terminated.
[7.728s] [01m[Kcc1:[m[K [01;31m[Kfatal error: [m[K/home/inlab22/Documents/automated_planogram_compliance/simulations/build/px4/platforms/ros2/rosidl_generator_c/px4/msg/detail/airspeed_wind__functions.c: No such file or directory
[7.728s] gmake[2]: *** [platforms/ros2/CMakeFiles/px4__rosidl_generator_c.dir/build.make:3641: platforms/ros2/CMakeFiles/px4__rosidl_generator_c.dir/rosidl_generator_c/px4/msg/detail/adc_report__functions.c.o] Error 1
[7.728s] compilation terminated.
[7.728s] gmake[2]: *** [platforms/ros2/CMakeFiles/px4__rosidl_generator_c.dir/build.make:3627: platforms/ros2/CMakeFiles/px4__rosidl_generator_c.dir/rosidl_generator_c/px4/msg/detail/actuator_test__functions.c.o] Error 1
[7.729s] [01m[Kcc1:[m[K [01;31m[Kfatal error: [m[K/home/inlab22/Documents/automated_planogram_compliance/simulations/build/px4/platforms/ros2/rosidl_generator_c/px4/msg/detail/battery_status__functions.c: No such file or directory
[7.729s] [01m[Kcc1:[m[K [01;31m[Kfatal error: [m[K/home/inlab22/Documents/automated_planogram_compliance/simulations/build/px4/platforms/ros2/rosidl_generator_c/px4/msg/detail/buffer128__functions.c: No such file or directory
[7.729s] compilation terminated.
[7.729s] compilation terminated.
[7.729s] [01m[Kcc1:[m[K [01;31m[Kfatal error: [m[K/home/inlab22/Documents/automated_planogram_compliance/simulations/build/px4/platforms/ros2/rosidl_generator_c/px4/msg/detail/autotune_attitude_control_status__functions.c: No such file or directory
[7.729s] compilation terminated.
[7.729s] gmake[2]: *** [platforms/ros2/CMakeFiles/px4__rosidl_generator_c.dir/build.make:3711: platforms/ros2/CMakeFiles/px4__rosidl_generator_c.dir/rosidl_generator_c/px4/msg/detail/arming_check_request__functions.c.o] Error 1
[7.729s] gmake[2]: *** [platforms/ros2/CMakeFiles/px4__rosidl_generator_c.dir/build.make:3697: platforms/ros2/CMakeFiles/px4__rosidl_generator_c.dir/rosidl_generator_c/px4/msg/detail/arming_check_reply__functions.c.o] Error 1
[7.729s] gmake[2]: *** [platforms/ros2/CMakeFiles/px4__rosidl_generator_c.dir/build.make:3683: platforms/ros2/CMakeFiles/px4__rosidl_generator_c.dir/rosidl_generator_c/px4/msg/detail/airspeed_wind__functions.c.o] Error 1
[7.729s] [01m[Kcc1:[m[K [01;31m[Kfatal error: [m[K/home/inlab22/Documents/automated_planogram_compliance/simulations/build/px4/platforms/ros2/rosidl_generator_c/px4/msg/detail/camera_capture__functions.c: No such file or directory
[7.729s] compilation terminated.
[7.729s] [01m[Kcc1:[m[K [01;31m[Kfatal error: [m[K/home/inlab22/Documents/automated_planogram_compliance/simulations/build/px4/platforms/ros2/rosidl_generator_c/px4/msg/detail/button_event__functions.c: No such file or directory
[7.729s] compilation terminated.
[7.730s] gmake[2]: *** [platforms/ros2/CMakeFiles/px4__rosidl_generator_c.dir/build.make:3753: platforms/ros2/CMakeFiles/px4__rosidl_generator_c.dir/rosidl_generator_c/px4/msg/detail/buffer128__functions.c.o] Error 1
[7.730s] [01m[Kcc1:[m[K [01;31m[Kfatal error: [m[K/home/inlab22/Documents/automated_planogram_compliance/simulations/build/px4/platforms/ros2/rosidl_generator_c/px4/msg/detail/camera_status__functions.c: No such file or directory
[7.730s] compilation terminated.
[7.730s] gmake[2]: *** [platforms/ros2/CMakeFiles/px4__rosidl_generator_c.dir/build.make:3739: platforms/ros2/CMakeFiles/px4__rosidl_generator_c.dir/rosidl_generator_c/px4/msg/detail/battery_status__functions.c.o] Error 1
[7.730s] gmake[2]: *** [platforms/ros2/CMakeFiles/px4__rosidl_generator_c.dir/build.make:3725: platforms/ros2/CMakeFiles/px4__rosidl_generator_c.dir/rosidl_generator_c/px4/msg/detail/autotune_attitude_control_status__functions.c.o] Error 1
[7.730s] gmake[2]: *** [platforms/ros2/CMakeFiles/px4__rosidl_generator_c.dir/build.make:3781: platforms/ros2/CMakeFiles/px4__rosidl_generator_c.dir/rosidl_generator_c/px4/msg/detail/camera_capture__functions.c.o] Error 1
[7.730s] gmake[2]: *** [platforms/ros2/CMakeFiles/px4__rosidl_generator_c.dir/build.make:3767: platforms/ros2/CMakeFiles/px4__rosidl_generator_c.dir/rosidl_generator_c/px4/msg/detail/button_event__functions.c.o] Error 1
[7.731s] gmake[2]: *** [platforms/ros2/CMakeFiles/px4__rosidl_generator_c.dir/build.make:3795: platforms/ros2/CMakeFiles/px4__rosidl_generator_c.dir/rosidl_generator_c/px4/msg/detail/camera_status__functions.c.o] Error 1
[7.731s] gmake[1]: *** [CMakeFiles/Makefile2:5953: platforms/ros2/CMakeFiles/px4__rosidl_generator_c.dir/all] Error 2
[7.737s] [  1%] [32mBuilding CXX object platforms/ros2/CMakeFiles/px4__rosidl_typesupport_cpp.dir/rosidl_typesupport_cpp/px4/msg/action_request__type_support.cpp.o[0m
[7.737s] [  1%] [32mBuilding CXX object platforms/ros2/CMakeFiles/px4__rosidl_typesupport_cpp.dir/rosidl_typesupport_cpp/px4/msg/actuator_servos_trim__type_support.cpp.o[0m
[7.738s] [  1%] [32mBuilding CXX object platforms/ros2/CMakeFiles/px4__rosidl_typesupport_cpp.dir/rosidl_typesupport_cpp/px4/msg/actuator_motors__type_support.cpp.o[0m
[7.738s] [  1%] [32mBuilding CXX object platforms/ros2/CMakeFiles/px4__rosidl_typesupport_cpp.dir/rosidl_typesupport_cpp/px4/msg/actuator_test__type_support.cpp.o[0m
[7.738s] [  1%] [32mBuilding CXX object platforms/ros2/CMakeFiles/px4__rosidl_typesupport_cpp.dir/rosidl_typesupport_cpp/px4/msg/actuator_armed__type_support.cpp.o[0m
[7.738s] [  1%] [32mBuilding CXX object platforms/ros2/CMakeFiles/px4__rosidl_typesupport_cpp.dir/rosidl_typesupport_cpp/px4/msg/actuator_outputs__type_support.cpp.o[0m
[7.738s] [  1%] [32mBuilding CXX object platforms/ros2/CMakeFiles/px4__rosidl_typesupport_cpp.dir/rosidl_typesupport_cpp/px4/msg/actuator_servos__type_support.cpp.o[0m
[7.738s] [  1%] [32mBuilding CXX object platforms/ros2/CMakeFiles/px4__rosidl_typesupport_cpp.dir/rosidl_typesupport_cpp/px4/msg/airspeed__type_support.cpp.o[0m
[7.738s] [  1%] [32mBuilding CXX object platforms/ros2/CMakeFiles/px4__rosidl_typesupport_cpp.dir/rosidl_typesupport_cpp/px4/msg/actuator_controls_status__type_support.cpp.o[0m
[7.739s] [  1%] [32mBuilding CXX object platforms/ros2/CMakeFiles/px4__rosidl_typesupport_cpp.dir/rosidl_typesupport_cpp/px4/msg/airspeed_validated__type_support.cpp.o[0m
[7.739s] [  1%] [32mBuilding CXX object platforms/ros2/CMakeFiles/px4__rosidl_typesupport_cpp.dir/rosidl_typesupport_cpp/px4/msg/arming_check_reply__type_support.cpp.o[0m
[7.739s] [  2%] [32mBuilding CXX object platforms/ros2/CMakeFiles/px4__rosidl_typesupport_cpp.dir/rosidl_typesupport_cpp/px4/msg/arming_check_request__type_support.cpp.o[0m
[7.740s] [  2%] [32mBuilding CXX object platforms/ros2/CMakeFiles/px4__rosidl_typesupport_cpp.dir/rosidl_typesupport_cpp/px4/msg/adc_report__type_support.cpp.o[0m
[7.740s] [  2%] [32mBuilding CXX object platforms/ros2/CMakeFiles/px4__rosidl_typesupport_cpp.dir/rosidl_typesupport_cpp/px4/msg/battery_status__type_support.cpp.o[0m
[7.740s] [  2%] [32mBuilding CXX object platforms/ros2/CMakeFiles/px4__rosidl_typesupport_cpp.dir/rosidl_typesupport_cpp/px4/msg/buffer128__type_support.cpp.o[0m
[7.741s] [  2%] [32mBuilding CXX object platforms/ros2/CMakeFiles/px4__rosidl_typesupport_cpp.dir/rosidl_typesupport_cpp/px4/msg/airspeed_wind__type_support.cpp.o[0m
[7.741s] [  2%] [32mBuilding CXX object platforms/ros2/CMakeFiles/px4__rosidl_typesupport_cpp.dir/rosidl_typesupport_cpp/px4/msg/button_event__type_support.cpp.o[0m
[7.741s] [  2%] [32mBuilding CXX object platforms/ros2/CMakeFiles/px4__rosidl_typesupport_cpp.dir/rosidl_typesupport_cpp/px4/msg/autotune_attitude_control_status__type_support.cpp.o[0m
[7.741s] [  2%] [32mBuilding CXX object platforms/ros2/CMakeFiles/px4__rosidl_typesupport_cpp.dir/rosidl_typesupport_cpp/px4/msg/camera_capture__type_support.cpp.o[0m
[7.741s] [  2%] [32mBuilding CXX object platforms/ros2/CMakeFiles/px4__rosidl_typesupport_cpp.dir/rosidl_typesupport_cpp/px4/msg/can_interface_status__type_support.cpp.o[0m
[7.741s] [  2%] [32mBuilding CXX object platforms/ros2/CMakeFiles/px4__rosidl_typesupport_cpp.dir/rosidl_typesupport_cpp/px4/msg/camera_status__type_support.cpp.o[0m
[7.742s] [  2%] [32mBuilding CXX object platforms/ros2/CMakeFiles/px4__rosidl_typesupport_cpp.dir/rosidl_typesupport_cpp/px4/msg/camera_trigger__type_support.cpp.o[0m
[7.745s] [01m[Kcc1plus:[m[K [01;31m[Kfatal error: [m[K/home/inlab22/Documents/automated_planogram_compliance/simulations/build/px4/platforms/ros2/rosidl_typesupport_cpp/px4/msg/actuator_servos_trim__type_support.cpp: No such file or directory
[7.745s] [01m[Kcc1plus:[m[K [01;31m[Kfatal error: [m[K/home/inlab22/Documents/automated_planogram_compliance/simulations/build/px4/platforms/ros2/rosidl_typesupport_cpp/px4/msg/actuator_test__type_support.cpp: No such file or directory
[7.745s] [01m[Kcc1plus:[m[K [01;31m[Kfatal error: [m[K/home/inlab22/Documents/automated_planogram_compliance/simulations/build/px4/platforms/ros2/rosidl_typesupport_cpp/px4/msg/actuator_motors__type_support.cpp: No such file or directory
[7.745s] compilation terminated.
[7.745s] compilation terminated.
[7.745s] [01m[Kcc1plus:[m[K [01;31m[Kfatal error: [m[K/home/inlab22/Documents/automated_planogram_compliance/simulations/build/px4/platforms/ros2/rosidl_typesupport_cpp/px4/msg/actuator_outputs__type_support.cpp: No such file or directory
[7.745s] compilation terminated.
[7.746s] [01m[Kcc1plus:[m[K [01;31m[Kfatal error: [m[K/home/inlab22/Documents/automated_planogram_compliance/simulations/build/px4/platforms/ros2/rosidl_typesupport_cpp/px4/msg/actuator_armed__type_support.cpp: No such file or directory
[7.746s] compilation terminated.
[7.746s] compilation terminated.
[7.746s] [01m[Kcc1plus:[m[K [01;31m[Kfatal error: [m[K/home/inlab22/Documents/automated_planogram_compliance/simulations/build/px4/platforms/ros2/rosidl_typesupport_cpp/px4/msg/actuator_controls_status__type_support.cpp: No such file or directory
[7.746s] compilation terminated.
[7.746s] [01m[Kcc1plus:[m[K [01;31m[Kfatal error: [m[K/home/inlab22/Documents/automated_planogram_compliance/simulations/build/px4/platforms/ros2/rosidl_typesupport_cpp/px4/msg/actuator_servos__type_support.cpp: No such file or directory
[7.746s] compilation terminated.
[7.746s] [01m[Kcc1plus:[m[K [01;31m[Kfatal error: [m[K/home/inlab22/Documents/automated_planogram_compliance/simulations/build/px4/platforms/ros2/rosidl_typesupport_cpp/px4/msg/action_request__type_support.cpp: No such file or directory
[7.746s] compilation terminated.
[7.746s] gmake[2]: *** [platforms/ros2/CMakeFiles/px4__rosidl_typesupport_cpp.dir/build.make:984: platforms/ros2/CMakeFiles/px4__rosidl_typesupport_cpp.dir/rosidl_typesupport_cpp/px4/msg/actuator_motors__type_support.cpp.o] Error 1
[7.746s] gmake[2]: *** Waiting for unfinished jobs....
[7.747s] gmake[2]: *** [platforms/ros2/CMakeFiles/px4__rosidl_typesupport_cpp.dir/build.make:1040: platforms/ros2/CMakeFiles/px4__rosidl_typesupport_cpp.dir/rosidl_typesupport_cpp/px4/msg/actuator_test__type_support.cpp.o] Error 1
[7.747s] gmake[2]: *** [platforms/ros2/CMakeFiles/px4__rosidl_typesupport_cpp.dir/build.make:1026: platforms/ros2/CMakeFiles/px4__rosidl_typesupport_cpp.dir/rosidl_typesupport_cpp/px4/msg/actuator_servos_trim__type_support.cpp.o] Error 1
[7.747s] gmake[2]: *** [platforms/ros2/CMakeFiles/px4__rosidl_typesupport_cpp.dir/build.make:956: platforms/ros2/CMakeFiles/px4__rosidl_typesupport_cpp.dir/rosidl_typesupport_cpp/px4/msg/actuator_armed__type_support.cpp.o] Error 1
[7.747s] [01m[Kcc1plus:[m[K [01;31m[Kfatal error: [m[K/home/inlab22/Documents/automated_planogram_compliance/simulations/build/px4/platforms/ros2/rosidl_typesupport_cpp/px4/msg/adc_report__type_support.cpp: No such file or directory
[7.747s] compilation terminated.
[7.747s] gmake[2]: *** [platforms/ros2/CMakeFiles/px4__rosidl_typesupport_cpp.dir/build.make:970: platforms/ros2/CMakeFiles/px4__rosidl_typesupport_cpp.dir/rosidl_typesupport_cpp/px4/msg/actuator_controls_status__type_support.cpp.o] Error 1
[7.747s] [01m[Kcc1plus:[m[K [01;31m[Kfatal error: [m[K/home/inlab22/Documents/automated_planogram_compliance/simulations/build/px4/platforms/ros2/rosidl_typesupport_cpp/px4/msg/airspeed__type_support.cpp: No such file or directory
[7.747s] [01m[Kcc1plus:[m[K [01;31m[Kfatal error: [m[K/home/inlab22/Documents/automated_planogram_compliance/simulations/build/px4/platforms/ros2/rosidl_typesupport_cpp/px4/msg/airspeed_validated__type_support.cpp: No such file or directory
[7.747s] compilation terminated.
[7.747s] compilation terminated.
[7.748s] [01m[Kcc1plus:[m[K [01;31m[Kfatal error: [m[K/home/inlab22/Documents/automated_planogram_compliance/simulations/build/px4/platforms/ros2/rosidl_typesupport_cpp/px4/msg/arming_check_request__type_support.cpp: No such file or directory
[7.748s] gmake[2]: *** [platforms/ros2/CMakeFiles/px4__rosidl_typesupport_cpp.dir/build.make:998: platforms/ros2/CMakeFiles/px4__rosidl_typesupport_cpp.dir/rosidl_typesupport_cpp/px4/msg/actuator_outputs__type_support.cpp.o] Error 1
[7.748s] compilation terminated.
[7.748s] gmake[2]: *** [platforms/ros2/CMakeFiles/px4__rosidl_typesupport_cpp.dir/build.make:1012: platforms/ros2/CMakeFiles/px4__rosidl_typesupport_cpp.dir/rosidl_typesupport_cpp/px4/msg/actuator_servos__type_support.cpp.o] Error 1
[7.748s] gmake[2]: *** [platforms/ros2/CMakeFiles/px4__rosidl_typesupport_cpp.dir/build.make:942: platforms/ros2/CMakeFiles/px4__rosidl_typesupport_cpp.dir/rosidl_typesupport_cpp/px4/msg/action_request__type_support.cpp.o] Error 1
[7.748s] [01m[Kcc1plus:[m[K [01;31m[Kfatal error: [m[K/home/inlab22/Documents/automated_planogram_compliance/simulations/build/px4/platforms/ros2/rosidl_typesupport_cpp/px4/msg/arming_check_reply__type_support.cpp: No such file or directory
[7.748s] compilation terminated.
[7.748s] gmake[2]: *** [platforms/ros2/CMakeFiles/px4__rosidl_typesupport_cpp.dir/build.make:1054: platforms/ros2/CMakeFiles/px4__rosidl_typesupport_cpp.dir/rosidl_typesupport_cpp/px4/msg/adc_report__type_support.cpp.o] Error 1
[7.748s] gmake[2]: *** [platforms/ros2/CMakeFiles/px4__rosidl_typesupport_cpp.dir/build.make:1082: platforms/ros2/CMakeFiles/px4__rosidl_typesupport_cpp.dir/rosidl_typesupport_cpp/px4/msg/airspeed_validated__type_support.cpp.o] Error 1
[7.748s] [01m[Kcc1plus:[m[K [01;31m[Kfatal error: [m[K/home/inlab22/Documents/automated_planogram_compliance/simulations/build/px4/platforms/ros2/rosidl_typesupport_cpp/px4/msg/battery_status__type_support.cpp: No such file or directory
[7.748s] compilation terminated.
[7.749s] gmake[2]: *** [platforms/ros2/CMakeFiles/px4__rosidl_typesupport_cpp.dir/build.make:1068: platforms/ros2/CMakeFiles/px4__rosidl_typesupport_cpp.dir/rosidl_typesupport_cpp/px4/msg/airspeed__type_support.cpp.o] Error 1
[7.749s] gmake[2]: *** [platforms/ros2/CMakeFiles/px4__rosidl_typesupport_cpp.dir/build.make:1124: platforms/ros2/CMakeFiles/px4__rosidl_typesupport_cpp.dir/rosidl_typesupport_cpp/px4/msg/arming_check_request__type_support.cpp.o] Error 1
[7.749s] [01m[Kcc1plus:[m[K [01;31m[Kfatal error: [m[K/home/inlab22/Documents/automated_planogram_compliance/simulations/build/px4/platforms/ros2/rosidl_typesupport_cpp/px4/msg/airspeed_wind__type_support.cpp: No such file or directory
[7.749s] compilation terminated.
[7.749s] gmake[2]: *** [platforms/ros2/CMakeFiles/px4__rosidl_typesupport_cpp.dir/build.make:1110: platforms/ros2/CMakeFiles/px4__rosidl_typesupport_cpp.dir/rosidl_typesupport_cpp/px4/msg/arming_check_reply__type_support.cpp.o] Error 1
[7.749s] [01m[Kcc1plus:[m[K [01;31m[Kfatal error: [m[K/home/inlab22/Documents/automated_planogram_compliance/simulations/build/px4/platforms/ros2/rosidl_typesupport_cpp/px4/msg/button_event__type_support.cpp: No such file or directory
[7.749s] compilation terminated.
[7.749s] [01m[Kcc1plus:[m[K [01;31m[Kfatal error: [m[K/home/inlab22/Documents/automated_planogram_compliance/simulations/build/px4/platforms/ros2/rosidl_typesupport_cpp/px4/msg/buffer128__type_support.cpp: No such file or directory
[7.749s] compilation terminated.
[7.750s] [01m[Kcc1plus:[m[K [01;31m[Kfatal error: [m[K/home/inlab22/Documents/automated_planogram_compliance/simulations/build/px4/platforms/ros2/rosidl_typesupport_cpp/px4/msg/autotune_attitude_control_status__type_support.cpp: No such file or directory
[7.750s] compilation terminated.
[7.750s] [01m[Kcc1plus:[m[K [01;31m[Kfatal error: [m[K/home/inlab22/Documents/automated_planogram_compliance/simulations/build/px4/platforms/ros2/rosidl_typesupport_cpp/px4/msg/camera_capture__type_support.cpp: No such file or directory
[7.750s] compilation terminated.
[7.750s] gmake[2]: *** [platforms/ros2/CMakeFiles/px4__rosidl_typesupport_cpp.dir/build.make:1152: platforms/ros2/CMakeFiles/px4__rosidl_typesupport_cpp.dir/rosidl_typesupport_cpp/px4/msg/battery_status__type_support.cpp.o] Error 1
[7.750s] [  2%] [32mBuilding CXX object platforms/ros2/CMakeFiles/px4__rosidl_typesupport_introspection_cpp.dir/rosidl_typesupport_introspection_cpp/px4/msg/detail/action_request__type_support.cpp.o[0m
[7.750s] [01m[Kcc1plus:[m[K [01;31m[Kfatal error: [m[K/home/inlab22/Documents/automated_planogram_compliance/simulations/build/px4/platforms/ros2/rosidl_typesupport_cpp/px4/msg/camera_status__type_support.cpp: No such file or directory
[7.750s] compilation terminated.
[7.750s] gmake[2]: *** [platforms/ros2/CMakeFiles/px4__rosidl_typesupport_cpp.dir/build.make:1096: platforms/ros2/CMakeFiles/px4__rosidl_typesupport_cpp.dir/rosidl_typesupport_cpp/px4/msg/airspeed_wind__type_support.cpp.o] Error 1
[7.750s] gmake[2]: *** [platforms/ros2/CMakeFiles/px4__rosidl_typesupport_cpp.dir/build.make:1166: platforms/ros2/CMakeFiles/px4__rosidl_typesupport_cpp.dir/rosidl_typesupport_cpp/px4/msg/buffer128__type_support.cpp.o] Error 1
[7.751s] gmake[2]: *** [platforms/ros2/CMakeFiles/px4__rosidl_typesupport_cpp.dir/build.make:1138: platforms/ros2/CMakeFiles/px4__rosidl_typesupport_cpp.dir/rosidl_typesupport_cpp/px4/msg/autotune_attitude_control_status__type_support.cpp.o] Error 1
[7.751s] gmake[2]: *** [platforms/ros2/CMakeFiles/px4__rosidl_typesupport_cpp.dir/build.make:1180: platforms/ros2/CMakeFiles/px4__rosidl_typesupport_cpp.dir/rosidl_typesupport_cpp/px4/msg/button_event__type_support.cpp.o] Error 1
[7.751s] gmake[2]: *** [platforms/ros2/CMakeFiles/px4__rosidl_typesupport_cpp.dir/build.make:1194: platforms/ros2/CMakeFiles/px4__rosidl_typesupport_cpp.dir/rosidl_typesupport_cpp/px4/msg/camera_capture__type_support.cpp.o] Error 1
[7.751s] [01m[Kcc1plus:[m[K [01;31m[Kfatal error: [m[K/home/inlab22/Documents/automated_planogram_compliance/simulations/build/px4/platforms/ros2/rosidl_typesupport_cpp/px4/msg/camera_trigger__type_support.cpp: No such file or directory
[7.751s] compilation terminated.
[7.751s] gmake[2]: *** [platforms/ros2/CMakeFiles/px4__rosidl_typesupport_cpp.dir/build.make:1208: platforms/ros2/CMakeFiles/px4__rosidl_typesupport_cpp.dir/rosidl_typesupport_cpp/px4/msg/camera_status__type_support.cpp.o] Error 1
[7.751s] [01m[Kcc1plus:[m[K [01;31m[Kfatal error: [m[K/home/inlab22/Documents/automated_planogram_compliance/simulations/build/px4/platforms/ros2/rosidl_typesupport_cpp/px4/msg/can_interface_status__type_support.cpp: No such file or directory
[7.751s] compilation terminated.
[7.752s] gmake[2]: *** [platforms/ros2/CMakeFiles/px4__rosidl_typesupport_cpp.dir/build.make:1222: platforms/ros2/CMakeFiles/px4__rosidl_typesupport_cpp.dir/rosidl_typesupport_cpp/px4/msg/camera_trigger__type_support.cpp.o] Error 1
[7.753s] gmake[2]: *** [platforms/ros2/CMakeFiles/px4__rosidl_typesupport_cpp.dir/build.make:1236: platforms/ros2/CMakeFiles/px4__rosidl_typesupport_cpp.dir/rosidl_typesupport_cpp/px4/msg/can_interface_status__type_support.cpp.o] Error 1
[7.753s] gmake[1]: *** [CMakeFiles/Makefile2:6135: platforms/ros2/CMakeFiles/px4__rosidl_typesupport_cpp.dir/all] Error 2
[7.754s] [  2%] [32mBuilding CXX object platforms/ros2/CMakeFiles/px4__rosidl_typesupport_fastrtps_cpp.dir/rosidl_typesupport_fastrtps_cpp/px4/msg/detail/dds_fastrtps/action_request__type_support.cpp.o[0m
[7.755s] [  2%] [32mBuilding CXX object platforms/ros2/CMakeFiles/px4__rosidl_typesupport_fastrtps_cpp.dir/rosidl_typesupport_fastrtps_cpp/px4/msg/detail/dds_fastrtps/actuator_armed__type_support.cpp.o[0m
[7.756s] [  2%] [32mBuilding CXX object platforms/ros2/CMakeFiles/px4__rosidl_typesupport_introspection_cpp.dir/rosidl_typesupport_introspection_cpp/px4/msg/detail/actuator_controls_status__type_support.cpp.o[0m
[7.756s] [  2%] [32mBuilding CXX object platforms/ros2/CMakeFiles/px4__rosidl_typesupport_fastrtps_cpp.dir/rosidl_typesupport_fastrtps_cpp/px4/msg/detail/dds_fastrtps/actuator_controls_status__type_support.cpp.o[0m
[7.756s] [  2%] [32mBuilding CXX object platforms/ros2/CMakeFiles/px4__rosidl_typesupport_fastrtps_cpp.dir/rosidl_typesupport_fastrtps_cpp/px4/msg/detail/dds_fastrtps/actuator_motors__type_support.cpp.o[0m
[7.756s] [  2%] [32mBuilding CXX object platforms/ros2/CMakeFiles/px4__rosidl_typesupport_introspection_cpp.dir/rosidl_typesupport_introspection_cpp/px4/msg/detail/actuator_armed__type_support.cpp.o[0m
[7.757s] [  2%] [32mBuilding CXX object platforms/ros2/CMakeFiles/px4__rosidl_typesupport_fastrtps_cpp.dir/rosidl_typesupport_fastrtps_cpp/px4/msg/detail/dds_fastrtps/actuator_outputs__type_support.cpp.o[0m
[7.757s] [  2%] [32mBuilding CXX object platforms/ros2/CMakeFiles/px4__rosidl_typesupport_introspection_cpp.dir/rosidl_typesupport_introspection_cpp/px4/msg/detail/actuator_servos__type_support.cpp.o[0m
[7.757s] [01m[Kcc1plus:[m[K [01;31m[Kfatal error: [m[K/home/inlab22/Documents/automated_planogram_compliance/simulations/build/px4/platforms/ros2/rosidl_typesupport_introspection_cpp/px4/msg/detail/action_request__type_support.cpp: No such file or directory
[7.758s] compilation terminated.
[7.758s] [  2%] [32mBuilding CXX object platforms/ros2/CMakeFiles/px4__rosidl_typesupport_fastrtps_cpp.dir/rosidl_typesupport_fastrtps_cpp/px4/msg/detail/dds_fastrtps/actuator_servos__type_support.cpp.o[0m
[7.758s] [  2%] [32mBuilding CXX object platforms/ros2/CMakeFiles/px4__rosidl_typesupport_fastrtps_cpp.dir/rosidl_typesupport_fastrtps_cpp/px4/msg/detail/dds_fastrtps/actuator_test__type_support.cpp.o[0m
[7.758s] [  2%] [32mBuilding CXX object platforms/ros2/CMakeFiles/px4__rosidl_typesupport_fastrtps_cpp.dir/rosidl_typesupport_fastrtps_cpp/px4/msg/detail/dds_fastrtps/adc_report__type_support.cpp.o[0m
[7.759s] [  2%] [32mBuilding CXX object platforms/ros2/CMakeFiles/px4__rosidl_typesupport_introspection_cpp.dir/rosidl_typesupport_introspection_cpp/px4/msg/detail/actuator_motors__type_support.cpp.o[0m
[7.760s] [  2%] [32mBuilding CXX object platforms/ros2/CMakeFiles/px4__rosidl_typesupport_introspection_cpp.dir/rosidl_typesupport_introspection_cpp/px4/msg/detail/actuator_outputs__type_support.cpp.o[0m
[7.760s] [  2%] [32mBuilding CXX object platforms/ros2/CMakeFiles/px4__rosidl_typesupport_introspection_cpp.dir/rosidl_typesupport_introspection_cpp/px4/msg/detail/actuator_servos_trim__type_support.cpp.o[0m
[7.760s] [  2%] [32mBuilding CXX object platforms/ros2/CMakeFiles/px4__rosidl_typesupport_fastrtps_cpp.dir/rosidl_typesupport_fastrtps_cpp/px4/msg/detail/dds_fastrtps/actuator_servos_trim__type_support.cpp.o[0m
[7.760s] gmake[2]: *** [platforms/ros2/CMakeFiles/px4__rosidl_typesupport_introspection_cpp.dir/build.make:1589: platforms/ros2/CMakeFiles/px4__rosidl_typesupport_introspection_cpp.dir/rosidl_typesupport_introspection_cpp/px4/msg/detail/action_request__type_support.cpp.o] Error 1
[7.760s] gmake[2]: *** Waiting for unfinished jobs....
[7.760s] [  2%] [32mBuilding CXX object platforms/ros2/CMakeFiles/px4__rosidl_typesupport_fastrtps_cpp.dir/rosidl_typesupport_fastrtps_cpp/px4/msg/detail/dds_fastrtps/airspeed__type_support.cpp.o[0m
[7.760s] [  2%] [32mBuilding CXX object platforms/ros2/CMakeFiles/px4__rosidl_typesupport_fastrtps_cpp.dir/rosidl_typesupport_fastrtps_cpp/px4/msg/detail/dds_fastrtps/airspeed_validated__type_support.cpp.o[0m
[7.760s] [  2%] [32mBuilding CXX object platforms/ros2/CMakeFiles/px4__rosidl_typesupport_introspection_cpp.dir/rosidl_typesupport_introspection_cpp/px4/msg/detail/adc_report__type_support.cpp.o[0m
[7.761s] [  4%] [32mBuilding CXX object platforms/ros2/CMakeFiles/px4__rosidl_typesupport_fastrtps_cpp.dir/rosidl_typesupport_fastrtps_cpp/px4/msg/detail/dds_fastrtps/airspeed_wind__type_support.cpp.o[0m
[7.761s] [  4%] [32mBuilding CXX object platforms/ros2/CMakeFiles/px4__rosidl_typesupport_introspection_cpp.dir/rosidl_typesupport_introspection_cpp/px4/msg/detail/actuator_test__type_support.cpp.o[0m
[7.761s] [  4%] [32mBuilding CXX object platforms/ros2/CMakeFiles/px4__rosidl_typesupport_fastrtps_cpp.dir/rosidl_typesupport_fastrtps_cpp/px4/msg/detail/dds_fastrtps/arming_check_request__type_support.cpp.o[0m
[7.762s] [  4%] [32mBuilding CXX object platforms/ros2/CMakeFiles/px4__rosidl_typesupport_fastrtps_cpp.dir/rosidl_typesupport_fastrtps_cpp/px4/msg/detail/dds_fastrtps/arming_check_reply__type_support.cpp.o[0m
[7.763s] [01m[Kcc1plus:[m[K [01;31m[Kfatal error: [m[K/home/inlab22/Documents/automated_planogram_compliance/simulations/build/px4/platforms/ros2/rosidl_typesupport_fastrtps_cpp/px4/msg/detail/dds_fastrtps/action_request__type_support.cpp: No such file or directory
[7.763s] [01m[Kcc1plus:[m[K [01;31m[Kfatal error: [m[K/home/inlab22/Documents/automated_planogram_compliance/simulations/build/px4/platforms/ros2/rosidl_typesupport_fastrtps_cpp/px4/msg/detail/dds_fastrtps/actuator_armed__type_support.cpp: No such file or directory
[7.763s] compilation terminated.
[7.763s] compilation terminated.
[7.764s] [01m[Kcc1plus:[m[K [01;31m[Kfatal error: [m[K/home/inlab22/Documents/automated_planogram_compliance/simulations/build/px4/platforms/ros2/rosidl_typesupport_introspection_cpp/px4/msg/detail/actuator_armed__type_support.cpp: No such file or directory
[7.764s] compilation terminated.
[7.764s] gmake[2]: *** [platforms/ros2/CMakeFiles/px4__rosidl_typesupport_fastrtps_cpp.dir/build.make:1603: platforms/ros2/CMakeFiles/px4__rosidl_typesupport_fastrtps_cpp.dir/rosidl_typesupport_fastrtps_cpp/px4/msg/detail/dds_fastrtps/actuator_armed__type_support.cpp.o] Error 1
[7.764s] gmake[2]: *** Waiting for unfinished jobs....
[7.764s] [01m[Kcc1plus:[m[K [01;31m[Kfatal error: [m[K/home/inlab22/Documents/automated_planogram_compliance/simulations/build/px4/platforms/ros2/rosidl_typesupport_fastrtps_cpp/px4/msg/detail/dds_fastrtps/actuator_controls_status__type_support.cpp: No such file or directory
[7.764s] gmake[2]: *** [platforms/ros2/CMakeFiles/px4__rosidl_typesupport_fastrtps_cpp.dir/build.make:1589: platforms/ros2/CMakeFiles/px4__rosidl_typesupport_fastrtps_cpp.dir/rosidl_typesupport_fastrtps_cpp/px4/msg/detail/dds_fastrtps/action_request__type_support.cpp.o] Error 1
[7.765s] compilation terminated.
[7.765s] [01m[Kcc1plus:[m[K [01;31m[Kfatal error: [m[K/home/inlab22/Documents/automated_planogram_compliance/simulations/build/px4/platforms/ros2/rosidl_typesupport_introspection_cpp/px4/msg/detail/actuator_controls_status__type_support.cpp: No such file or directory
[7.765s] compilation terminated.
[7.765s] gmake[2]: *** [platforms/ros2/CMakeFiles/px4__rosidl_typesupport_introspection_cpp.dir/build.make:1603: platforms/ros2/CMakeFiles/px4__rosidl_typesupport_introspection_cpp.dir/rosidl_typesupport_introspection_cpp/px4/msg/detail/actuator_armed__type_support.cpp.o] Error 1
[7.765s] [01m[Kcc1plus:[m[K [01;31m[Kfatal error: [m[K/home/inlab22/Documents/automated_planogram_compliance/simulations/build/px4/platforms/ros2/rosidl_typesupport_introspection_cpp/px4/msg/detail/actuator_servos__type_support.cpp: No such file or directory
[7.765s] compilation terminated.
[7.765s] [01m[Kcc1plus:[m[K [01;31m[Kfatal error: [m[K/home/inlab22/Documents/automated_planogram_compliance/simulations/build/px4/platforms/ros2/rosidl_typesupport_fastrtps_cpp/px4/msg/detail/dds_fastrtps/actuator_servos__type_support.cpp: No such file or directory
[7.765s] compilation terminated.
[7.765s] [  4%] [32mBuilding CXX object platforms/ros2/CMakeFiles/px4__rosidl_typesupport_fastrtps_cpp.dir/rosidl_typesupport_fastrtps_cpp/px4/msg/detail/dds_fastrtps/autotune_attitude_control_status__type_support.cpp.o[0m
[7.765s] [01m[Kcc1plus:[m[K [01;31m[Kfatal error: [m[K/home/inlab22/Documents/automated_planogram_compliance/simulations/build/px4/platforms/ros2/rosidl_typesupport_fastrtps_cpp/px4/msg/detail/dds_fastrtps/actuator_motors__type_support.cpp: No such file or directory
[7.766s] compilation terminated.
[7.766s] [01m[Kcc1plus:[m[K [01;31m[Kfatal error: [m[K/home/inlab22/Documents/automated_planogram_compliance/simulations/build/px4/platforms/ros2/rosidl_typesupport_fastrtps_cpp/px4/msg/detail/dds_fastrtps/actuator_outputs__type_support.cpp: No such file or directory
[7.766s] compilation terminated.
[7.766s] gmake[2]: *** [platforms/ros2/CMakeFiles/px4__rosidl_typesupport_fastrtps_cpp.dir/build.make:1617: platforms/ros2/CMakeFiles/px4__rosidl_typesupport_fastrtps_cpp.dir/rosidl_typesupport_fastrtps_cpp/px4/msg/detail/dds_fastrtps/actuator_controls_status__type_support.cpp.o] Error 1
[7.766s] gmake[2]: *** [platforms/ros2/CMakeFiles/px4__rosidl_typesupport_introspection_cpp.dir/build.make:1617: platforms/ros2/CMakeFiles/px4__rosidl_typesupport_introspection_cpp.dir/rosidl_typesupport_introspection_cpp/px4/msg/detail/actuator_controls_status__type_support.cpp.o] Error 1
[7.766s] gmake[2]: *** [platforms/ros2/CMakeFiles/px4__rosidl_typesupport_fastrtps_cpp.dir/build.make:1659: platforms/ros2/CMakeFiles/px4__rosidl_typesupport_fastrtps_cpp.dir/rosidl_typesupport_fastrtps_cpp/px4/msg/detail/dds_fastrtps/actuator_servos__type_support.cpp.o] Error 1
[7.766s] gmake[2]: *** [platforms/ros2/CMakeFiles/px4__rosidl_typesupport_introspection_cpp.dir/build.make:1659: platforms/ros2/CMakeFiles/px4__rosidl_typesupport_introspection_cpp.dir/rosidl_typesupport_introspection_cpp/px4/msg/detail/actuator_servos__type_support.cpp.o] Error 1
[7.766s] [01m[Kcc1plus:[m[K [01;31m[Kfatal error: [m[K/home/inlab22/Documents/automated_planogram_compliance/simulations/build/px4/platforms/ros2/rosidl_typesupport_fastrtps_cpp/px4/msg/detail/dds_fastrtps/adc_report__type_support.cpp: No such file or directory
[7.766s] compilation terminated.
[7.766s] gmake[2]: *** [platforms/ros2/CMakeFiles/px4__rosidl_typesupport_fastrtps_cpp.dir/build.make:1631: platforms/ros2/CMakeFiles/px4__rosidl_typesupport_fastrtps_cpp.dir/rosidl_typesupport_fastrtps_cpp/px4/msg/detail/dds_fastrtps/actuator_motors__type_support.cpp.o] Error 1
[7.766s] [01m[Kcc1plus:[m[K [01;31m[Kfatal error: [m[K/home/inlab22/Documents/automated_planogram_compliance/simulations/build/px4/platforms/ros2/rosidl_typesupport_introspection_cpp/px4/msg/detail/actuator_outputs__type_support.cpp: No such file or directory
[7.766s] compilation terminated.
[7.766s] [01m[Kcc1plus:[m[K [01;31m[Kfatal error: [m[K/home/inlab22/Documents/automated_planogram_compliance/simulations/build/px4/platforms/ros2/rosidl_typesupport_fastrtps_cpp/px4/msg/detail/dds_fastrtps/actuator_servos_trim__type_support.cpp: No such file or directory
[7.766s] compilation terminated.
[7.766s] gmake[2]: *** [platforms/ros2/CMakeFiles/px4__rosidl_typesupport_fastrtps_cpp.dir/build.make:1645: platforms/ros2/CMakeFiles/px4__rosidl_typesupport_fastrtps_cpp.dir/rosidl_typesupport_fastrtps_cpp/px4/msg/detail/dds_fastrtps/actuator_outputs__type_support.cpp.o] Error 1
[7.767s] [01m[Kcc1plus:[m[K [01;31m[Kfatal error: [m[K/home/inlab22/Documents/automated_planogram_compliance/simulations/build/px4/platforms/ros2/rosidl_typesupport_fastrtps_cpp/px4/msg/detail/dds_fastrtps/airspeed__type_support.cpp: No such file or directory
[7.767s] compilation terminated.
[7.767s] [01m[Kcc1plus:[m[K [01;31m[Kfatal error: [m[K/home/inlab22/Documents/automated_planogram_compliance/simulations/build/px4/platforms/ros2/rosidl_typesupport_introspection_cpp/px4/msg/detail/actuator_servos_trim__type_support.cpp: No such file or directory
[7.767s] compilation terminated.
[7.767s] [01m[Kcc1plus:[m[K [01;31m[Kfatal error: [m[K/home/inlab22/Documents/automated_planogram_compliance/simulations/build/px4/platforms/ros2/rosidl_typesupport_introspection_cpp/px4/msg/detail/actuator_motors__type_support.cpp: No such file or directory
[7.767s] compilation terminated.
[7.767s] gmake[2]: *** [platforms/ros2/CMakeFiles/px4__rosidl_typesupport_introspection_cpp.dir/build.make:1645: platforms/ros2/CMakeFiles/px4__rosidl_typesupport_introspection_cpp.dir/rosidl_typesupport_introspection_cpp/px4/msg/detail/actuator_outputs__type_support.cpp.o] Error 1
[7.767s] gmake[2]: *** [platforms/ros2/CMakeFiles/px4__rosidl_typesupport_fastrtps_cpp.dir/build.make:1701: platforms/ros2/CMakeFiles/px4__rosidl_typesupport_fastrtps_cpp.dir/rosidl_typesupport_fastrtps_cpp/px4/msg/detail/dds_fastrtps/adc_report__type_support.cpp.o] Error 1
[7.768s] gmake[2]: *** [platforms/ros2/CMakeFiles/px4__rosidl_typesupport_fastrtps_cpp.dir/build.make:1673: platforms/ros2/CMakeFiles/px4__rosidl_typesupport_fastrtps_cpp.dir/rosidl_typesupport_fastrtps_cpp/px4/msg/detail/dds_fastrtps/actuator_servos_trim__type_support.cpp.o] Error 1
[7.768s] [01m[Kcc1plus:[m[K [01;31m[Kfatal error: [m[K/home/inlab22/Documents/automated_planogram_compliance/simulations/build/px4/platforms/ros2/rosidl_typesupport_fastrtps_cpp/px4/msg/detail/dds_fastrtps/actuator_test__type_support.cpp: No such file or directory
[7.768s] [01m[Kcc1plus:[m[K [01;31m[Kfatal error: [m[K/home/inlab22/Documents/automated_planogram_compliance/simulations/build/px4/platforms/ros2/rosidl_typesupport_fastrtps_cpp/px4/msg/detail/dds_fastrtps/airspeed_validated__type_support.cpp: No such file or directory
[7.768s] compilation terminated.
[7.768s] compilation terminated.
[7.768s] [01m[Kcc1plus:[m[K [01;31m[Kfatal error: [m[K/home/inlab22/Documents/automated_planogram_compliance/simulations/build/px4/platforms/ros2/rosidl_typesupport_introspection_cpp/px4/msg/detail/adc_report__type_support.cpp: No such file or directory
[7.768s] compilation terminated.
[7.768s] [01m[Kcc1plus:[m[K [01;31m[Kfatal error: [m[K/home/inlab22/Documents/automated_planogram_compliance/simulations/build/px4/platforms/ros2/rosidl_typesupport_fastrtps_cpp/px4/msg/detail/dds_fastrtps/airspeed_wind__type_support.cpp: No such file or directory
[7.768s] compilation terminated.
[7.768s] gmake[2]: *** [platforms/ros2/CMakeFiles/px4__rosidl_typesupport_introspection_cpp.dir/build.make:1673: platforms/ros2/CMakeFiles/px4__rosidl_typesupport_introspection_cpp.dir/rosidl_typesupport_introspection_cpp/px4/msg/detail/actuator_servos_trim__type_support.cpp.o] Error 1
[7.768s] gmake[2]: *** [platforms/ros2/CMakeFiles/px4__rosidl_typesupport_fastrtps_cpp.dir/build.make:1715: platforms/ros2/CMakeFiles/px4__rosidl_typesupport_fastrtps_cpp.dir/rosidl_typesupport_fastrtps_cpp/px4/msg/detail/dds_fastrtps/airspeed__type_support.cpp.o] Error 1
[7.769s] gmake[2]: *** [platforms/ros2/CMakeFiles/px4__rosidl_typesupport_introspection_cpp.dir/build.make:1631: platforms/ros2/CMakeFiles/px4__rosidl_typesupport_introspection_cpp.dir/rosidl_typesupport_introspection_cpp/px4/msg/detail/actuator_motors__type_support.cpp.o] Error 1
[7.769s] [01m[Kcc1plus:[m[K [01;31m[Kfatal error: [m[K/home/inlab22/Documents/automated_planogram_compliance/simulations/build/px4/platforms/ros2/rosidl_typesupport_fastrtps_cpp/px4/msg/detail/dds_fastrtps/arming_check_request__type_support.cpp: No such file or directory
[7.769s] compilation terminated.
[7.769s] [01m[Kcc1plus:[m[K [01;31m[Kfatal error: [m[K/home/inlab22/Documents/automated_planogram_compliance/simulations/build/px4/platforms/ros2/rosidl_typesupport_introspection_cpp/px4/msg/detail/actuator_test__type_support.cpp: No such file or directory
[7.769s] compilation terminated.
[7.769s] gmake[2]: *** [platforms/ros2/CMakeFiles/px4__rosidl_typesupport_introspection_cpp.dir/build.make:1701: platforms/ros2/CMakeFiles/px4__rosidl_typesupport_introspection_cpp.dir/rosidl_typesupport_introspection_cpp/px4/msg/detail/adc_report__type_support.cpp.o] Error 1
[7.769s] gmake[2]: *** [platforms/ros2/CMakeFiles/px4__rosidl_typesupport_fastrtps_cpp.dir/build.make:1687: platforms/ros2/CMakeFiles/px4__rosidl_typesupport_fastrtps_cpp.dir/rosidl_typesupport_fastrtps_cpp/px4/msg/detail/dds_fastrtps/actuator_test__type_support.cpp.o] Error 1
[7.769s] gmake[2]: *** [platforms/ros2/CMakeFiles/px4__rosidl_typesupport_fastrtps_cpp.dir/build.make:1729: platforms/ros2/CMakeFiles/px4__rosidl_typesupport_fastrtps_cpp.dir/rosidl_typesupport_fastrtps_cpp/px4/msg/detail/dds_fastrtps/airspeed_validated__type_support.cpp.o] Error 1
[7.769s] gmake[2]: *** [platforms/ros2/CMakeFiles/px4__rosidl_typesupport_fastrtps_cpp.dir/build.make:1743: platforms/ros2/CMakeFiles/px4__rosidl_typesupport_fastrtps_cpp.dir/rosidl_typesupport_fastrtps_cpp/px4/msg/detail/dds_fastrtps/airspeed_wind__type_support.cpp.o] Error 1
[7.769s] [  4%] [32mBuilding CXX object platforms/ros2/CMakeFiles/px4__rosidl_typesupport_fastrtps_cpp.dir/rosidl_typesupport_fastrtps_cpp/px4/msg/detail/dds_fastrtps/battery_status__type_support.cpp.o[0m
[7.770s] gmake[2]: *** [platforms/ros2/CMakeFiles/px4__rosidl_typesupport_fastrtps_cpp.dir/build.make:1771: platforms/ros2/CMakeFiles/px4__rosidl_typesupport_fastrtps_cpp.dir/rosidl_typesupport_fastrtps_cpp/px4/msg/detail/dds_fastrtps/arming_check_request__type_support.cpp.o] Error 1
[7.770s] gmake[2]: *** [platforms/ros2/CMakeFiles/px4__rosidl_typesupport_introspection_cpp.dir/build.make:1687: platforms/ros2/CMakeFiles/px4__rosidl_typesupport_introspection_cpp.dir/rosidl_typesupport_introspection_cpp/px4/msg/detail/actuator_test__type_support.cpp.o] Error 1
[7.770s] [01m[Kcc1plus:[m[K [01;31m[Kfatal error: [m[K/home/inlab22/Documents/automated_planogram_compliance/simulations/build/px4/platforms/ros2/rosidl_typesupport_fastrtps_cpp/px4/msg/detail/dds_fastrtps/arming_check_reply__type_support.cpp: No such file or directory
[7.770s] compilation terminated.
[7.770s] gmake[1]: *** [CMakeFiles/Makefile2:6109: platforms/ros2/CMakeFiles/px4__rosidl_typesupport_introspection_cpp.dir/all] Error 2
[7.770s] gmake[2]: *** [platforms/ros2/CMakeFiles/px4__rosidl_typesupport_fastrtps_cpp.dir/build.make:1757: platforms/ros2/CMakeFiles/px4__rosidl_typesupport_fastrtps_cpp.dir/rosidl_typesupport_fastrtps_cpp/px4/msg/detail/dds_fastrtps/arming_check_reply__type_support.cpp.o] Error 1
[7.772s] [01m[Kcc1plus:[m[K [01;31m[Kfatal error: [m[K/home/inlab22/Documents/automated_planogram_compliance/simulations/build/px4/platforms/ros2/rosidl_typesupport_fastrtps_cpp/px4/msg/detail/dds_fastrtps/autotune_attitude_control_status__type_support.cpp: No such file or directory
[7.772s] compilation terminated.
[7.773s] gmake[2]: *** [platforms/ros2/CMakeFiles/px4__rosidl_typesupport_fastrtps_cpp.dir/build.make:1785: platforms/ros2/CMakeFiles/px4__rosidl_typesupport_fastrtps_cpp.dir/rosidl_typesupport_fastrtps_cpp/px4/msg/detail/dds_fastrtps/autotune_attitude_control_status__type_support.cpp.o] Error 1
[7.774s] [01m[Kcc1plus:[m[K [01;31m[Kfatal error: [m[K/home/inlab22/Documents/automated_planogram_compliance/simulations/build/px4/platforms/ros2/rosidl_typesupport_fastrtps_cpp/px4/msg/detail/dds_fastrtps/battery_status__type_support.cpp: No such file or directory
[7.775s] compilation terminated.
[7.775s] gmake[2]: *** [platforms/ros2/CMakeFiles/px4__rosidl_typesupport_fastrtps_cpp.dir/build.make:1799: platforms/ros2/CMakeFiles/px4__rosidl_typesupport_fastrtps_cpp.dir/rosidl_typesupport_fastrtps_cpp/px4/msg/detail/dds_fastrtps/battery_status__type_support.cpp.o] Error 1
[7.776s] gmake[1]: *** [CMakeFiles/Makefile2:6031: platforms/ros2/CMakeFiles/px4__rosidl_typesupport_fastrtps_cpp.dir/all] Error 2
[7.776s] gmake: *** [Makefile:166: all] Error 2
